2024-03-31 05:09:35.571 [info] Extension host with pid 22139 started
2024-03-31 05:09:35.571 [info] Skipping acquiring lock for /home/cj/.config/VSCodium/User/workspaceStorage/a2f444110d9fc776ed76325f41cda10a.
2024-03-31 05:09:35.614 [info] ExtensionService#_doActivateExtension vscode.emmet, startup: false, activationEvent: 'onLanguage'
2024-03-31 05:09:35.618 [info] ExtensionService#_doActivateExtension mads-hartmann.bash-ide-vscode, startup: false, activationEvent: 'onLanguage:shellscript'
2024-03-31 05:09:35.998 [info] ExtensionService#_doActivateExtension vscode.git-base, startup: true, activationEvent: '*', root cause: vscode.git
2024-03-31 05:09:36.000 [info] ExtensionService#_doActivateExtension hbenl.test-adapter-converter, startup: true, activationEvent: '*', root cause: hbenl.vscode-test-explorer
2024-03-31 05:09:36.027 [info] ExtensionService#_doActivateExtension vscode.git, startup: true, activationEvent: '*'
2024-03-31 05:09:36.042 [info] ExtensionService#_doActivateExtension vscode.github, startup: true, activationEvent: '*'
2024-03-31 05:09:36.047 [info] ExtensionService#_doActivateExtension hbenl.vscode-test-explorer, startup: true, activationEvent: '*'
2024-03-31 05:09:36.078 [info] Eager extensions activated
2024-03-31 05:09:36.094 [info] ExtensionService#_doActivateExtension vscode.debug-auto-launch, startup: false, activationEvent: 'onStartupFinished'
2024-03-31 05:09:36.096 [info] ExtensionService#_doActivateExtension vscode.merge-conflict, startup: false, activationEvent: 'onStartupFinished'
2024-03-31 05:09:36.099 [info] ExtensionService#_doActivateExtension Catppuccin.catppuccin-vsc, startup: false, activationEvent: 'onStartupFinished'
2024-03-31 05:09:36.101 [info] ExtensionService#_doActivateExtension vadimcn.vscode-lldb, startup: false, activationEvent: 'onStartupFinished'
2024-03-31 05:09:49.585 [info] ExtensionService#_doActivateExtension vscode.json-language-features, startup: false, activationEvent: 'onLanguage:jsonc'
2024-03-31 05:09:49.596 [info] ExtensionService#_doActivateExtension vscode.typescript-language-features, startup: false, activationEvent: 'onLanguage:jsonc'
2024-03-31 05:10:43.424 [info] Extension host terminating: renderer closed the MessagePort
2024-03-31 05:10:43.428 [error] An error occurred when deactivating the extension 'mads-hartmann.bash-ide-vscode':
2024-03-31 05:10:43.430 [error] TypeError: Cannot read properties of undefined (reading 'stop')
	at Object.deactivate (/home/cj/.vscode-oss/extensions/mads-hartmann.bash-ide-vscode-1.38.0-universal/out/extension.js:63:19)
	at b._deactivate (/usr/share/vscodium/resources/app/out/vs/workbench/api/node/extensionHostProcess.js:156:12676)
	at /usr/share/vscodium/resources/app/out/vs/workbench/api/node/extensionHostProcess.js:156:10145
	at Array.map (<anonymous>)
	at b._deactivateAll (/usr/share/vscodium/resources/app/out/vs/workbench/api/node/extensionHostProcess.js:156:10132)
	at b.terminate (/usr/share/vscodium/resources/app/out/vs/workbench/api/node/extensionHostProcess.js:156:10515)
	at o.terminate (/usr/share/vscodium/resources/app/out/vs/workbench/api/node/extensionHostProcess.js:160:1908)
	at t (/usr/share/vscodium/resources/app/out/vs/workbench/api/node/extensionHostProcess.js:173:11683)
	at MessagePortMain.<anonymous> (/usr/share/vscodium/resources/app/out/vs/workbench/api/node/extensionHostProcess.js:173:7758)
	at MessagePortMain.emit (node:events:514:28)
	at Object.emit (node:electron/js2c/utility_init:2:2285)
2024-03-31 05:10:43.431 [info] Extension host with pid 22139 exiting with code 0
2024-03-31 05:10:44.203 [info] Extension host with pid 22457 started
2024-03-31 05:10:44.203 [info] Skipping acquiring lock for /home/cj/.config/VSCodium/User/workspaceStorage/45f5274b550cbfd892dc1d6ab9027b0d.
2024-03-31 05:10:44.215 [info] ExtensionService#_doActivateExtension vscode.git-base, startup: true, activationEvent: '*', root cause: vscode.git
2024-03-31 05:10:44.217 [info] ExtensionService#_doActivateExtension hbenl.test-adapter-converter, startup: true, activationEvent: '*', root cause: hbenl.vscode-test-explorer
2024-03-31 05:10:44.265 [info] ExtensionService#_doActivateExtension vscode.git, startup: true, activationEvent: '*'
2024-03-31 05:10:44.279 [info] ExtensionService#_doActivateExtension vscode.github, startup: true, activationEvent: '*'
2024-03-31 05:10:44.283 [info] ExtensionService#_doActivateExtension hbenl.vscode-test-explorer, startup: true, activationEvent: '*'
2024-03-31 05:10:44.315 [info] Eager extensions activated
2024-03-31 05:10:44.351 [info] ExtensionService#_doActivateExtension vscode.debug-auto-launch, startup: false, activationEvent: 'onStartupFinished'
2024-03-31 05:10:44.352 [info] ExtensionService#_doActivateExtension vscode.merge-conflict, startup: false, activationEvent: 'onStartupFinished'
2024-03-31 05:10:44.356 [info] ExtensionService#_doActivateExtension Catppuccin.catppuccin-vsc, startup: false, activationEvent: 'onStartupFinished'
2024-03-31 05:10:44.357 [info] ExtensionService#_doActivateExtension vadimcn.vscode-lldb, startup: false, activationEvent: 'onStartupFinished'
2024-03-31 05:11:10.858 [info] ExtensionService#_doActivateExtension vscode.emmet, startup: false, activationEvent: 'onLanguage'
2024-03-31 05:14:05.930 [info] Extension host terminating: renderer closed the MessagePort
2024-03-31 05:14:05.933 [info] Extension host with pid 22457 exiting with code 0
2024-03-31 05:14:06.755 [info] Extension host with pid 23186 started
2024-03-31 05:14:06.755 [info] Skipping acquiring lock for /home/cj/.config/VSCodium/User/workspaceStorage/6a6b1510e1a48f06d7da9c7230c1c1c0.
2024-03-31 05:14:06.787 [info] ExtensionService#_doActivateExtension vscode.git-base, startup: true, activationEvent: '*', root cause: vscode.git
2024-03-31 05:14:06.789 [info] ExtensionService#_doActivateExtension hbenl.test-adapter-converter, startup: true, activationEvent: '*', root cause: hbenl.vscode-test-explorer
2024-03-31 05:14:06.850 [info] ExtensionService#_doActivateExtension vscode.git, startup: true, activationEvent: '*'
2024-03-31 05:14:06.865 [info] ExtensionService#_doActivateExtension vscode.github, startup: true, activationEvent: '*'
2024-03-31 05:14:06.875 [info] ExtensionService#_doActivateExtension hbenl.vscode-test-explorer, startup: true, activationEvent: '*'
2024-03-31 05:14:06.910 [info] Eager extensions activated
2024-03-31 05:14:06.938 [info] ExtensionService#_doActivateExtension vscode.debug-auto-launch, startup: false, activationEvent: 'onStartupFinished'
2024-03-31 05:14:06.939 [info] ExtensionService#_doActivateExtension vscode.merge-conflict, startup: false, activationEvent: 'onStartupFinished'
2024-03-31 05:14:06.942 [info] ExtensionService#_doActivateExtension Catppuccin.catppuccin-vsc, startup: false, activationEvent: 'onStartupFinished'
2024-03-31 05:14:06.944 [info] ExtensionService#_doActivateExtension vadimcn.vscode-lldb, startup: false, activationEvent: 'onStartupFinished'
2024-03-31 05:14:20.282 [info] ExtensionService#_doActivateExtension vscode.extension-editing, startup: false, activationEvent: 'onLanguage:json'
2024-03-31 05:14:20.290 [info] ExtensionService#_doActivateExtension vscode.json-language-features, startup: false, activationEvent: 'onLanguage:json'
2024-03-31 05:14:20.303 [info] ExtensionService#_doActivateExtension vscode.npm, startup: false, activationEvent: 'onLanguage:json'
2024-03-31 05:14:20.309 [info] ExtensionService#_doActivateExtension vscode.emmet, startup: false, activationEvent: 'onLanguage'
2024-03-31 05:18:06.643 [info] ExtensionService#_doActivateExtension SPGoding.datapack-language-server, startup: false, activationEvent: 'onLanguage:mcfunction'
2024-03-31 06:46:49.646 [info] Extension host terminating: renderer closed the MessagePort
2024-03-31 06:46:49.652 [info] Extension host with pid 23186 exiting with code 0
