2024-04-01 10:10:53.686 [info] Added views:workbench.panel.markers.view in workbench.panel.markers
2024-04-01 10:10:53.686 [info] Added views:workbench.panel.output in workbench.panel.output
2024-04-01 10:10:53.686 [info] Added views:terminal in terminal
2024-04-01 10:10:53.686 [info] Added views:outline in workbench.view.explorer
2024-04-01 10:10:53.686 [info] Added views:workbench.scm in workbench.view.scm
2024-04-01 10:10:53.686 [info] Added views:workbench.view.search in workbench.view.search
2024-04-01 10:10:53.686 [info] Added views:timeline in workbench.view.explorer
2024-04-01 10:10:53.686 [info] Added views:workbench.explorer.fileView in workbench.view.explorer
2024-04-01 10:10:53.779 [info] Added views:workbench.debug.welcome in workbench.view.debug
2024-04-01 10:10:53.988 [info] Added views:workbench.panel.repl.view in workbench.panel.repl
2024-04-01 10:10:54.071 [info] Added views:~remote.forwardedPorts in ~remote.forwardedPortsContainer
2024-04-01 10:10:54.090 [info] Added views:test-explorer in workbench.view.extension.test
2024-04-01 10:11:09.159 [info] Added views:workbench.views.extensions.installed,workbench.views.extensions.popular,extensions.recommendedList in workbench.view.extensions
2024-04-01 10:11:09.160 [info] Removed views:workbench.views.extensions.popular from workbench.view.extensions
2024-04-01 10:11:19.726 [info] Added views:workbench.panel.markers.view in workbench.panel.markers
2024-04-01 10:11:19.726 [info] Added views:workbench.panel.output in workbench.panel.output
2024-04-01 10:11:19.726 [info] Added views:terminal in terminal
2024-04-01 10:11:19.726 [info] Added views:outline in workbench.view.explorer
2024-04-01 10:11:19.726 [info] Added views:workbench.scm in workbench.view.scm
2024-04-01 10:11:19.726 [info] Added views:workbench.view.search in workbench.view.search
2024-04-01 10:11:19.726 [info] Added views:timeline in workbench.view.explorer
2024-04-01 10:11:19.726 [info] Added views:workbench.explorer.fileView in workbench.view.explorer
2024-04-01 10:11:19.823 [info] Added views:workbench.debug.variablesView,workbench.debug.watchExpressionsView,workbench.debug.callStackView,workbench.debug.breakPointsView in workbench.view.debug
2024-04-01 10:11:20.138 [info] Added views:workbench.panel.repl.view in workbench.panel.repl
2024-04-01 10:11:20.335 [info] Added views:rustDependencies in workbench.view.explorer
2024-04-01 10:11:20.392 [info] Added views:test-explorer in workbench.view.extension.test
2024-04-01 10:11:20.586 [info] Added views:~remote.forwardedPorts in ~remote.forwardedPortsContainer
