2024-03-25 15:07:49.194 [info] Getting Manifest... rust-lang.rust-analyzer
2024-03-25 15:07:50.011 [info] Installing extension: rust-lang.rust-analyzer
2024-03-25 15:07:53.373 [error] Could not load vsce-sign module Cannot find module '@vscode/vsce-sign'
Require stack:
- /usr/share/vscodium/resources/app/out/bootstrap-amd.js
- /usr/share/vscodium/resources/app/out/bootstrap-fork.js
- 
2024-03-25 15:07:53.375 [info] Extension signature verification is not done: rust-lang.rust-analyzer
2024-03-25 15:07:53.626 [info] Extracted extension to file:///home/cj/.vscode-oss/extensions/rust-lang.rust-analyzer-0.3.1896-linux-x64: rust-lang.rust-analyzer
2024-03-25 15:07:53.637 [info] Renamed to /home/cj/.vscode-oss/extensions/rust-lang.rust-analyzer-0.3.1896-linux-x64
2024-03-25 15:07:53.638 [info] Extracting extension completed. rust-lang.rust-analyzer
2024-03-25 15:07:53.644 [info] Extension installed successfully: rust-lang.rust-analyzer
2024-03-25 15:07:53.646 [info] Marked extension as uninstalled rust-lang.rust-analyzer-0.3.1885-linux-x64
2024-03-25 15:07:53.719 [error] [uncaught exception in sharedProcess]: Error: ENOENT: no such file or directory, stat '/home/cj/.vscode-oss/extensions/extensions.json.vsctmp': EntryNotFound (FileSystemError): Error: ENOENT: no such file or directory, stat '/home/cj/.vscode-oss/extensions/extensions.json.vsctmp'
    at r.create (/usr/share/vscodium/resources/app/out/vs/code/node/sharedProcess/sharedProcessMain.js:51:35658)
    at a (/usr/share/vscodium/resources/app/out/vs/code/node/sharedProcess/sharedProcessMain.js:51:35793)
    at i.toFileSystemProviderError (/usr/share/vscodium/resources/app/out/vs/code/node/sharedProcess/sharedProcessMain.js:56:48621)
    at i.stat (/usr/share/vscodium/resources/app/out/vs/code/node/sharedProcess/sharedProcessMain.js:56:39216)
    at async w.stat (/usr/share/vscodium/resources/app/out/vs/code/node/sharedProcess/sharedProcessMain.js:56:21720)
    at async Y.onDidFilesChange (/usr/share/vscodium/resources/app/out/vs/code/node/sharedProcess/sharedProcessMain.js:102:133810)
