2024-03-29 16:55:51.636 [info] Added views:workbench.panel.markers.view in workbench.panel.markers
2024-03-29 16:55:51.636 [info] Added views:workbench.panel.output in workbench.panel.output
2024-03-29 16:55:51.636 [info] Added views:terminal in terminal
2024-03-29 16:55:51.636 [info] Added views:outline in workbench.view.explorer
2024-03-29 16:55:51.636 [info] Added views:workbench.scm in workbench.view.scm
2024-03-29 16:55:51.636 [info] Added views:workbench.view.search in workbench.view.search
2024-03-29 16:55:51.636 [info] Added views:timeline in workbench.view.explorer
2024-03-29 16:55:51.636 [info] Added views:workbench.explorer.fileView in workbench.view.explorer
2024-03-29 16:55:51.765 [info] Added views:workbench.debug.variablesView,workbench.debug.watchExpressionsView,workbench.debug.callStackView,workbench.debug.breakPointsView in workbench.view.debug
2024-03-29 16:55:52.032 [info] Added views:workbench.panel.repl.view in workbench.panel.repl
2024-03-29 16:55:52.184 [info] Added views:rustDependencies in workbench.view.explorer
2024-03-29 16:55:52.305 [info] Added views:test-explorer in workbench.view.extension.test
2024-03-29 16:55:52.488 [info] Added views:~remote.forwardedPorts in ~remote.forwardedPortsContainer
2024-03-29 16:56:14.195 [info] Added views:workbench.panel.markers.view in workbench.panel.markers
2024-03-29 16:56:14.195 [info] Added views:workbench.panel.output in workbench.panel.output
2024-03-29 16:56:14.195 [info] Added views:terminal in terminal
2024-03-29 16:56:14.195 [info] Added views:outline in workbench.view.explorer
2024-03-29 16:56:14.195 [info] Added views:workbench.scm in workbench.view.scm
2024-03-29 16:56:14.195 [info] Added views:workbench.view.search in workbench.view.search
2024-03-29 16:56:14.195 [info] Added views:timeline in workbench.view.explorer
2024-03-29 16:56:14.195 [info] Added views:workbench.explorer.fileView in workbench.view.explorer
2024-03-29 16:56:14.353 [info] Added views:workbench.debug.variablesView,workbench.debug.watchExpressionsView,workbench.debug.callStackView,workbench.debug.breakPointsView in workbench.view.debug
2024-03-29 16:56:14.356 [info] Added views:~remote.forwardedPorts in ~remote.forwardedPortsContainer
2024-03-29 16:56:14.480 [info] Added views:workbench.panel.repl.view in workbench.panel.repl
2024-03-29 16:56:14.481 [info] Removed views:workbench.debug.breakPointsView,workbench.debug.callStackView,workbench.debug.watchExpressionsView,workbench.debug.variablesView from workbench.view.debug
2024-03-29 16:56:14.482 [info] Added views:workbench.debug.welcome in workbench.view.debug
2024-03-29 16:56:14.538 [info] Added views:test-explorer in workbench.view.extension.test
2024-03-29 17:31:03.035 [info] Added views:workbench.views.extensions.installed,workbench.views.extensions.popular,extensions.recommendedList in workbench.view.extensions
2024-03-29 17:31:03.037 [info] Removed views:workbench.views.extensions.popular from workbench.view.extensions
2024-03-29 17:31:05.160 [info] Removed views:extensions.recommendedList,workbench.views.extensions.installed from workbench.view.extensions
2024-03-29 17:31:05.165 [info] Added views:workbench.views.extensions.marketplace in workbench.view.extensions
