2024-04-01 10:10:54.137 [info] Log level: Info
2024-04-01 10:10:54.137 [info] Validating found git in: "git"
2024-04-01 10:10:54.137 [info] Using git "2.44.0" from "git"
2024-04-01 10:10:54.137 [info] > git rev-parse --show-toplevel [3ms]
2024-04-01 10:10:54.137 [info] fatal: not a git repository (or any of the parent directories): .git
2024-04-01 10:10:54.137 [info] > git rev-parse --show-toplevel [21ms]
2024-04-01 10:10:54.137 [info] fatal: not a git repository (or any of the parent directories): .git
2024-04-01 10:10:54.145 [info] > git rev-parse --show-toplevel [4ms]
2024-04-01 10:10:54.145 [info] fatal: not a git repository (or any of the parent directories): .git
2024-04-01 10:10:54.150 [info] > git rev-parse --show-toplevel [1ms]
2024-04-01 10:10:54.150 [info] fatal: not a git repository (or any of the parent directories): .git
2024-04-01 10:10:54.258 [info] > git rev-parse --show-toplevel [0ms]
2024-04-01 10:10:54.258 [info] fatal: not a git repository (or any of the parent directories): .git
2024-04-01 10:10:57.927 [info] > git rev-parse --show-toplevel [1ms]
2024-04-01 10:10:57.927 [info] fatal: not a git repository (or any of the parent directories): .git
2024-04-01 10:10:59.238 [info] > git rev-parse --show-toplevel [1ms]
2024-04-01 10:10:59.238 [info] fatal: not a git repository (or any of the parent directories): .git
2024-04-01 10:11:00.601 [info] > git rev-parse --show-toplevel [2ms]
2024-04-01 10:11:00.601 [info] fatal: not a git repository (or any of the parent directories): .git
2024-04-01 10:11:01.266 [info] > git rev-parse --show-toplevel [3ms]
2024-04-01 10:11:01.267 [info] fatal: not a git repository (or any of the parent directories): .git
2024-04-01 10:11:02.400 [info] > git rev-parse --show-toplevel [1ms]
2024-04-01 10:11:02.400 [info] fatal: not a git repository (or any of the parent directories): .git
2024-04-01 10:11:03.312 [info] > git rev-parse --show-toplevel [2ms]
2024-04-01 10:11:03.313 [info] fatal: not a git repository (or any of the parent directories): .git
2024-04-01 10:11:04.766 [info] > git rev-parse --show-toplevel [2ms]
2024-04-01 10:11:04.766 [info] fatal: not a git repository (or any of the parent directories): .git
2024-04-01 10:11:20.416 [info] Log level: Info
2024-04-01 10:11:20.416 [info] Validating found git in: "git"
2024-04-01 10:11:20.416 [info] Using git "2.44.0" from "git"
2024-04-01 10:11:20.416 [info] > git rev-parse --show-toplevel [2ms]
2024-04-01 10:11:20.421 [info] > git rev-parse --git-dir --git-common-dir [1ms]
2024-04-01 10:11:20.427 [info] Open repository: /home/cj/rust-project
2024-04-01 10:11:20.437 [info] > git rev-parse --show-toplevel [1ms]
2024-04-01 10:11:20.438 [info] > git config --get commit.template [5ms]
2024-04-01 10:11:20.452 [info] > git rev-parse --show-toplevel [7ms]
2024-04-01 10:11:20.460 [info] > git for-each-ref --format=%(refname)%00%(upstream:short)%00%(objectname)%00%(upstream:track)%00%(upstream:remotename)%00%(upstream:remoteref) refs/heads/master refs/remotes/master [9ms]
2024-04-01 10:11:20.479 [info] > git rev-parse --show-toplevel [20ms]
2024-04-01 10:11:20.491 [info] > git rev-parse --show-toplevel [4ms]
2024-04-01 10:11:20.509 [info] > git status -z -uall [13ms]
2024-04-01 10:11:20.509 [info] > git rev-parse --show-toplevel [7ms]
2024-04-01 10:11:20.526 [info] > git config --get commit.template [3ms]
2024-04-01 10:11:20.534 [info] > git for-each-ref --format=%(refname)%00%(upstream:short)%00%(objectname)%00%(upstream:track)%00%(upstream:remotename)%00%(upstream:remoteref) refs/heads/master refs/remotes/master [2ms]
2024-04-01 10:11:20.542 [info] > git status -z -uall [2ms]
2024-04-01 10:11:20.809 [info] > git show --textconv :src/main.rs [5ms]
2024-04-01 10:11:20.810 [info] > git ls-files --stage -- /home/cj/rust-project/src/main.rs [1ms]
2024-04-01 10:11:20.814 [info] > git cat-file -s 1839ab66afb1f8cf4c2676df9d7724b7a95aa6be [1ms]
2024-04-01 10:11:20.974 [info] > git check-ignore -v -z --stdin [5ms]
2024-04-01 10:11:22.876 [info] > git ls-files --stage -- /home/cj/rust-project/src/main.rs [1ms]
2024-04-01 10:11:22.883 [info] > git cat-file -s 1839ab66afb1f8cf4c2676df9d7724b7a95aa6be [1ms]
2024-04-01 10:11:22.898 [info] > git show --textconv :src/main.rs [1ms]
2024-04-01 10:11:27.596 [info] > git config --get commit.template [6ms]
2024-04-01 10:11:27.596 [info] > git for-each-ref --format=%(refname)%00%(upstream:short)%00%(objectname)%00%(upstream:track)%00%(upstream:remotename)%00%(upstream:remoteref) refs/heads/master refs/remotes/master [1ms]
2024-04-01 10:11:27.601 [info] > git status -z -uall [1ms]
2024-04-01 10:15:36.947 [info] > git config --get commit.template [4ms]
2024-04-01 10:15:36.948 [info] > git for-each-ref --format=%(refname)%00%(upstream:short)%00%(objectname)%00%(upstream:track)%00%(upstream:remotename)%00%(upstream:remoteref) refs/heads/master refs/remotes/master [1ms]
2024-04-01 10:15:36.953 [info] > git status -z -uall [1ms]
2024-04-01 10:15:53.731 [info] > git config --get commit.template [5ms]
2024-04-01 10:15:53.731 [info] > git for-each-ref --format=%(refname)%00%(upstream:short)%00%(objectname)%00%(upstream:track)%00%(upstream:remotename)%00%(upstream:remoteref) refs/heads/master refs/remotes/master [1ms]
2024-04-01 10:15:53.736 [info] > git status -z -uall [1ms]
2024-04-01 10:16:04.480 [info] > git config --get commit.template [4ms]
2024-04-01 10:16:04.481 [info] > git for-each-ref --format=%(refname)%00%(upstream:short)%00%(objectname)%00%(upstream:track)%00%(upstream:remotename)%00%(upstream:remoteref) refs/heads/master refs/remotes/master [0ms]
2024-04-01 10:16:04.485 [info] > git status -z -uall [1ms]
2024-04-01 10:16:11.737 [info] > git config --get commit.template [5ms]
2024-04-01 10:16:11.737 [info] > git for-each-ref --format=%(refname)%00%(upstream:short)%00%(objectname)%00%(upstream:track)%00%(upstream:remotename)%00%(upstream:remoteref) refs/heads/master refs/remotes/master [0ms]
2024-04-01 10:16:11.743 [info] > git status -z -uall [1ms]
2024-04-01 10:16:20.580 [info] > git config --get commit.template [4ms]
2024-04-01 10:16:20.580 [info] > git for-each-ref --format=%(refname)%00%(upstream:short)%00%(objectname)%00%(upstream:track)%00%(upstream:remotename)%00%(upstream:remoteref) refs/heads/master refs/remotes/master [1ms]
2024-04-01 10:16:20.586 [info] > git status -z -uall [0ms]
2024-04-01 10:16:27.610 [info] > git config --get commit.template [5ms]
2024-04-01 10:16:27.611 [info] > git for-each-ref --format=%(refname)%00%(upstream:short)%00%(objectname)%00%(upstream:track)%00%(upstream:remotename)%00%(upstream:remoteref) refs/heads/master refs/remotes/master [1ms]
2024-04-01 10:16:27.616 [info] > git status -z -uall [1ms]
2024-04-01 10:17:13.981 [info] > git config --get commit.template [5ms]
2024-04-01 10:17:13.982 [info] > git for-each-ref --format=%(refname)%00%(upstream:short)%00%(objectname)%00%(upstream:track)%00%(upstream:remotename)%00%(upstream:remoteref) refs/heads/master refs/remotes/master [1ms]
2024-04-01 10:17:13.988 [info] > git status -z -uall [1ms]
2024-04-01 10:17:37.874 [info] > git config --get commit.template [5ms]
2024-04-01 10:17:37.874 [info] > git for-each-ref --format=%(refname)%00%(upstream:short)%00%(objectname)%00%(upstream:track)%00%(upstream:remotename)%00%(upstream:remoteref) refs/heads/master refs/remotes/master [1ms]
2024-04-01 10:17:37.880 [info] > git status -z -uall [1ms]
2024-04-01 10:17:47.806 [info] > git config --get commit.template [7ms]
2024-04-01 10:17:47.806 [info] > git for-each-ref --format=%(refname)%00%(upstream:short)%00%(objectname)%00%(upstream:track)%00%(upstream:remotename)%00%(upstream:remoteref) refs/heads/master refs/remotes/master [1ms]
2024-04-01 10:17:47.813 [info] > git status -z -uall [1ms]
2024-04-01 10:17:54.789 [info] > git config --get commit.template [4ms]
2024-04-01 10:17:54.789 [info] > git for-each-ref --format=%(refname)%00%(upstream:short)%00%(objectname)%00%(upstream:track)%00%(upstream:remotename)%00%(upstream:remoteref) refs/heads/master refs/remotes/master [1ms]
2024-04-01 10:17:54.795 [info] > git status -z -uall [2ms]
2024-04-01 10:18:12.840 [info] > git config --get commit.template [5ms]
2024-04-01 10:18:12.841 [info] > git for-each-ref --format=%(refname)%00%(upstream:short)%00%(objectname)%00%(upstream:track)%00%(upstream:remotename)%00%(upstream:remoteref) refs/heads/master refs/remotes/master [1ms]
2024-04-01 10:18:12.846 [info] > git status -z -uall [1ms]
2024-04-01 10:18:25.726 [info] > git config --get commit.template [4ms]
2024-04-01 10:18:25.726 [info] > git for-each-ref --format=%(refname)%00%(upstream:short)%00%(objectname)%00%(upstream:track)%00%(upstream:remotename)%00%(upstream:remoteref) refs/heads/master refs/remotes/master [1ms]
2024-04-01 10:18:25.730 [info] > git status -z -uall [0ms]
2024-04-01 10:18:37.424 [info] > git config --get commit.template [5ms]
2024-04-01 10:18:37.425 [info] > git for-each-ref --format=%(refname)%00%(upstream:short)%00%(objectname)%00%(upstream:track)%00%(upstream:remotename)%00%(upstream:remoteref) refs/heads/master refs/remotes/master [1ms]
2024-04-01 10:18:37.430 [info] > git status -z -uall [1ms]
2024-04-01 10:18:43.952 [info] > git config --get commit.template [6ms]
2024-04-01 10:18:43.952 [info] > git for-each-ref --format=%(refname)%00%(upstream:short)%00%(objectname)%00%(upstream:track)%00%(upstream:remotename)%00%(upstream:remoteref) refs/heads/master refs/remotes/master [1ms]
2024-04-01 10:18:43.957 [info] > git status -z -uall [1ms]
2024-04-01 10:18:50.598 [info] > git config --get commit.template [7ms]
2024-04-01 10:18:50.598 [info] > git for-each-ref --format=%(refname)%00%(upstream:short)%00%(objectname)%00%(upstream:track)%00%(upstream:remotename)%00%(upstream:remoteref) refs/heads/master refs/remotes/master [1ms]
2024-04-01 10:18:50.604 [info] > git status -z -uall [1ms]
2024-04-01 10:19:08.603 [info] > git config --get commit.template [5ms]
2024-04-01 10:19:08.603 [info] > git for-each-ref --format=%(refname)%00%(upstream:short)%00%(objectname)%00%(upstream:track)%00%(upstream:remotename)%00%(upstream:remoteref) refs/heads/master refs/remotes/master [1ms]
2024-04-01 10:19:08.609 [info] > git status -z -uall [2ms]
2024-04-01 10:19:13.621 [info] > git config --get commit.template [4ms]
2024-04-01 10:19:13.622 [info] > git for-each-ref --format=%(refname)%00%(upstream:short)%00%(objectname)%00%(upstream:track)%00%(upstream:remotename)%00%(upstream:remoteref) refs/heads/master refs/remotes/master [1ms]
2024-04-01 10:19:13.626 [info] > git status -z -uall [1ms]
2024-04-01 10:21:20.882 [info] > git config --get commit.template [5ms]
2024-04-01 10:21:20.882 [info] > git for-each-ref --format=%(refname)%00%(upstream:short)%00%(objectname)%00%(upstream:track)%00%(upstream:remotename)%00%(upstream:remoteref) refs/heads/master refs/remotes/master [1ms]
2024-04-01 10:21:20.888 [info] > git status -z -uall [1ms]
2024-04-01 10:21:43.111 [info] > git config --get commit.template [6ms]
2024-04-01 10:21:43.112 [info] > git for-each-ref --format=%(refname)%00%(upstream:short)%00%(objectname)%00%(upstream:track)%00%(upstream:remotename)%00%(upstream:remoteref) refs/heads/master refs/remotes/master [1ms]
2024-04-01 10:21:43.118 [info] > git status -z -uall [1ms]
2024-04-01 10:23:42.279 [info] > git config --get commit.template [5ms]
2024-04-01 10:23:42.280 [info] > git for-each-ref --format=%(refname)%00%(upstream:short)%00%(objectname)%00%(upstream:track)%00%(upstream:remotename)%00%(upstream:remoteref) refs/heads/master refs/remotes/master [1ms]
2024-04-01 10:23:42.285 [info] > git status -z -uall [1ms]
2024-04-01 10:23:48.622 [info] > git config --get commit.template [5ms]
2024-04-01 10:23:48.622 [info] > git for-each-ref --format=%(refname)%00%(upstream:short)%00%(objectname)%00%(upstream:track)%00%(upstream:remotename)%00%(upstream:remoteref) refs/heads/master refs/remotes/master [0ms]
2024-04-01 10:23:48.628 [info] > git status -z -uall [1ms]
2024-04-01 10:23:55.485 [info] > git config --get commit.template [5ms]
2024-04-01 10:23:55.486 [info] > git for-each-ref --format=%(refname)%00%(upstream:short)%00%(objectname)%00%(upstream:track)%00%(upstream:remotename)%00%(upstream:remoteref) refs/heads/master refs/remotes/master [1ms]
2024-04-01 10:23:55.491 [info] > git status -z -uall [1ms]
2024-04-01 10:24:01.081 [info] > git config --get commit.template [5ms]
2024-04-01 10:24:01.082 [info] > git for-each-ref --format=%(refname)%00%(upstream:short)%00%(objectname)%00%(upstream:track)%00%(upstream:remotename)%00%(upstream:remoteref) refs/heads/master refs/remotes/master [1ms]
2024-04-01 10:24:01.087 [info] > git status -z -uall [1ms]
2024-04-01 10:24:09.593 [info] > git config --get commit.template [5ms]
2024-04-01 10:24:09.593 [info] > git for-each-ref --format=%(refname)%00%(upstream:short)%00%(objectname)%00%(upstream:track)%00%(upstream:remotename)%00%(upstream:remoteref) refs/heads/master refs/remotes/master [0ms]
2024-04-01 10:24:09.599 [info] > git status -z -uall [1ms]
2024-04-01 10:24:20.882 [info] > git config --get commit.template [4ms]
2024-04-01 10:24:20.882 [info] > git for-each-ref --format=%(refname)%00%(upstream:short)%00%(objectname)%00%(upstream:track)%00%(upstream:remotename)%00%(upstream:remoteref) refs/heads/master refs/remotes/master [0ms]
2024-04-01 10:24:20.888 [info] > git status -z -uall [1ms]
2024-04-01 10:24:29.338 [info] > git config --get commit.template [5ms]
2024-04-01 10:24:29.338 [info] > git for-each-ref --format=%(refname)%00%(upstream:short)%00%(objectname)%00%(upstream:track)%00%(upstream:remotename)%00%(upstream:remoteref) refs/heads/master refs/remotes/master [1ms]
2024-04-01 10:24:29.343 [info] > git status -z -uall [1ms]
2024-04-01 10:26:11.957 [info] > git config --get commit.template [5ms]
2024-04-01 10:26:11.958 [info] > git for-each-ref --format=%(refname)%00%(upstream:short)%00%(objectname)%00%(upstream:track)%00%(upstream:remotename)%00%(upstream:remoteref) refs/heads/master refs/remotes/master [1ms]
2024-04-01 10:26:11.963 [info] > git status -z -uall [1ms]
2024-04-01 10:26:16.975 [info] > git config --get commit.template [5ms]
2024-04-01 10:26:16.975 [info] > git for-each-ref --format=%(refname)%00%(upstream:short)%00%(objectname)%00%(upstream:track)%00%(upstream:remotename)%00%(upstream:remoteref) refs/heads/master refs/remotes/master [1ms]
2024-04-01 10:26:16.980 [info] > git status -z -uall [1ms]
2024-04-01 10:26:55.937 [info] > git config --get commit.template [5ms]
2024-04-01 10:26:55.938 [info] > git for-each-ref --format=%(refname)%00%(upstream:short)%00%(objectname)%00%(upstream:track)%00%(upstream:remotename)%00%(upstream:remoteref) refs/heads/master refs/remotes/master [1ms]
2024-04-01 10:26:55.943 [info] > git status -z -uall [1ms]
2024-04-01 10:49:43.078 [info] > git config --get commit.template [5ms]
2024-04-01 10:49:43.079 [info] > git for-each-ref --format=%(refname)%00%(upstream:short)%00%(objectname)%00%(upstream:track)%00%(upstream:remotename)%00%(upstream:remoteref) refs/heads/master refs/remotes/master [1ms]
2024-04-01 10:49:43.084 [info] > git status -z -uall [1ms]
2024-04-01 10:49:48.101 [info] > git config --get commit.template [5ms]
2024-04-01 10:49:48.102 [info] > git for-each-ref --format=%(refname)%00%(upstream:short)%00%(objectname)%00%(upstream:track)%00%(upstream:remotename)%00%(upstream:remoteref) refs/heads/master refs/remotes/master [1ms]
2024-04-01 10:49:48.107 [info] > git status -z -uall [1ms]
2024-04-01 10:49:56.635 [info] > git config --get commit.template [5ms]
2024-04-01 10:49:56.636 [info] > git for-each-ref --format=%(refname)%00%(upstream:short)%00%(objectname)%00%(upstream:track)%00%(upstream:remotename)%00%(upstream:remoteref) refs/heads/master refs/remotes/master [1ms]
2024-04-01 10:49:56.641 [info] > git status -z -uall [1ms]
2024-04-01 10:50:01.943 [info] > git config --get commit.template [6ms]
2024-04-01 10:50:01.943 [info] > git for-each-ref --format=%(refname)%00%(upstream:short)%00%(objectname)%00%(upstream:track)%00%(upstream:remotename)%00%(upstream:remoteref) refs/heads/master refs/remotes/master [1ms]
2024-04-01 10:50:01.949 [info] > git status -z -uall [1ms]
2024-04-01 10:50:22.664 [info] > git config --get commit.template [5ms]
2024-04-01 10:50:22.664 [info] > git for-each-ref --format=%(refname)%00%(upstream:short)%00%(objectname)%00%(upstream:track)%00%(upstream:remotename)%00%(upstream:remoteref) refs/heads/master refs/remotes/master [1ms]
2024-04-01 10:50:22.670 [info] > git status -z -uall [1ms]
2024-04-01 10:51:08.105 [info] > git config --get commit.template [6ms]
2024-04-01 10:51:08.105 [info] > git for-each-ref --format=%(refname)%00%(upstream:short)%00%(objectname)%00%(upstream:track)%00%(upstream:remotename)%00%(upstream:remoteref) refs/heads/master refs/remotes/master [1ms]
2024-04-01 10:51:08.110 [info] > git status -z -uall [1ms]
2024-04-01 10:51:13.126 [info] > git config --get commit.template [6ms]
2024-04-01 10:51:13.126 [info] > git for-each-ref --format=%(refname)%00%(upstream:short)%00%(objectname)%00%(upstream:track)%00%(upstream:remotename)%00%(upstream:remoteref) refs/heads/master refs/remotes/master [0ms]
2024-04-01 10:51:13.132 [info] > git status -z -uall [1ms]
2024-04-01 10:51:18.595 [info] > git config --get commit.template [6ms]
2024-04-01 10:51:18.595 [info] > git for-each-ref --format=%(refname)%00%(upstream:short)%00%(objectname)%00%(upstream:track)%00%(upstream:remotename)%00%(upstream:remoteref) refs/heads/master refs/remotes/master [1ms]
2024-04-01 10:51:18.602 [info] > git status -z -uall [1ms]
2024-04-01 10:51:39.187 [info] > git config --get commit.template [4ms]
2024-04-01 10:51:39.187 [info] > git for-each-ref --format=%(refname)%00%(upstream:short)%00%(objectname)%00%(upstream:track)%00%(upstream:remotename)%00%(upstream:remoteref) refs/heads/master refs/remotes/master [1ms]
2024-04-01 10:51:39.194 [info] > git status -z -uall [2ms]
2024-04-01 10:52:01.228 [info] > git config --get commit.template [5ms]
2024-04-01 10:52:01.228 [info] > git for-each-ref --format=%(refname)%00%(upstream:short)%00%(objectname)%00%(upstream:track)%00%(upstream:remotename)%00%(upstream:remoteref) refs/heads/master refs/remotes/master [1ms]
2024-04-01 10:52:01.234 [info] > git status -z -uall [1ms]
2024-04-01 10:52:06.247 [info] > git config --get commit.template [5ms]
2024-04-01 10:52:06.247 [info] > git for-each-ref --format=%(refname)%00%(upstream:short)%00%(objectname)%00%(upstream:track)%00%(upstream:remotename)%00%(upstream:remoteref) refs/heads/master refs/remotes/master [1ms]
2024-04-01 10:52:06.252 [info] > git status -z -uall [1ms]
2024-04-01 10:52:14.302 [info] > git config --get commit.template [5ms]
2024-04-01 10:52:14.302 [info] > git for-each-ref --format=%(refname)%00%(upstream:short)%00%(objectname)%00%(upstream:track)%00%(upstream:remotename)%00%(upstream:remoteref) refs/heads/master refs/remotes/master [1ms]
2024-04-01 10:52:14.307 [info] > git status -z -uall [1ms]
2024-04-01 10:52:19.748 [info] > git config --get commit.template [6ms]
2024-04-01 10:52:19.748 [info] > git for-each-ref --format=%(refname)%00%(upstream:short)%00%(objectname)%00%(upstream:track)%00%(upstream:remotename)%00%(upstream:remoteref) refs/heads/master refs/remotes/master [1ms]
2024-04-01 10:52:19.753 [info] > git status -z -uall [1ms]
2024-04-01 10:52:41.739 [info] > git config --get commit.template [4ms]
2024-04-01 10:52:41.740 [info] > git for-each-ref --format=%(refname)%00%(upstream:short)%00%(objectname)%00%(upstream:track)%00%(upstream:remotename)%00%(upstream:remoteref) refs/heads/master refs/remotes/master [1ms]
2024-04-01 10:52:41.745 [info] > git status -z -uall [1ms]
2024-04-01 10:58:55.467 [info] > git config --get commit.template [5ms]
2024-04-01 10:58:55.468 [info] > git for-each-ref --format=%(refname)%00%(upstream:short)%00%(objectname)%00%(upstream:track)%00%(upstream:remotename)%00%(upstream:remoteref) refs/heads/master refs/remotes/master [1ms]
2024-04-01 10:58:55.473 [info] > git status -z -uall [1ms]
2024-04-01 11:01:00.972 [info] > git config --get commit.template [6ms]
2024-04-01 11:01:00.972 [info] > git for-each-ref --format=%(refname)%00%(upstream:short)%00%(objectname)%00%(upstream:track)%00%(upstream:remotename)%00%(upstream:remoteref) refs/heads/master refs/remotes/master [1ms]
2024-04-01 11:01:00.977 [info] > git status -z -uall [1ms]
2024-04-01 11:01:39.638 [info] > git config --get commit.template [5ms]
2024-04-01 11:01:39.638 [info] > git for-each-ref --format=%(refname)%00%(upstream:short)%00%(objectname)%00%(upstream:track)%00%(upstream:remotename)%00%(upstream:remoteref) refs/heads/master refs/remotes/master [1ms]
2024-04-01 11:01:39.643 [info] > git status -z -uall [1ms]
2024-04-01 14:30:16.488 [info] > git config --get commit.template [5ms]
2024-04-01 14:30:16.488 [info] > git for-each-ref --format=%(refname)%00%(upstream:short)%00%(objectname)%00%(upstream:track)%00%(upstream:remotename)%00%(upstream:remoteref) refs/heads/master refs/remotes/master [0ms]
2024-04-01 14:30:16.494 [info] > git status -z -uall [1ms]
2024-04-01 14:30:26.839 [info] > git config --get commit.template [5ms]
2024-04-01 14:30:26.839 [info] > git for-each-ref --format=%(refname)%00%(upstream:short)%00%(objectname)%00%(upstream:track)%00%(upstream:remotename)%00%(upstream:remoteref) refs/heads/master refs/remotes/master [1ms]
2024-04-01 14:30:26.845 [info] > git status -z -uall [1ms]
2024-04-01 14:30:26.934 [info] > git ls-files --stage -- /home/cj/rust-project/src/main.rs [1ms]
2024-04-01 14:30:26.940 [info] > git cat-file -s 1839ab66afb1f8cf4c2676df9d7724b7a95aa6be [1ms]
2024-04-01 14:30:26.946 [info] > git show --textconv :src/main.rs [0ms]
2024-04-01 14:30:47.906 [info] > git config --get commit.template [6ms]
2024-04-01 14:30:47.907 [info] > git for-each-ref --format=%(refname)%00%(upstream:short)%00%(objectname)%00%(upstream:track)%00%(upstream:remotename)%00%(upstream:remoteref) refs/heads/master refs/remotes/master [2ms]
2024-04-01 14:30:47.913 [info] > git status -z -uall [1ms]
2024-04-01 14:30:54.173 [info] > git config --get commit.template [5ms]
2024-04-01 14:30:54.173 [info] > git for-each-ref --format=%(refname)%00%(upstream:short)%00%(objectname)%00%(upstream:track)%00%(upstream:remotename)%00%(upstream:remoteref) refs/heads/master refs/remotes/master [1ms]
2024-04-01 14:30:54.179 [info] > git status -z -uall [1ms]
2024-04-01 14:31:55.413 [info] > git config --get commit.template [5ms]
2024-04-01 14:31:55.413 [info] > git for-each-ref --format=%(refname)%00%(upstream:short)%00%(objectname)%00%(upstream:track)%00%(upstream:remotename)%00%(upstream:remoteref) refs/heads/master refs/remotes/master [0ms]
2024-04-01 14:31:55.419 [info] > git status -z -uall [1ms]
2024-04-01 14:32:18.119 [info] > git config --get commit.template [6ms]
2024-04-01 14:32:18.119 [info] > git for-each-ref --format=%(refname)%00%(upstream:short)%00%(objectname)%00%(upstream:track)%00%(upstream:remotename)%00%(upstream:remoteref) refs/heads/master refs/remotes/master [1ms]
2024-04-01 14:32:18.125 [info] > git status -z -uall [1ms]
2024-04-01 14:32:45.678 [info] > git config --get commit.template [5ms]
2024-04-01 14:32:45.679 [info] > git for-each-ref --format=%(refname)%00%(upstream:short)%00%(objectname)%00%(upstream:track)%00%(upstream:remotename)%00%(upstream:remoteref) refs/heads/master refs/remotes/master [1ms]
2024-04-01 14:32:45.684 [info] > git status -z -uall [1ms]
2024-04-01 14:59:09.009 [info] > git config --get commit.template [6ms]
2024-04-01 14:59:09.010 [info] > git for-each-ref --format=%(refname)%00%(upstream:short)%00%(objectname)%00%(upstream:track)%00%(upstream:remotename)%00%(upstream:remoteref) refs/heads/master refs/remotes/master [1ms]
2024-04-01 14:59:09.016 [info] > git status -z -uall [1ms]
2024-04-01 14:59:52.003 [info] > git config --get commit.template [4ms]
2024-04-01 14:59:52.003 [info] > git for-each-ref --format=%(refname)%00%(upstream:short)%00%(objectname)%00%(upstream:track)%00%(upstream:remotename)%00%(upstream:remoteref) refs/heads/master refs/remotes/master [1ms]
2024-04-01 14:59:52.008 [info] > git status -z -uall [1ms]
2024-04-01 14:59:58.652 [info] > git config --get commit.template [4ms]
2024-04-01 14:59:58.653 [info] > git for-each-ref --format=%(refname)%00%(upstream:short)%00%(objectname)%00%(upstream:track)%00%(upstream:remotename)%00%(upstream:remoteref) refs/heads/master refs/remotes/master [1ms]
2024-04-01 14:59:58.658 [info] > git status -z -uall [1ms]
2024-04-01 15:00:03.671 [info] > git config --get commit.template [6ms]
2024-04-01 15:00:03.671 [info] > git for-each-ref --format=%(refname)%00%(upstream:short)%00%(objectname)%00%(upstream:track)%00%(upstream:remotename)%00%(upstream:remoteref) refs/heads/master refs/remotes/master [1ms]
2024-04-01 15:00:03.676 [info] > git status -z -uall [1ms]
2024-04-01 15:00:11.393 [info] > git config --get commit.template [4ms]
2024-04-01 15:00:11.394 [info] > git for-each-ref --format=%(refname)%00%(upstream:short)%00%(objectname)%00%(upstream:track)%00%(upstream:remotename)%00%(upstream:remoteref) refs/heads/master refs/remotes/master [1ms]
2024-04-01 15:00:11.399 [info] > git status -z -uall [1ms]
2024-04-01 15:01:14.627 [info] > git config --get commit.template [5ms]
2024-04-01 15:01:14.628 [info] > git for-each-ref --format=%(refname)%00%(upstream:short)%00%(objectname)%00%(upstream:track)%00%(upstream:remotename)%00%(upstream:remoteref) refs/heads/master refs/remotes/master [1ms]
2024-04-01 15:01:14.633 [info] > git status -z -uall [1ms]
2024-04-01 15:04:51.332 [info] > git config --get commit.template [5ms]
2024-04-01 15:04:51.333 [info] > git for-each-ref --format=%(refname)%00%(upstream:short)%00%(objectname)%00%(upstream:track)%00%(upstream:remotename)%00%(upstream:remoteref) refs/heads/master refs/remotes/master [1ms]
2024-04-01 15:04:51.339 [info] > git status -z -uall [1ms]
2024-04-01 15:05:26.799 [info] > git config --get commit.template [4ms]
2024-04-01 15:05:26.800 [info] > git for-each-ref --format=%(refname)%00%(upstream:short)%00%(objectname)%00%(upstream:track)%00%(upstream:remotename)%00%(upstream:remoteref) refs/heads/master refs/remotes/master [1ms]
2024-04-01 15:05:26.804 [info] > git status -z -uall [1ms]
2024-04-01 15:05:47.557 [info] > git config --get commit.template [6ms]
2024-04-01 15:05:47.557 [info] > git for-each-ref --format=%(refname)%00%(upstream:short)%00%(objectname)%00%(upstream:track)%00%(upstream:remotename)%00%(upstream:remoteref) refs/heads/master refs/remotes/master [1ms]
2024-04-01 15:05:47.563 [info] > git status -z -uall [1ms]
2024-04-01 15:05:52.575 [info] > git config --get commit.template [5ms]
2024-04-01 15:05:52.576 [info] > git for-each-ref --format=%(refname)%00%(upstream:short)%00%(objectname)%00%(upstream:track)%00%(upstream:remotename)%00%(upstream:remoteref) refs/heads/master refs/remotes/master [1ms]
2024-04-01 15:05:52.581 [info] > git status -z -uall [1ms]
2024-04-01 15:06:06.158 [info] > git config --get commit.template [5ms]
2024-04-01 15:06:06.158 [info] > git for-each-ref --format=%(refname)%00%(upstream:short)%00%(objectname)%00%(upstream:track)%00%(upstream:remotename)%00%(upstream:remoteref) refs/heads/master refs/remotes/master [1ms]
2024-04-01 15:06:06.163 [info] > git status -z -uall [1ms]
2024-04-01 15:07:10.375 [info] > git config --get commit.template [6ms]
2024-04-01 15:07:10.376 [info] > git for-each-ref --format=%(refname)%00%(upstream:short)%00%(objectname)%00%(upstream:track)%00%(upstream:remotename)%00%(upstream:remoteref) refs/heads/master refs/remotes/master [1ms]
2024-04-01 15:07:10.381 [info] > git status -z -uall [1ms]
2024-04-01 15:07:15.394 [info] > git config --get commit.template [5ms]
2024-04-01 15:07:15.395 [info] > git for-each-ref --format=%(refname)%00%(upstream:short)%00%(objectname)%00%(upstream:track)%00%(upstream:remotename)%00%(upstream:remoteref) refs/heads/master refs/remotes/master [1ms]
2024-04-01 15:07:15.400 [info] > git status -z -uall [1ms]
2024-04-01 15:07:23.692 [info] > git config --get commit.template [1ms]
2024-04-01 15:07:23.697 [info] > git for-each-ref --format=%(refname)%00%(upstream:short)%00%(objectname)%00%(upstream:track)%00%(upstream:remotename)%00%(upstream:remoteref) refs/heads/master refs/remotes/master [1ms]
2024-04-01 15:07:23.703 [info] > git status -z -uall [2ms]
2024-04-01 15:09:45.653 [info] > git config --get commit.template [6ms]
2024-04-01 15:09:45.654 [info] > git for-each-ref --format=%(refname)%00%(upstream:short)%00%(objectname)%00%(upstream:track)%00%(upstream:remotename)%00%(upstream:remoteref) refs/heads/master refs/remotes/master [1ms]
2024-04-01 15:09:45.661 [info] > git status -z -uall [1ms]
2024-04-01 15:09:50.674 [info] > git config --get commit.template [5ms]
2024-04-01 15:09:50.675 [info] > git for-each-ref --format=%(refname)%00%(upstream:short)%00%(objectname)%00%(upstream:track)%00%(upstream:remotename)%00%(upstream:remoteref) refs/heads/master refs/remotes/master [1ms]
2024-04-01 15:09:50.680 [info] > git status -z -uall [1ms]
