[3/12/2024, 3:52:27 AM] LEGENDARY_CONFIG_PATH=/home/cj/.config/heroic/legendaryConfig/legendary /opt/heroic/resources/app.asar.unpacked/build/bin/linux/legendary --version
legendary version "0.20.34", codename "Direct Intervention"
[3/12/2024, 3:52:27 AM] LEGENDARY_CONFIG_PATH=/home/cj/.config/heroic/legendaryConfig/legendary /opt/heroic/resources/app.asar.unpacked/build/bin/linux/legendary list --third-party
[3/12/2024, 3:52:27 AM] LEGENDARY_CONFIG_PATH=/home/cj/.config/heroic/legendaryConfig/legendary /opt/heroic/resources/app.asar.unpacked/build/bin/linux/legendary list --third-party
[cli] INFO: Logging in...
[Core] INFO: Trying to re-use existing login session...
[cli] INFO: Getting game list... (this may take a while)

Available games:
 * Fortnite (App name: Fortnite | Version: ++Fortnite+Release-29.00-CL-32116959-Windows)
 * Rocket League® (App name: Sugar | Version: BC2_Update49+443289)

Total: 2
[3/12/2024, 3:52:31 AM] HEROIC_APP_NAME=Sugar HEROIC_APP_RUNNER=legendary HEROIC_APP_SOURCE=epic LD_PRELOAD= DOTNET_BUNDLE_EXTRACT_BASE_DIR= DOTNET_ROOT= STEAM_COMPAT_CLIENT_INSTALL_PATH=/home/cj/.steam/steam STEAM_COMPAT_DATA_PATH="/home/cj/Games/Heroic/Prefixes/default/Rocket League" STEAM_COMPAT_INSTALL_PATH=/home/cj/Games/Heroic/rocketleague WINE_FULLSCREEN_FSR=0 PROTON_ENABLE_NVAPI=1 DXVK_NVAPI_ALLOW_OTHER_DRIVERS=1 STEAM_COMPAT_APP_ID=0 SteamAppId=0 SteamGameId=heroic-rocketleague PROTON_LOG_DIR=/home/cj LEGENDARY_CONFIG_PATH=/home/cj/.config/heroic/legendaryConfig/legendary /opt/heroic/resources/app.asar.unpacked/build/bin/linux/legendary launch Sugar --no-wine --wrapper " '/home/cj/.local/share/Steam/steamapps/common/Proton 8.0/proton' run" --language en
[cli] INFO: Logging in...
[Core] INFO: Trying to re-use existing login session...
[cli] INFO: Checking for updates...
[Core] INFO: Getting authentication token...
[cli] INFO: Launching Sugar...
fsync: up and running.
wine: RLIMIT_NICE is <= 20, unable to use setpriority safely
[S_API] SteamAPI_Init(): SteamAPI_IsSteamRunning() did not locate a running instance of Steam.
[S_API FAIL] SteamAPI_Init() failed
wine: Read access denied for device L"\\??\\Z:\\", FS volume label and serial are not available.
wine: Read access denied for device L"\\??\\Z:\\", FS volume label and serial are not available.
wine: Read access denied for device L"\\??\\Z:\\", FS volume label and serial are not available.
Detected 1 GPUs for rendering
