[3/12/2024, 3:53:40 AM] LEGENDARY_CONFIG_PATH=/home/cj/.config/heroic/legendaryConfig/legendary /opt/heroic/resources/app.asar.unpacked/build/bin/linux/legendary --version
legendary version "0.20.34", codename "Direct Intervention"
[3/12/2024, 3:53:40 AM] LEGENDARY_CONFIG_PATH=/home/cj/.config/heroic/legendaryConfig/legendary /opt/heroic/resources/app.asar.unpacked/build/bin/linux/legendary list --third-party
[3/12/2024, 3:53:40 AM] LEGENDARY_CONFIG_PATH=/home/cj/.config/heroic/legendaryConfig/legendary /opt/heroic/resources/app.asar.unpacked/build/bin/linux/legendary list --third-party
[cli] INFO: Logging in...
[Core] INFO: Trying to re-use existing login session...
[cli] INFO: Getting game list... (this may take a while)

Available games:
 * Fortnite (App name: Fortnite | Version: ++Fortnite+Release-29.00-CL-32116959-Windows)
 * Rocket League速 (App name: Sugar | Version: BC2_Update49+443289)

Total: 2
[3/12/2024, 3:53:48 AM] HEROIC_APP_NAME=Sugar HEROIC_APP_RUNNER=legendary HEROIC_APP_SOURCE=epic LD_PRELOAD= DOTNET_BUNDLE_EXTRACT_BASE_DIR= DOTNET_ROOT= STEAM_COMPAT_CLIENT_INSTALL_PATH=/home/cj/.steam/steam STEAM_COMPAT_DATA_PATH="/home/cj/Games/Heroic/Prefixes/default/Rocket League" STEAM_COMPAT_INSTALL_PATH=/home/cj/Games/Heroic/rocketleague WINE_FULLSCREEN_FSR=0 PROTON_ENABLE_NVAPI=1 DXVK_NVAPI_ALLOW_OTHER_DRIVERS=1 STEAM_COMPAT_APP_ID=0 SteamAppId=0 SteamGameId=heroic-rocketleague PROTON_LOG_DIR=/home/cj LEGENDARY_CONFIG_PATH=/home/cj/.config/heroic/legendaryConfig/legendary /opt/heroic/resources/app.asar.unpacked/build/bin/linux/legendary launch Sugar --no-wine --wrapper " '/home/cj/.local/share/Steam/steamapps/common/Proton 8.0/proton' run" --language en
[cli] INFO: Logging in...
[Core] INFO: Trying to re-use existing login session...
[cli] INFO: Checking for updates...
[Core] INFO: Getting authentication token...
[cli] INFO: Launching Sugar...
fsync: up and running.
wine: RLIMIT_NICE is <= 20, unable to use setpriority safely
[S_API] SteamAPI_Init(): SteamAPI_IsSteamRunning() did not locate a running instance of Steam.
[S_API FAIL] SteamAPI_Init() failed
wine: Read access denied for device L"\\??\\Z:\\", FS volume label and serial are not available.
wine: Read access denied for device L"\\??\\Z:\\", FS volume label and serial are not available.
wine: Read access denied for device L"\\??\\Z:\\", FS volume label and serial are not available.
Detected 1 GPUs for rendering
RPC Error (failure): Service=Reservations/JoinMatch, Type=ServerNotFound, Code=-1, Message=
[3/12/2024, 3:55:15 AM] LEGENDARY_CONFIG_PATH=/home/cj/.config/heroic/legendaryConfig/legendary /opt/heroic/resources/app.asar.unpacked/build/bin/linux/legendary list --third-party
[cli] INFO: Logging in...
[Core] INFO: Trying to re-use existing login session...
[cli] INFO: Getting game list... (this may take a while)

Available games:
 * Fortnite (App name: Fortnite | Version: ++Fortnite+Release-29.00-CL-32116959-Windows)
 * Rocket League速 (App name: Sugar | Version: BC2_Update49+443289)

Total: 2
[3/12/2024, 3:55:19 AM] HEROIC_APP_NAME=Sugar HEROIC_APP_RUNNER=legendary HEROIC_APP_SOURCE=epic LD_PRELOAD= DOTNET_BUNDLE_EXTRACT_BASE_DIR= DOTNET_ROOT= STEAM_COMPAT_CLIENT_INSTALL_PATH=/home/cj/.steam/steam STEAM_COMPAT_DATA_PATH="/home/cj/Games/Heroic/Prefixes/default/Rocket League" STEAM_COMPAT_INSTALL_PATH=/home/cj/Games/Heroic/rocketleague WINE_FULLSCREEN_FSR=0 PROTON_ENABLE_NVAPI=1 DXVK_NVAPI_ALLOW_OTHER_DRIVERS=1 STEAM_COMPAT_APP_ID=0 SteamAppId=0 SteamGameId=heroic-rocketleague PROTON_LOG_DIR=/home/cj LEGENDARY_CONFIG_PATH=/home/cj/.config/heroic/legendaryConfig/legendary /opt/heroic/resources/app.asar.unpacked/build/bin/linux/legendary launch Sugar --no-wine --wrapper " '/home/cj/.local/share/Steam/steamapps/common/Proton 8.0/proton' run" --language en
[cli] INFO: Logging in...
[Core] INFO: Trying to re-use existing login session...
[cli] INFO: Checking for updates...
[Core] INFO: Getting authentication token...
[cli] INFO: Launching Sugar...
fsync: up and running.
wine: RLIMIT_NICE is <= 20, unable to use setpriority safely
[S_API] SteamAPI_Init(): SteamAPI_IsSteamRunning() did not locate a running instance of Steam.
[S_API FAIL] SteamAPI_Init() failed
wine: Read access denied for device L"\\??\\Z:\\", FS volume label and serial are not available.
wine: Read access denied for device L"\\??\\Z:\\", FS volume label and serial are not available.
wine: Read access denied for device L"\\??\\Z:\\", FS volume label and serial are not available.
Detected 1 GPUs for rendering
[3/12/2024, 3:55:59 AM] LEGENDARY_CONFIG_PATH=/home/cj/.config/heroic/legendaryConfig/legendary /opt/heroic/resources/app.asar.unpacked/build/bin/linux/legendary list --third-party
[cli] INFO: Logging in...
[Core] INFO: Trying to re-use existing login session...
[cli] INFO: Getting game list... (this may take a while)

Available games:
 * Fortnite (App name: Fortnite | Version: ++Fortnite+Release-29.00-CL-32116959-Windows)
 * Rocket League速 (App name: Sugar | Version: BC2_Update49+443289)

Total: 2
[3/12/2024, 3:56:03 AM] HEROIC_APP_NAME=Sugar HEROIC_APP_RUNNER=legendary HEROIC_APP_SOURCE=epic LD_PRELOAD= DOTNET_BUNDLE_EXTRACT_BASE_DIR= DOTNET_ROOT= STEAM_COMPAT_CLIENT_INSTALL_PATH=/home/cj/.steam/steam STEAM_COMPAT_DATA_PATH="/home/cj/Games/Heroic/Prefixes/default/Rocket League" STEAM_COMPAT_INSTALL_PATH=/home/cj/Games/Heroic/rocketleague WINE_FULLSCREEN_FSR=0 PROTON_ENABLE_NVAPI=1 DXVK_NVAPI_ALLOW_OTHER_DRIVERS=1 STEAM_COMPAT_APP_ID=0 SteamAppId=0 SteamGameId=heroic-rocketleague PROTON_LOG_DIR=/home/cj LEGENDARY_CONFIG_PATH=/home/cj/.config/heroic/legendaryConfig/legendary /opt/heroic/resources/app.asar.unpacked/build/bin/linux/legendary launch Sugar --no-wine --wrapper " '/home/cj/.local/share/Steam/steamapps/common/Proton 8.0/proton' run" --language en
[cli] INFO: Logging in...
[Core] INFO: Trying to re-use existing login session...
[cli] INFO: Checking for updates...
[Core] INFO: Getting authentication token...
[cli] INFO: Launching Sugar...
fsync: up and running.
wine: RLIMIT_NICE is <= 20, unable to use setpriority safely
[S_API] SteamAPI_Init(): SteamAPI_IsSteamRunning() did not locate a running instance of Steam.
[S_API FAIL] SteamAPI_Init() failed
wine: Read access denied for device L"\\??\\Z:\\", FS volume label and serial are not available.
wine: Read access denied for device L"\\??\\Z:\\", FS volume label and serial are not available.
wine: Read access denied for device L"\\??\\Z:\\", FS volume label and serial are not available.
Detected 1 GPUs for rendering
[3/12/2024, 3:56:27 AM] LEGENDARY_CONFIG_PATH=/home/cj/.config/heroic/legendaryConfig/legendary /opt/heroic/resources/app.asar.unpacked/build/bin/linux/legendary list --third-party
[cli] INFO: Logging in...
[Core] INFO: Trying to re-use existing login session...
[cli] INFO: Getting game list... (this may take a while)

Available games:
 * Fortnite (App name: Fortnite | Version: ++Fortnite+Release-29.00-CL-32116959-Windows)
 * Rocket League速 (App name: Sugar | Version: BC2_Update49+443289)

Total: 2
[3/12/2024, 3:58:04 AM] LEGENDARY_CONFIG_PATH=/home/cj/.config/heroic/legendaryConfig/legendary /opt/heroic/resources/app.asar.unpacked/build/bin/linux/legendary info Fortnite --json --platform Windows
[3/12/2024, 3:58:04 AM] LEGENDARY_CONFIG_PATH=/home/cj/.config/heroic/legendaryConfig/legendary /opt/heroic/resources/app.asar.unpacked/build/bin/linux/legendary info Fortnite --json --platform Windows
[Core] INFO: Trying to re-use existing login session...
{"game": {"app_name": "Fortnite", "title": "Fortnite", "version": "++Fortnite+Release-29.00-CL-32116959-Windows", "platform_versions": {"Windows": "++Fortnite+Release-29.00-CL-32116959-Windows"}, "cloud_saves_supported": false, "cloud_save_folder": null, "cloud_save_folder_mac": null, "is_dlc": false, "external_activation": null, "launch_options": [], "owned_dlc": []}, "install": null, "manifest": {"size": 7134962, "type": "binary", "version": 21, "feature_level": 21, "app_name": "FortniteReleaseBuilds", "launch_exe": "FortniteGame/Binaries/Win64/FortniteLauncher.exe", "launch_command": " -obfuscationid=PUDM1gqX9YFMZhwW0kqKaajEZTxzfA", "build_version": "++Fortnite+Release-29.00-CL-32116959-Windows", "build_id": "kOEiLL0tHEmFy-KxIBcW5g", "prerequisites": null, "uninstaller": {"path": "Engine/Binaries/Win64/UninstallHelper-Win64-Shipping.exe", "args": "-GameName=FortniteGame -InstallDir=../../../"}, "install_tags": ["", "br", "br_highres", "br_ondemand", "br_ondemandoptional", "br_sm6", "chunk0", "chunk0ondemand", "chunk0ondemandoptional", "chunk0optional", "chunk10", "chunk10ondemand", "chunk10ondemandoptional", "chunk10optional", "chunk10sm6", "chunk11", "chunk11optional", "chunk2", "chunk2optional", "chunk5", "chunk5optional", "chunk7", "chunk7optional", "chunk8", "chunk8optional", "chunk9", "chunk9optional", "core", "core_highres", "core_ondemand", "core_ondemandoptional", "loc_de", "loc_de_highres", "loc_fr", "loc_fr_highres", "loc_pl", "loc_pl_highres", "loc_ru", "loc_ru_highres", "loc_zh-CN", "loc_zh-CN_highres", "stw", "stw_highres"], "num_files": 555, "num_chunks": 103301, "disk_size": 108932269634, "download_size": 101330213252, "tag_disk_size": [{"tag": "", "size": 1026599634, "count": 346}, {"tag": "br", "size": 40412688660, "count": 13}, {"tag": "br_highres", "size": 15698715242, "count": 7}, {"tag": "br_ondemand", "size": 6452991664, "count": 5}, {"tag": "br_ondemandoptional", "size": 21818837528, "count": 9}, {"tag": "br_sm6", "size": 6655643754, "count": 5}, {"tag": "chunk0", "size": 2819581670, "count": 8}, {"tag": "chunk0ondemand", "size": 419601, "count": 4}, {"tag": "chunk0ondemandoptional", "size": 364707, "count": 4}, {"tag": "chunk0optional", "size": 930225123, "count": 8}, {"tag": "chunk10", "size": 40412688660, "count": 13}, {"tag": "chunk10ondemand", "size": 6452991664, "count": 5}, {"tag": "chunk10ondemandoptional", "size": 21818837528, "count": 9}, {"tag": "chunk10optional", "size": 15698715242, "count": 7}, {"tag": "chunk10sm6", "size": 6655643754, "count": 5}, {"tag": "chunk11", "size": 4761587761, "count": 102}, {"tag": "chunk11optional", "size": 1138677684, "count": 4}, {"tag": "chunk2", "size": 1804798889, "count": 4}, {"tag": "chunk2optional", "size": 4003699, "count": 4}, {"tag": "chunk5", "size": 1705770997, "count": 4}, {"tag": "chunk5optional", "size": 1202436, "count": 4}, {"tag": "chunk7", "size": 1856617603, "count": 4}, {"tag": "chunk7optional", "size": 882376, "count": 4}, {"tag": "chunk8", "size": 1836274552, "count": 4}, {"tag": "chunk8optional", "size": 1503273, "count": 4}, {"tag": "chunk9", "size": 2406509, "count": 4}, {"tag": "chunk9optional", "size": 2476272, "count": 4}, {"tag": "core", "size": 2819581670, "count": 8}, {"tag": "core_highres", "size": 930225123, "count": 8}, {"tag": "core_ondemand", "size": 419601, "count": 4}, {"tag": "core_ondemandoptional", "size": 364707, "count": 4}, {"tag": "loc_de", "size": 1804798889, "count": 4}, {"tag": "loc_de_highres", "size": 4003699, "count": 4}, {"tag": "loc_fr", "size": 1705770997, "count": 4}, {"tag": "loc_fr_highres", "size": 1202436, "count": 4}, {"tag": "loc_pl", "size": 1856617603, "count": 4}, {"tag": "loc_pl_highres", "size": 882376, "count": 4}, {"tag": "loc_ru", "size": 1836274552, "count": 4}, {"tag": "loc_ru_highres", "size": 1503273, "count": 4}, {"tag": "loc_zh-CN", "size": 2406509, "count": 4}, {"tag": "loc_zh-CN_highres", "size": 2476272, "count": 4}, {"tag": "stw", "size": 4761587761, "count": 102}, {"tag": "stw_highres", "size": 1138677684, "count": 4}], "tag_download_size": [{"tag": "", "size": 597726201, "count": 972}, {"tag": "br", "size": 36802085791, "count": 38272}, {"tag": "br_highres", "size": 14909194387, "count": 14923}, {"tag": "br_ondemand", "size": 6185913955, "count": 6158}, {"tag": "br_ondemandoptional", "size": 20915300724, "count": 20736}, {"tag": "br_sm6", "size": 6439186172, "count": 6350}, {"tag": "chunk0", "size": 2592918714, "count": 2692}, {"tag": "chunk0ondemand", "size": 979736, "count": 1}, {"tag": "chunk0ondemandoptional", "size": 979736, "count": 1}, {"tag": "chunk0optional", "size": 883281373, "count": 887}, {"tag": "chunk10", "size": 36802085791, "count": 38272}, {"tag": "chunk10ondemand", "size": 6185913955, "count": 6158}, {"tag": "chunk10ondemandoptional", "size": 20915300724, "count": 20736}, {"tag": "chunk10optional", "size": 14909194387, "count": 14923}, {"tag": "chunk10sm6", "size": 6439186172, "count": 6350}, {"tag": "chunk11", "size": 4431200558, "count": 4544}, {"tag": "chunk11optional", "size": 1087438653, "count": 1091}, {"tag": "chunk2", "size": 1677137495, "count": 1724}, {"tag": "chunk2optional", "size": 5690461, "count": 6}, {"tag": "chunk5", "size": 1582596016, "count": 1630}, {"tag": "chunk5optional", "size": 1776935, "count": 2}, {"tag": "chunk7", "size": 1727246971, "count": 1775}, {"tag": "chunk7optional", "size": 1906420, "count": 2}, {"tag": "chunk8", "size": 1701110329, "count": 1754}, {"tag": "chunk8optional", "size": 2921516, "count": 3}, {"tag": "chunk9", "size": 2880704, "count": 3}, {"tag": "chunk9optional", "size": 3430276, "count": 6}, {"tag": "core", "size": 2592918714, "count": 2692}, {"tag": "core_highres", "size": 883281373, "count": 887}, {"tag": "core_ondemand", "size": 979736, "count": 1}, {"tag": "core_ondemandoptional", "size": 979736, "count": 1}, {"tag": "loc_de", "size": 1677137495, "count": 1724}, {"tag": "loc_de_highres", "size": 5690461, "count": 6}, {"tag": "loc_fr", "size": 1582596016, "count": 1630}, {"tag": "loc_fr_highres", "size": 1776935, "count": 2}, {"tag": "loc_pl", "size": 1727246971, "count": 1775}, {"tag": "loc_pl_highres", "size": 1906420, "count": 2}, {"tag": "loc_ru", "size": 1701110329, "count": 1754}, {"tag": "loc_ru_highres", "size": 2921516, "count": 3}, {"tag": "loc_zh-CN", "size": 2880704, "count": 3}, {"tag": "loc_zh-CN_highres", "size": 3430276, "count": 6}, {"tag": "stw", "size": 4431200558, "count": 4544}, {"tag": "stw_highres", "size": 1087438653, "count": 1091}]}}
