(03:53:39) INFO:    [Legendary]:        Legendary location: /opt/heroic/resources/app.asar.unpacked/build/bin/linux/legendary
(03:53:39) INFO:    [Gog]:              GOGDL location: /opt/heroic/resources/app.asar.unpacked/build/bin/linux/gogdl
(03:53:39) INFO:    [Connection]:       Connectivity: check-online
(03:53:39) INFO:    [Connection]:       Pinging external endpoints
(03:53:39) INFO:    [Backend]:          DRM module staus {
  "oimompecagnajdejgnnjijobebaeigek": {
    "name": "Widevine Content Decryption Module",
    "status": "new",
    "version": "4.10.2710.0"
  }
}
(03:53:39) WARNING: [Backend]:          Protocol already registered.
(03:53:40) INFO:    [Legendary]:        Running command: LEGENDARY_CONFIG_PATH=/home/cj/.config/heroic/legendaryConfig/legendary /opt/heroic/resources/app.asar.unpacked/build/bin/linux/legendary --version
(03:53:40) INFO:    [Gog]:              Running command: /opt/heroic/resources/app.asar.unpacked/build/bin/linux/gogdl --auth-config-path /home/cj/.config/heroic/gog_store/auth.json --version
(03:53:40) INFO:    [Nile]:             Running command: NILE_CONFIG_PATH=/home/cj/.config/heroic/nile_config /opt/heroic/resources/app.asar.unpacked/build/bin/linux/nile --version
(03:53:40) INFO:    [Connection]:       Connectivity: online
(03:53:40) ERROR:   [Gog]:              Unable to syncQueued playtime, userData not present
(03:53:40) INFO:    [Backend]:          AreWeAntiCheatYet data downloaded
(03:53:40) INFO:    [Backend]:          
System Information:
CPU: 16x AMD Ryzen 7 5800X 8-Core Processor
Memory: 33.57 GB (used: 1.39 GB)
GPUs:
  GPU 0:
    Name: NVIDIA Corporation GA104 [GeForce RTX 3060 Ti]
    IDs: D=2486 V=10de SD=147a SV=10de
    Driver: nvidia
OS: Arch Linux 6.7.9-arch1-1 (linux)

The current system is not a Steam Deck
We are not running inside a Flatpak container

Software Versions:
  Heroic: 2.12.0 Vegapunk
  Legendary: 0.20.34 Direct Intervention
  gogdl: 0.7.3
  Nile: 1.0.0 Jonathan Joestar

(03:53:40) INFO:    [Frontend]:         Refreshing undefined Library
(03:53:40) WARNING: [Backend]:          refresh not implemented on Sideload Library Manager
(03:53:40) INFO:    [Legendary]:        Refreshing library...
(03:53:40) INFO:    [Legendary]:        Refreshing Epic Games...
(03:53:40) INFO:    [Legendary]:        Game list updated, got 2 games & DLCs
(03:53:40) INFO:    [Backend]:          Frontend Ready
(03:53:40) WARNING: [Backend]:          listUpdateableGames not implemented on Sideload Library Manager
(03:53:40) INFO:    [Gog]:              Found 0 game(s) to update
(03:53:40) INFO:    [Backend]:          Checking for new Heroic Updates
(03:53:40) INFO:    [Backend]:          Checking for current version changelog
(03:53:40) INFO:    [Legendary]:        Running command: LEGENDARY_CONFIG_PATH=/home/cj/.config/heroic/legendaryConfig/legendary /opt/heroic/resources/app.asar.unpacked/build/bin/linux/legendary list --third-party
(03:53:40) INFO:    [Legendary]:        Checking for game updates: LEGENDARY_CONFIG_PATH=/home/cj/.config/heroic/legendaryConfig/legendary /opt/heroic/resources/app.asar.unpacked/build/bin/linux/legendary list --third-party
(03:53:40) INFO:    [Legendary]:        Found 0 games to update
(03:53:42) INFO:    [Winetricks]:       Downloading Winetricks
(03:53:44) INFO:    [WineDownloader]:   Updating wine versions info
(03:53:44) INFO:    [WineDownloader]:   Fetching upstream information...
(03:53:44) INFO:    [Backend]:          Launching Rocket League® (Sugar)
(03:53:44) INFO:    [Backend]:          Preventing display from sleep
(03:53:44) INFO:    [Backend]:          Checking if wine version exists: Proton - Proton 8.0
(03:53:45) INFO:    [Backend]:          Preventing machine to sleep
(03:53:45) INFO:    [Backend]:          Checking if wine version exists: Proton - Proton 8.0
(03:53:45) WARNING: [Backend]:          You are using Proton, this can lead to some bugs. Please do not open issues with bugs related to games
(03:53:45) INFO:    [Backend]:          Checking if wine version exists: Proton - Proton 8.0
(03:53:45) INFO:    [Backend]:          Checking if wine version exists: Proton - Proton 8.0
(03:53:45) DEBUG:   [Backend]:          Running Wine command: run wineboot --init
(03:53:45) INFO:    [Backend]:          Starting the Download Queue
(03:53:46) INFO:    [WineDownloader]:   wine versions updated
(03:53:48) INFO:    [Legendary]:        Launching Rocket League®: HEROIC_APP_NAME=Sugar HEROIC_APP_RUNNER=legendary HEROIC_APP_SOURCE=epic LD_PRELOAD= DOTNET_BUNDLE_EXTRACT_BASE_DIR= DOTNET_ROOT= STEAM_COMPAT_CLIENT_INSTALL_PATH=/home/cj/.steam/steam STEAM_COMPAT_DATA_PATH="/home/cj/Games/Heroic/Prefixes/default/Rocket League" STEAM_COMPAT_INSTALL_PATH=/home/cj/Games/Heroic/rocketleague WINE_FULLSCREEN_FSR=0 PROTON_ENABLE_NVAPI=1 DXVK_NVAPI_ALLOW_OTHER_DRIVERS=1 STEAM_COMPAT_APP_ID=0 SteamAppId=0 SteamGameId=heroic-rocketleague PROTON_LOG_DIR=/home/cj LEGENDARY_CONFIG_PATH=/home/cj/.config/heroic/legendaryConfig/legendary /opt/heroic/resources/app.asar.unpacked/build/bin/linux/legendary launch Sugar --no-wine --wrapper " '/home/cj/.local/share/Steam/steamapps/common/Proton 8.0/proton' run" --language en
(03:53:48) INFO:    [Backend]:          Stopping Power Saver Blocker
(03:55:15) INFO:    [Backend]:          Stopping Display Power Saver Blocker
(03:55:15) INFO:    [Frontend]:         Refreshing legendary Library
(03:55:15) INFO:    [Legendary]:        Refreshing library...
(03:55:15) INFO:    [Legendary]:        Refreshing Epic Games...
(03:55:15) INFO:    [Legendary]:        Game list updated, got 2 games & DLCs
(03:55:15) INFO:    [Legendary]:        Running command: LEGENDARY_CONFIG_PATH=/home/cj/.config/heroic/legendaryConfig/legendary /opt/heroic/resources/app.asar.unpacked/build/bin/linux/legendary list --third-party
(03:55:17) INFO:    [Backend]:          Launching Rocket League® (Sugar)
(03:55:17) INFO:    [Backend]:          Preventing display from sleep
(03:55:17) INFO:    [Backend]:          Checking if wine version exists: Proton - Proton 8.0
(03:55:17) INFO:    [Backend]:          Checking if wine version exists: Proton - Proton 8.0
(03:55:17) WARNING: [Backend]:          You are using Proton, this can lead to some bugs. Please do not open issues with bugs related to games
(03:55:17) INFO:    [Backend]:          Checking if wine version exists: Proton - Proton 8.0
(03:55:17) INFO:    [Backend]:          Checking if wine version exists: Proton - Proton 8.0
(03:55:17) DEBUG:   [Backend]:          Running Wine command: run wineboot --init
(03:55:19) INFO:    [Legendary]:        Launching Rocket League®: HEROIC_APP_NAME=Sugar HEROIC_APP_RUNNER=legendary HEROIC_APP_SOURCE=epic LD_PRELOAD= DOTNET_BUNDLE_EXTRACT_BASE_DIR= DOTNET_ROOT= STEAM_COMPAT_CLIENT_INSTALL_PATH=/home/cj/.steam/steam STEAM_COMPAT_DATA_PATH="/home/cj/Games/Heroic/Prefixes/default/Rocket League" STEAM_COMPAT_INSTALL_PATH=/home/cj/Games/Heroic/rocketleague WINE_FULLSCREEN_FSR=0 PROTON_ENABLE_NVAPI=1 DXVK_NVAPI_ALLOW_OTHER_DRIVERS=1 STEAM_COMPAT_APP_ID=0 SteamAppId=0 SteamGameId=heroic-rocketleague PROTON_LOG_DIR=/home/cj LEGENDARY_CONFIG_PATH=/home/cj/.config/heroic/legendaryConfig/legendary /opt/heroic/resources/app.asar.unpacked/build/bin/linux/legendary launch Sugar --no-wine --wrapper " '/home/cj/.local/share/Steam/steamapps/common/Proton 8.0/proton' run" --language en
(03:55:19) INFO:    [Backend]:          Stopping Power Saver Blocker
(03:55:59) INFO:    [Backend]:          Trying to kill Sugar
(03:55:59) INFO:    [Backend]:          Killed Sugar
(03:55:59) INFO:    [Backend]:          Checking if wine version exists: Proton - Proton 8.0
(03:55:59) DEBUG:   [Backend]:          Running Wine command: waitforexitandrun wineboot -k
(03:55:59) INFO:    [Backend]:          Stopping Display Power Saver Blocker
(03:55:59) INFO:    [Frontend]:         Refreshing legendary Library
(03:55:59) INFO:    [Legendary]:        Refreshing library...
(03:55:59) INFO:    [Legendary]:        Refreshing Epic Games...
(03:55:59) INFO:    [Legendary]:        Game list updated, got 2 games & DLCs
(03:55:59) INFO:    [Legendary]:        Running command: LEGENDARY_CONFIG_PATH=/home/cj/.config/heroic/legendaryConfig/legendary /opt/heroic/resources/app.asar.unpacked/build/bin/linux/legendary list --third-party
(03:56:01) INFO:    [Backend]:          Launching Rocket League® (Sugar)
(03:56:01) INFO:    [Backend]:          Checking if wine version exists: Proton - Proton 8.0
(03:56:01) INFO:    [Backend]:          Checking if wine version exists: Proton - Proton 8.0
(03:56:01) WARNING: [Backend]:          You are using Proton, this can lead to some bugs. Please do not open issues with bugs related to games
(03:56:01) INFO:    [Backend]:          Checking if wine version exists: Proton - Proton 8.0
(03:56:01) INFO:    [Backend]:          Checking if wine version exists: Proton - Proton 8.0
(03:56:01) DEBUG:   [Backend]:          Running Wine command: run wineboot --init
(03:56:03) INFO:    [Legendary]:        Launching Rocket League®: HEROIC_APP_NAME=Sugar HEROIC_APP_RUNNER=legendary HEROIC_APP_SOURCE=epic LD_PRELOAD= DOTNET_BUNDLE_EXTRACT_BASE_DIR= DOTNET_ROOT= STEAM_COMPAT_CLIENT_INSTALL_PATH=/home/cj/.steam/steam STEAM_COMPAT_DATA_PATH="/home/cj/Games/Heroic/Prefixes/default/Rocket League" STEAM_COMPAT_INSTALL_PATH=/home/cj/Games/Heroic/rocketleague WINE_FULLSCREEN_FSR=0 PROTON_ENABLE_NVAPI=1 DXVK_NVAPI_ALLOW_OTHER_DRIVERS=1 STEAM_COMPAT_APP_ID=0 SteamAppId=0 SteamGameId=heroic-rocketleague PROTON_LOG_DIR=/home/cj LEGENDARY_CONFIG_PATH=/home/cj/.config/heroic/legendaryConfig/legendary /opt/heroic/resources/app.asar.unpacked/build/bin/linux/legendary launch Sugar --no-wine --wrapper " '/home/cj/.local/share/Steam/steamapps/common/Proton 8.0/proton' run" --language en
(03:56:03) INFO:    [Backend]:          Stopping Power Saver Blocker
(03:56:27) INFO:    [Backend]:          Trying to kill Sugar
(03:56:27) INFO:    [Backend]:          Killed Sugar
(03:56:27) INFO:    [Backend]:          Checking if wine version exists: Proton - Proton 8.0
(03:56:27) DEBUG:   [Backend]:          Running Wine command: waitforexitandrun wineboot -k
(03:56:27) INFO:    [Backend]:          Stopping Display Power Saver Blocker
(03:56:27) INFO:    [Frontend]:         Refreshing legendary Library
(03:56:27) INFO:    [Legendary]:        Refreshing library...
(03:56:27) INFO:    [Legendary]:        Refreshing Epic Games...
(03:56:27) INFO:    [Legendary]:        Game list updated, got 2 games & DLCs
(03:56:27) INFO:    [Legendary]:        Running command: LEGENDARY_CONFIG_PATH=/home/cj/.config/heroic/legendaryConfig/legendary /opt/heroic/resources/app.asar.unpacked/build/bin/linux/legendary list --third-party
(03:58:04) INFO:    [ExtraGameInfo]:    Getting ExtraGameInfo data for Fortnite
(03:58:04) INFO:    [ExtraGameInfo]:    Getting PCGamingWiki data for Fortnite
(03:58:04) INFO:    [ExtraGameInfo]:    Getting HowLongToBeat data for Fortnite
(03:58:04) INFO:    [ExtraGameInfo]:    Getting GamesDB data for Fortnite
(03:58:04) INFO:    [ExtraGameInfo]:    Getting ExtraGameInfo data for Fortnite
(03:58:04) INFO:    [ExtraGameInfo]:    Getting PCGamingWiki data for Fortnite
(03:58:04) INFO:    [ExtraGameInfo]:    Getting HowLongToBeat data for Fortnite
(03:58:04) INFO:    [ExtraGameInfo]:    Getting GamesDB data for Fortnite
(03:58:04) INFO:    [Legendary]:        Getting more details with 'legendary info'
(03:58:04) INFO:    [Legendary]:        Getting more details with 'legendary info'
(03:58:04) ERROR:   [Legendary]:        Error: Request failed with status code 403
    at createError (/opt/heroic/resources/app.asar/node_modules/axios/lib/core/createError.js:16:15)
    at settle (/opt/heroic/resources/app.asar/node_modules/axios/lib/core/settle.js:17:12)
    at IncomingMessage.handleStreamEnd (/opt/heroic/resources/app.asar/node_modules/axios/lib/adapters/http.js:322:11)
    at IncomingMessage.emit (node:events:526:35)
    at endReadableNT (node:internal/streams/readable:1359:12)
    at process.processTicksAndRejections (node:internal/process/task_queues:82:21)
(03:58:04) INFO:    [Legendary]:        Running command: LEGENDARY_CONFIG_PATH=/home/cj/.config/heroic/legendaryConfig/legendary /opt/heroic/resources/app.asar.unpacked/build/bin/linux/legendary info Fortnite --json --platform Windows
(03:58:04) INFO:    [Legendary]:        Running command: LEGENDARY_CONFIG_PATH=/home/cj/.config/heroic/legendaryConfig/legendary /opt/heroic/resources/app.asar.unpacked/build/bin/linux/legendary info Fortnite --json --platform Windows
(03:58:05) INFO:    [Legendary]:        Getting Info from Epic API
(03:58:05) DEBUG:   [Backend]:          No SteamID, not getting ProtonDB info
(03:58:05) DEBUG:   [Backend]:          No SteamID, not getting Stem Deck info
(03:58:05) DEBUG:   [Backend]:          No SteamID, not getting ProtonDB info
(03:58:05) DEBUG:   [Backend]:          No SteamID, not getting Stem Deck info
