(03:52:27) INFO:    [Legendary]:        Legendary location: /opt/heroic/resources/app.asar.unpacked/build/bin/linux/legendary
(03:52:27) INFO:    [Gog]:              GOGDL location: /opt/heroic/resources/app.asar.unpacked/build/bin/linux/gogdl
(03:52:27) INFO:    [Connection]:       Connectivity: check-online
(03:52:27) INFO:    [Connection]:       Pinging external endpoints
(03:52:27) INFO:    [Backend]:          DRM module staus {
  "oimompecagnajdejgnnjijobebaeigek": {
    "name": "Widevine Content Decryption Module",
    "status": "new",
    "version": "4.10.2710.0"
  }
}
(03:52:27) WARNING: [Backend]:          Protocol already registered.
(03:52:27) INFO:    [Legendary]:        Running command: LEGENDARY_CONFIG_PATH=/home/cj/.config/heroic/legendaryConfig/legendary /opt/heroic/resources/app.asar.unpacked/build/bin/linux/legendary --version
(03:52:27) INFO:    [Gog]:              Running command: /opt/heroic/resources/app.asar.unpacked/build/bin/linux/gogdl --auth-config-path /home/cj/.config/heroic/gog_store/auth.json --version
(03:52:27) INFO:    [Nile]:             Running command: NILE_CONFIG_PATH=/home/cj/.config/heroic/nile_config /opt/heroic/resources/app.asar.unpacked/build/bin/linux/nile --version
(03:52:27) INFO:    [Connection]:       Connectivity: online
(03:52:27) ERROR:   [Gog]:              Unable to syncQueued playtime, userData not present
(03:52:27) INFO:    [Backend]:          AreWeAntiCheatYet data downloaded
(03:52:27) INFO:    [Backend]:          
System Information:
CPU: 16x AMD Ryzen 7 5800X 8-Core Processor
Memory: 33.57 GB (used: 1.37 GB)
GPUs:
  GPU 0:
    Name: NVIDIA Corporation GA104 [GeForce RTX 3060 Ti]
    IDs: D=2486 V=10de SD=147a SV=10de
    Driver: nvidia
OS: Arch Linux 6.7.9-arch1-1 (linux)

The current system is not a Steam Deck
We are not running inside a Flatpak container

Software Versions:
  Heroic: 2.12.0 Vegapunk
  Legendary: 0.20.34 Direct Intervention
  gogdl: 0.7.3
  Nile: 1.0.0 Jonathan Joestar

(03:52:27) INFO:    [Frontend]:         Refreshing undefined Library
(03:52:27) WARNING: [Backend]:          refresh not implemented on Sideload Library Manager
(03:52:27) INFO:    [Legendary]:        Refreshing library...
(03:52:27) INFO:    [Legendary]:        Refreshing Epic Games...
(03:52:27) INFO:    [Legendary]:        Game list updated, got 2 games & DLCs
(03:52:27) INFO:    [Backend]:          Frontend Ready
(03:52:27) WARNING: [Backend]:          listUpdateableGames not implemented on Sideload Library Manager
(03:52:27) INFO:    [Gog]:              Found 0 game(s) to update
(03:52:27) INFO:    [Backend]:          Checking for new Heroic Updates
(03:52:27) INFO:    [Legendary]:        Running command: LEGENDARY_CONFIG_PATH=/home/cj/.config/heroic/legendaryConfig/legendary /opt/heroic/resources/app.asar.unpacked/build/bin/linux/legendary list --third-party
(03:52:27) INFO:    [Legendary]:        Checking for game updates: LEGENDARY_CONFIG_PATH=/home/cj/.config/heroic/legendaryConfig/legendary /opt/heroic/resources/app.asar.unpacked/build/bin/linux/legendary list --third-party
(03:52:27) INFO:    [Backend]:          Checking for current version changelog
(03:52:28) INFO:    [Legendary]:        Found 0 games to update
(03:52:29) INFO:    [Backend]:          Launching Rocket League® (Sugar)
(03:52:29) INFO:    [Backend]:          Preventing display from sleep
(03:52:29) INFO:    [Backend]:          Checking if wine version exists: Proton - Proton 8.0
(03:52:29) INFO:    [Backend]:          Preventing machine to sleep
(03:52:29) INFO:    [Backend]:          Checking if wine version exists: Proton - Proton 8.0
(03:52:29) WARNING: [Backend]:          You are using Proton, this can lead to some bugs. Please do not open issues with bugs related to games
(03:52:29) INFO:    [Backend]:          Checking if wine version exists: Proton - Proton 8.0
(03:52:29) INFO:    [Backend]:          Checking if wine version exists: Proton - Proton 8.0
(03:52:29) DEBUG:   [Backend]:          Running Wine command: run wineboot --init
(03:52:29) INFO:    [Winetricks]:       Downloading Winetricks
(03:52:31) INFO:    [Legendary]:        Launching Rocket League®: HEROIC_APP_NAME=Sugar HEROIC_APP_RUNNER=legendary HEROIC_APP_SOURCE=epic LD_PRELOAD= DOTNET_BUNDLE_EXTRACT_BASE_DIR= DOTNET_ROOT= STEAM_COMPAT_CLIENT_INSTALL_PATH=/home/cj/.steam/steam STEAM_COMPAT_DATA_PATH="/home/cj/Games/Heroic/Prefixes/default/Rocket League" STEAM_COMPAT_INSTALL_PATH=/home/cj/Games/Heroic/rocketleague WINE_FULLSCREEN_FSR=0 PROTON_ENABLE_NVAPI=1 DXVK_NVAPI_ALLOW_OTHER_DRIVERS=1 STEAM_COMPAT_APP_ID=0 SteamAppId=0 SteamGameId=heroic-rocketleague PROTON_LOG_DIR=/home/cj LEGENDARY_CONFIG_PATH=/home/cj/.config/heroic/legendaryConfig/legendary /opt/heroic/resources/app.asar.unpacked/build/bin/linux/legendary launch Sugar --no-wine --wrapper " '/home/cj/.local/share/Steam/steamapps/common/Proton 8.0/proton' run" --language en
(03:52:31) INFO:    [Backend]:          Stopping Power Saver Blocker
(03:52:32) INFO:    [WineDownloader]:   Updating wine versions info
(03:52:32) INFO:    [WineDownloader]:   Fetching upstream information...
(03:52:32) INFO:    [Backend]:          Starting the Download Queue
(03:52:33) INFO:    [WineDownloader]:   wine versions updated
