2024-03-31 05:09:35.287 [info] Added views:workbench.panel.markers.view in workbench.panel.markers
2024-03-31 05:09:35.287 [info] Added views:workbench.panel.output in workbench.panel.output
2024-03-31 05:09:35.287 [info] Added views:terminal in terminal
2024-03-31 05:09:35.287 [info] Added views:outline in workbench.view.explorer
2024-03-31 05:09:35.287 [info] Added views:workbench.scm in workbench.view.scm
2024-03-31 05:09:35.287 [info] Added views:workbench.view.search in workbench.view.search
2024-03-31 05:09:35.287 [info] Added views:timeline in workbench.view.explorer
2024-03-31 05:09:35.287 [info] Added views:workbench.explorer.fileView in workbench.view.explorer
2024-03-31 05:09:35.407 [info] Added views:workbench.debug.welcome in workbench.view.debug
2024-03-31 05:09:35.614 [info] Added views:workbench.panel.repl.view in workbench.panel.repl
2024-03-31 05:09:35.761 [info] Added views:~remote.forwardedPorts in ~remote.forwardedPortsContainer
2024-03-31 05:09:36.071 [info] Added views:test-explorer in workbench.view.extension.test
2024-03-31 05:10:43.977 [info] Added views:workbench.panel.markers.view in workbench.panel.markers
2024-03-31 05:10:43.977 [info] Added views:workbench.panel.output in workbench.panel.output
2024-03-31 05:10:43.977 [info] Added views:terminal in terminal
2024-03-31 05:10:43.977 [info] Added views:outline in workbench.view.explorer
2024-03-31 05:10:43.977 [info] Added views:workbench.scm in workbench.view.scm
2024-03-31 05:10:43.977 [info] Added views:workbench.view.search in workbench.view.search
2024-03-31 05:10:43.977 [info] Added views:timeline in workbench.view.explorer
2024-03-31 05:10:43.977 [info] Added views:workbench.explorer.fileView in workbench.view.explorer
2024-03-31 05:10:44.141 [info] Added views:workbench.debug.variablesView,workbench.debug.watchExpressionsView,workbench.debug.callStackView,workbench.debug.breakPointsView in workbench.view.debug
2024-03-31 05:10:44.213 [info] Added views:workbench.panel.repl.view in workbench.panel.repl
2024-03-31 05:10:44.215 [info] Removed views:workbench.debug.breakPointsView,workbench.debug.callStackView,workbench.debug.watchExpressionsView,workbench.debug.variablesView from workbench.view.debug
2024-03-31 05:10:44.215 [info] Added views:workbench.debug.welcome in workbench.view.debug
2024-03-31 05:10:44.227 [info] Added views:~remote.forwardedPorts in ~remote.forwardedPortsContainer
2024-03-31 05:10:44.329 [info] Added views:test-explorer in workbench.view.extension.test
2024-03-31 05:11:10.812 [info] Added views:workbench.views.extensions.installed,workbench.views.extensions.popular,extensions.recommendedList in workbench.view.extensions
2024-03-31 05:11:10.813 [info] Removed views:workbench.views.extensions.popular from workbench.view.extensions
2024-03-31 05:11:26.485 [info] Removed views:extensions.recommendedList,workbench.views.extensions.installed from workbench.view.extensions
2024-03-31 05:11:26.491 [info] Added views:workbench.views.extensions.marketplace in workbench.view.extensions
2024-03-31 05:14:06.481 [info] Added views:workbench.panel.markers.view in workbench.panel.markers
2024-03-31 05:14:06.481 [info] Added views:workbench.panel.output in workbench.panel.output
2024-03-31 05:14:06.481 [info] Added views:terminal in terminal
2024-03-31 05:14:06.481 [info] Added views:outline in workbench.view.explorer
2024-03-31 05:14:06.481 [info] Added views:workbench.scm in workbench.view.scm
2024-03-31 05:14:06.481 [info] Added views:workbench.view.search in workbench.view.search
2024-03-31 05:14:06.481 [info] Added views:timeline in workbench.view.explorer
2024-03-31 05:14:06.481 [info] Added views:workbench.explorer.fileView in workbench.view.explorer
2024-03-31 05:14:06.670 [info] Added views:workbench.debug.variablesView,workbench.debug.watchExpressionsView,workbench.debug.callStackView,workbench.debug.breakPointsView in workbench.view.debug
2024-03-31 05:14:06.736 [info] Added views:~remote.forwardedPorts in ~remote.forwardedPortsContainer
2024-03-31 05:14:06.786 [info] Added views:workbench.panel.repl.view in workbench.panel.repl
2024-03-31 05:14:06.787 [info] Removed views:workbench.debug.breakPointsView,workbench.debug.callStackView,workbench.debug.watchExpressionsView,workbench.debug.variablesView from workbench.view.debug
2024-03-31 05:14:06.787 [info] Added views:workbench.debug.welcome in workbench.view.debug
2024-03-31 05:14:06.909 [info] Added views:test-explorer in workbench.view.extension.test
2024-03-31 05:29:58.356 [info] Added views:workbench.views.extensions.installed,workbench.views.extensions.popular,extensions.recommendedList in workbench.view.extensions
2024-03-31 05:29:58.357 [info] Removed views:workbench.views.extensions.popular from workbench.view.extensions
2024-03-31 05:30:07.330 [info] Removed views:extensions.recommendedList,workbench.views.extensions.installed from workbench.view.extensions
2024-03-31 05:30:07.334 [info] Added views:workbench.views.extensions.marketplace in workbench.view.extensions
