2024-03-25 15:07:45.276 [info] Log level: Info
2024-03-25 15:07:45.276 [info] Validating found git in: "git"
2024-03-25 15:07:45.276 [info] Using git "2.44.0" from "git"
2024-03-25 15:07:45.276 [info] > git rev-parse --show-toplevel [3ms]
2024-03-25 15:07:45.276 [info] > git rev-parse --git-dir --git-common-dir [2ms]
2024-03-25 15:07:45.276 [info] Open repository: /home/cj/eframe_test
2024-03-25 15:07:45.276 [info] > git config --get commit.template [6ms]
2024-03-25 15:07:45.277 [info] > git rev-parse --show-toplevel [21ms]
2024-03-25 15:07:45.287 [info] > git for-each-ref --format=%(refname)%00%(upstream:short)%00%(objectname)%00%(upstream:track)%00%(upstream:remotename)%00%(upstream:remoteref) refs/heads/master refs/remotes/master [5ms]
2024-03-25 15:07:45.292 [warning] ENOENT: no such file or directory, open '/home/cj/eframe_test/.git/refs/remotes/origin/master'
2024-03-25 15:07:45.293 [info] > git rev-parse --show-toplevel [6ms]
2024-03-25 15:07:45.297 [info] > git rev-parse refs/remotes/origin/master [5ms]
2024-03-25 15:07:45.306 [info] > git status -z -uall [5ms]
2024-03-25 15:07:45.309 [info] > git rev-parse --show-toplevel [12ms]
2024-03-25 15:07:45.322 [info] > git rev-parse --show-toplevel [1ms]
2024-03-25 15:07:45.322 [info] > git config --get commit.template [5ms]
2024-03-25 15:07:45.336 [info] > git rev-parse --show-toplevel [8ms]
2024-03-25 15:07:45.341 [info] > git for-each-ref --format=%(refname)%00%(upstream:short)%00%(objectname)%00%(upstream:track)%00%(upstream:remotename)%00%(upstream:remoteref) refs/heads/master refs/remotes/master [6ms]
2024-03-25 15:07:45.346 [warning] ENOENT: no such file or directory, open '/home/cj/eframe_test/.git/refs/remotes/origin/master'
2024-03-25 15:07:45.346 [info] > git rev-parse --show-toplevel [5ms]
2024-03-25 15:07:45.359 [info] > git rev-parse refs/remotes/origin/master [13ms]
2024-03-25 15:07:45.366 [info] > git status -z -uall [3ms]
2024-03-25 15:07:45.606 [info] > git show --textconv :src/main.rs [5ms]
2024-03-25 15:07:45.607 [info] > git ls-files --stage -- /home/cj/eframe_test/src/main.rs [1ms]
2024-03-25 15:07:45.612 [info] > git cat-file -s 64989fd3a70242652828166413448208274b71a3 [1ms]
2024-03-25 15:07:45.783 [info] > git check-ignore -v -z --stdin [1ms]
2024-03-25 15:07:47.271 [info] > git ls-files --stage -- /home/cj/eframe_test/src/main.rs [1ms]
2024-03-25 15:07:47.276 [info] > git cat-file -s 64989fd3a70242652828166413448208274b71a3 [1ms]
2024-03-25 15:07:47.295 [info] > git show --textconv :src/main.rs [2ms]
2024-03-25 15:07:48.860 [info] > git config --get commit.template [5ms]
2024-03-25 15:07:48.860 [info] > git for-each-ref --format=%(refname)%00%(upstream:short)%00%(objectname)%00%(upstream:track)%00%(upstream:remotename)%00%(upstream:remoteref) refs/heads/master refs/remotes/master [1ms]
2024-03-25 15:07:48.864 [warning] ENOENT: no such file or directory, open '/home/cj/eframe_test/.git/refs/remotes/origin/master'
2024-03-25 15:07:48.865 [info] > git rev-parse refs/remotes/origin/master [1ms]
2024-03-25 15:07:48.871 [info] > git status -z -uall [2ms]
2024-03-25 15:08:41.150 [info] > git show --textconv :src/main.rs [5ms]
2024-03-25 15:08:41.151 [info] > git ls-files --stage -- /home/cj/eframe_test/src/main.rs [1ms]
2024-03-25 15:08:41.156 [info] > git cat-file -s 64989fd3a70242652828166413448208274b71a3 [1ms]
2024-03-25 15:08:50.523 [info] > git show --textconv :src/app.rs [5ms]
2024-03-25 15:08:50.524 [info] > git ls-files --stage -- /home/cj/eframe_test/src/app.rs [1ms]
2024-03-25 15:08:50.536 [info] > git cat-file -s 18dd25973c1cdd3ecf29961e4b909836a6507a3d [1ms]
2024-03-25 15:09:00.499 [info] Log level: Info
2024-03-25 15:09:00.499 [info] Validating found git in: "git"
2024-03-25 15:09:00.499 [info] Using git "2.44.0" from "git"
2024-03-25 15:09:00.500 [info] > git rev-parse --show-toplevel [1ms]
2024-03-25 15:09:00.506 [info] > git rev-parse --git-dir --git-common-dir [2ms]
2024-03-25 15:09:00.509 [info] Open repository: /home/cj/rust-project
2024-03-25 15:09:00.522 [info] > git rev-parse --show-toplevel [1ms]
2024-03-25 15:09:00.523 [info] > git config --get commit.template [8ms]
2024-03-25 15:09:00.552 [info] > git rev-parse --show-toplevel [8ms]
2024-03-25 15:09:00.563 [info] > git for-each-ref --format=%(refname)%00%(upstream:short)%00%(objectname)%00%(upstream:track)%00%(upstream:remotename)%00%(upstream:remoteref) refs/heads/master refs/remotes/master [12ms]
2024-03-25 15:09:00.564 [info] > git rev-parse --show-toplevel [2ms]
2024-03-25 15:09:00.572 [info] > git rev-parse --show-toplevel [1ms]
2024-03-25 15:09:00.582 [info] > git status -z -uall [6ms]
2024-03-25 15:09:00.583 [info] > git rev-parse --show-toplevel [2ms]
2024-03-25 15:09:00.595 [info] > git config --get commit.template [2ms]
2024-03-25 15:09:00.611 [info] > git for-each-ref --format=%(refname)%00%(upstream:short)%00%(objectname)%00%(upstream:track)%00%(upstream:remotename)%00%(upstream:remoteref) refs/heads/master refs/remotes/master [11ms]
2024-03-25 15:09:00.622 [info] > git status -z -uall [2ms]
2024-03-25 15:09:00.825 [info] > git show --textconv :src/main.rs [6ms]
2024-03-25 15:09:00.826 [info] > git ls-files --stage -- /home/cj/rust-project/src/main.rs [1ms]
2024-03-25 15:09:00.831 [info] > git cat-file -s ac611def4b1a99b961e1aa8fcabef4741e9577cc [1ms]
2024-03-25 15:09:01.056 [info] > git check-ignore -v -z --stdin [1ms]
2024-03-25 15:09:02.035 [info] > git check-ignore -v -z --stdin [1ms]
2024-03-25 15:09:02.418 [info] > git ls-files --stage -- /home/cj/rust-project/src/main.rs [0ms]
2024-03-25 15:09:02.424 [info] > git cat-file -s ac611def4b1a99b961e1aa8fcabef4741e9577cc [1ms]
2024-03-25 15:09:02.431 [info] > git show --textconv :src/main.rs [1ms]
2024-03-25 15:09:06.184 [info] > git config --get commit.template [5ms]
2024-03-25 15:09:06.184 [info] > git for-each-ref --format=%(refname)%00%(upstream:short)%00%(objectname)%00%(upstream:track)%00%(upstream:remotename)%00%(upstream:remoteref) refs/heads/master refs/remotes/master [1ms]
2024-03-25 15:09:06.189 [info] > git status -z -uall [1ms]
2024-03-25 15:09:11.656 [info] > git check-ignore -v -z --stdin [1ms]
2024-03-25 15:09:12.247 [info] > git check-ignore -v -z --stdin [0ms]
2024-03-25 15:09:12.500 [info] > git show --textconv :solver/src/main.rs [6ms]
2024-03-25 15:09:12.500 [info] > git ls-files --stage -- /home/cj/rust-project/solver/src/main.rs [1ms]
2024-03-25 15:09:12.504 [info] > git cat-file -s 6e9bedf9106616e27f80558d76b5d4fa4d2cc427 [0ms]
2024-03-25 15:09:23.140 [info] > git config --get commit.template [5ms]
2024-03-25 15:09:23.141 [info] > git for-each-ref --format=%(refname)%00%(upstream:short)%00%(objectname)%00%(upstream:track)%00%(upstream:remotename)%00%(upstream:remoteref) refs/heads/master refs/remotes/master [1ms]
2024-03-25 15:09:23.146 [info] > git status -z -uall [1ms]
2024-03-25 15:09:48.212 [info] > git config --get commit.template [6ms]
2024-03-25 15:09:48.212 [info] > git for-each-ref --format=%(refname)%00%(upstream:short)%00%(objectname)%00%(upstream:track)%00%(upstream:remotename)%00%(upstream:remoteref) refs/heads/master refs/remotes/master [1ms]
2024-03-25 15:09:48.218 [info] > git status -z -uall [1ms]
2024-03-25 15:09:53.475 [info] > git show --textconv :src/main.rs [4ms]
2024-03-25 15:09:53.475 [info] > git ls-files --stage -- /home/cj/rust-project/src/main.rs [1ms]
2024-03-25 15:09:53.480 [info] > git cat-file -s ac611def4b1a99b961e1aa8fcabef4741e9577cc [0ms]
2024-03-25 15:09:56.787 [info] > git show --textconv :solver/src/main.rs [4ms]
2024-03-25 15:09:56.788 [info] > git ls-files --stage -- /home/cj/rust-project/solver/src/main.rs [1ms]
2024-03-25 15:09:56.792 [info] > git cat-file -s 6e9bedf9106616e27f80558d76b5d4fa4d2cc427 [1ms]
2024-03-25 15:09:58.657 [info] > git show --textconv :src/main.rs [5ms]
2024-03-25 15:09:58.658 [info] > git ls-files --stage -- /home/cj/rust-project/src/main.rs [1ms]
2024-03-25 15:09:58.662 [info] > git cat-file -s ac611def4b1a99b961e1aa8fcabef4741e9577cc [1ms]
2024-03-25 15:10:22.657 [info] > git show --textconv :solver/src/main.rs [5ms]
2024-03-25 15:10:22.658 [info] > git ls-files --stage -- /home/cj/rust-project/solver/src/main.rs [1ms]
2024-03-25 15:10:22.663 [info] > git cat-file -s 6e9bedf9106616e27f80558d76b5d4fa4d2cc427 [1ms]
2024-03-25 15:10:23.956 [info] > git show --textconv :src/main.rs [5ms]
2024-03-25 15:10:23.956 [info] > git ls-files --stage -- /home/cj/rust-project/src/main.rs [1ms]
2024-03-25 15:10:23.961 [info] > git cat-file -s ac611def4b1a99b961e1aa8fcabef4741e9577cc [1ms]
2024-03-25 15:11:00.187 [info] > git config --get commit.template [5ms]
2024-03-25 15:11:00.187 [info] > git for-each-ref --format=%(refname)%00%(upstream:short)%00%(objectname)%00%(upstream:track)%00%(upstream:remotename)%00%(upstream:remoteref) refs/heads/master refs/remotes/master [1ms]
2024-03-25 15:11:00.192 [info] > git status -z -uall [1ms]
2024-03-25 15:11:09.016 [info] > git config --get commit.template [5ms]
2024-03-25 15:11:09.016 [info] > git for-each-ref --format=%(refname)%00%(upstream:short)%00%(objectname)%00%(upstream:track)%00%(upstream:remotename)%00%(upstream:remoteref) refs/heads/master refs/remotes/master [0ms]
2024-03-25 15:11:09.022 [info] > git status -z -uall [1ms]
2024-03-25 15:11:25.947 [info] > git show --textconv :solver/src/main.rs [3ms]
2024-03-25 15:11:25.948 [info] > git ls-files --stage -- /home/cj/rust-project/solver/src/main.rs [1ms]
2024-03-25 15:11:25.952 [info] > git cat-file -s 6e9bedf9106616e27f80558d76b5d4fa4d2cc427 [1ms]
2024-03-25 15:11:28.527 [info] > git show --textconv :src/main.rs [5ms]
2024-03-25 15:11:28.528 [info] > git ls-files --stage -- /home/cj/rust-project/src/main.rs [1ms]
2024-03-25 15:11:28.540 [info] > git cat-file -s ac611def4b1a99b961e1aa8fcabef4741e9577cc [0ms]
2024-03-25 15:11:38.194 [info] > git show --textconv :solver/src/main.rs [5ms]
2024-03-25 15:11:38.194 [info] > git ls-files --stage -- /home/cj/rust-project/solver/src/main.rs [1ms]
2024-03-25 15:11:38.199 [info] > git cat-file -s 6e9bedf9106616e27f80558d76b5d4fa4d2cc427 [1ms]
2024-03-25 15:11:39.781 [info] > git show --textconv :src/main.rs [6ms]
2024-03-25 15:11:39.782 [info] > git ls-files --stage -- /home/cj/rust-project/src/main.rs [1ms]
2024-03-25 15:11:39.787 [info] > git cat-file -s ac611def4b1a99b961e1aa8fcabef4741e9577cc [1ms]
2024-03-25 15:15:38.831 [info] > git config --get commit.template [5ms]
2024-03-25 15:15:38.832 [info] > git for-each-ref --format=%(refname)%00%(upstream:short)%00%(objectname)%00%(upstream:track)%00%(upstream:remotename)%00%(upstream:remoteref) refs/heads/master refs/remotes/master [1ms]
2024-03-25 15:15:38.836 [info] > git status -z -uall [0ms]
2024-03-25 15:15:50.778 [info] > git config --get commit.template [4ms]
2024-03-25 15:15:50.778 [info] > git for-each-ref --format=%(refname)%00%(upstream:short)%00%(objectname)%00%(upstream:track)%00%(upstream:remotename)%00%(upstream:remoteref) refs/heads/master refs/remotes/master [0ms]
2024-03-25 15:15:50.784 [info] > git status -z -uall [1ms]
2024-03-25 15:16:26.250 [info] > git show --textconv :solver/src/main.rs [4ms]
2024-03-25 15:16:26.251 [info] > git ls-files --stage -- /home/cj/rust-project/solver/src/main.rs [1ms]
2024-03-25 15:16:26.255 [info] > git cat-file -s 6e9bedf9106616e27f80558d76b5d4fa4d2cc427 [0ms]
2024-03-25 15:16:30.205 [info] > git show --textconv :src/main.rs [5ms]
2024-03-25 15:16:30.206 [info] > git ls-files --stage -- /home/cj/rust-project/src/main.rs [1ms]
2024-03-25 15:16:30.210 [info] > git cat-file -s ac611def4b1a99b961e1aa8fcabef4741e9577cc [0ms]
2024-03-25 15:16:33.211 [info] > git config --get commit.template [4ms]
2024-03-25 15:16:33.212 [info] > git for-each-ref --format=%(refname)%00%(upstream:short)%00%(objectname)%00%(upstream:track)%00%(upstream:remotename)%00%(upstream:remoteref) refs/heads/master refs/remotes/master [1ms]
2024-03-25 15:16:33.217 [info] > git status -z -uall [1ms]
2024-03-25 15:16:53.462 [info] > git config --get commit.template [5ms]
2024-03-25 15:16:53.462 [info] > git for-each-ref --format=%(refname)%00%(upstream:short)%00%(objectname)%00%(upstream:track)%00%(upstream:remotename)%00%(upstream:remoteref) refs/heads/master refs/remotes/master [1ms]
2024-03-25 15:16:53.467 [info] > git status -z -uall [1ms]
2024-03-25 15:16:58.485 [info] > git config --get commit.template [4ms]
2024-03-25 15:16:58.485 [info] > git for-each-ref --format=%(refname)%00%(upstream:short)%00%(objectname)%00%(upstream:track)%00%(upstream:remotename)%00%(upstream:remoteref) refs/heads/master refs/remotes/master [1ms]
2024-03-25 15:16:58.491 [info] > git status -z -uall [1ms]
2024-03-25 15:17:16.313 [info] > git config --get commit.template [6ms]
2024-03-25 15:17:16.313 [info] > git for-each-ref --format=%(refname)%00%(upstream:short)%00%(objectname)%00%(upstream:track)%00%(upstream:remotename)%00%(upstream:remoteref) refs/heads/master refs/remotes/master [1ms]
2024-03-25 15:17:16.318 [info] > git status -z -uall [1ms]
2024-03-25 15:17:27.864 [info] > git config --get commit.template [5ms]
2024-03-25 15:17:27.864 [info] > git for-each-ref --format=%(refname)%00%(upstream:short)%00%(objectname)%00%(upstream:track)%00%(upstream:remotename)%00%(upstream:remoteref) refs/heads/master refs/remotes/master [1ms]
2024-03-25 15:17:27.869 [info] > git status -z -uall [1ms]
2024-03-25 15:17:32.931 [info] > git config --get commit.template [4ms]
2024-03-25 15:17:32.932 [info] > git for-each-ref --format=%(refname)%00%(upstream:short)%00%(objectname)%00%(upstream:track)%00%(upstream:remotename)%00%(upstream:remoteref) refs/heads/master refs/remotes/master [1ms]
2024-03-25 15:17:32.937 [info] > git status -z -uall [1ms]
2024-03-25 15:17:43.720 [info] > git config --get commit.template [6ms]
2024-03-25 15:17:43.720 [info] > git for-each-ref --format=%(refname)%00%(upstream:short)%00%(objectname)%00%(upstream:track)%00%(upstream:remotename)%00%(upstream:remoteref) refs/heads/master refs/remotes/master [1ms]
2024-03-25 15:17:43.726 [info] > git status -z -uall [2ms]
2024-03-25 15:18:51.076 [info] > git show --textconv :Cargo.lock [7ms]
2024-03-25 15:18:51.077 [info] > git ls-files --stage -- /home/cj/rust-project/Cargo.lock [1ms]
2024-03-25 15:18:51.083 [info] > git cat-file -s 282bce6a81deadcbb84a310be83e56f3ea478099 [1ms]
2024-03-25 15:18:51.487 [info] > git show --textconv :Cargo.toml [5ms]
2024-03-25 15:18:51.488 [info] > git ls-files --stage -- /home/cj/rust-project/Cargo.toml [1ms]
2024-03-25 15:18:51.493 [info] > git cat-file -s 878256f73f936f61f89ce77c797a64413acab757 [1ms]
2024-03-25 15:18:58.526 [info] > git show --textconv :src/main.rs [6ms]
2024-03-25 15:18:58.527 [info] > git ls-files --stage -- /home/cj/rust-project/src/main.rs [1ms]
2024-03-25 15:18:58.531 [info] > git cat-file -s ac611def4b1a99b961e1aa8fcabef4741e9577cc [0ms]
2024-03-25 15:20:20.251 [info] > git config --get commit.template [5ms]
2024-03-25 15:20:20.251 [info] > git for-each-ref --format=%(refname)%00%(upstream:short)%00%(objectname)%00%(upstream:track)%00%(upstream:remotename)%00%(upstream:remoteref) refs/heads/master refs/remotes/master [1ms]
2024-03-25 15:20:20.256 [info] > git status -z -uall [1ms]
2024-03-25 15:20:32.952 [info] > git config --get commit.template [6ms]
2024-03-25 15:20:32.952 [info] > git for-each-ref --format=%(refname)%00%(upstream:short)%00%(objectname)%00%(upstream:track)%00%(upstream:remotename)%00%(upstream:remoteref) refs/heads/master refs/remotes/master [1ms]
2024-03-25 15:20:32.958 [info] > git status -z -uall [1ms]
2024-03-25 15:21:30.198 [info] > git config --get commit.template [5ms]
2024-03-25 15:21:30.198 [info] > git for-each-ref --format=%(refname)%00%(upstream:short)%00%(objectname)%00%(upstream:track)%00%(upstream:remotename)%00%(upstream:remoteref) refs/heads/master refs/remotes/master [1ms]
2024-03-25 15:21:30.203 [info] > git status -z -uall [1ms]
2024-03-25 15:22:17.110 [info] > git config --get commit.template [6ms]
2024-03-25 15:22:17.111 [info] > git for-each-ref --format=%(refname)%00%(upstream:short)%00%(objectname)%00%(upstream:track)%00%(upstream:remotename)%00%(upstream:remoteref) refs/heads/master refs/remotes/master [1ms]
2024-03-25 15:22:17.117 [info] > git status -z -uall [1ms]
2024-03-25 15:24:02.672 [info] > git config --get commit.template [4ms]
2024-03-25 15:24:02.673 [info] > git for-each-ref --format=%(refname)%00%(upstream:short)%00%(objectname)%00%(upstream:track)%00%(upstream:remotename)%00%(upstream:remoteref) refs/heads/master refs/remotes/master [1ms]
2024-03-25 15:24:02.679 [info] > git status -z -uall [1ms]
2024-03-25 15:32:54.385 [info] > git config --get commit.template [6ms]
2024-03-25 15:32:54.385 [info] > git for-each-ref --format=%(refname)%00%(upstream:short)%00%(objectname)%00%(upstream:track)%00%(upstream:remotename)%00%(upstream:remoteref) refs/heads/master refs/remotes/master [1ms]
2024-03-25 15:32:54.391 [info] > git status -z -uall [1ms]
2024-03-25 15:33:04.428 [info] > git config --get commit.template [5ms]
2024-03-25 15:33:04.428 [info] > git for-each-ref --format=%(refname)%00%(upstream:short)%00%(objectname)%00%(upstream:track)%00%(upstream:remotename)%00%(upstream:remoteref) refs/heads/master refs/remotes/master [0ms]
2024-03-25 15:33:04.434 [info] > git status -z -uall [1ms]
2024-03-25 16:15:15.088 [info] > git config --get commit.template [5ms]
2024-03-25 16:15:15.089 [info] > git for-each-ref --format=%(refname)%00%(upstream:short)%00%(objectname)%00%(upstream:track)%00%(upstream:remotename)%00%(upstream:remoteref) refs/heads/master refs/remotes/master [1ms]
2024-03-25 16:15:15.094 [info] > git status -z -uall [1ms]
2024-03-25 16:21:59.796 [info] > git config --get commit.template [5ms]
2024-03-25 16:21:59.796 [info] > git for-each-ref --format=%(refname)%00%(upstream:short)%00%(objectname)%00%(upstream:track)%00%(upstream:remotename)%00%(upstream:remoteref) refs/heads/master refs/remotes/master [1ms]
2024-03-25 16:21:59.801 [info] > git status -z -uall [1ms]
2024-03-25 16:22:05.377 [info] > git config --get commit.template [5ms]
2024-03-25 16:22:05.378 [info] > git for-each-ref --format=%(refname)%00%(upstream:short)%00%(objectname)%00%(upstream:track)%00%(upstream:remotename)%00%(upstream:remoteref) refs/heads/master refs/remotes/master [1ms]
2024-03-25 16:22:05.384 [info] > git status -z -uall [1ms]
2024-03-25 16:22:10.402 [info] > git config --get commit.template [6ms]
2024-03-25 16:22:10.403 [info] > git for-each-ref --format=%(refname)%00%(upstream:short)%00%(objectname)%00%(upstream:track)%00%(upstream:remotename)%00%(upstream:remoteref) refs/heads/master refs/remotes/master [1ms]
2024-03-25 16:22:10.409 [info] > git status -z -uall [1ms]
2024-03-25 16:55:31.238 [info] > git config --get commit.template [8ms]
2024-03-25 16:55:31.238 [info] > git for-each-ref --format=%(refname)%00%(upstream:short)%00%(objectname)%00%(upstream:track)%00%(upstream:remotename)%00%(upstream:remoteref) refs/heads/master refs/remotes/master [1ms]
2024-03-25 16:55:31.245 [info] > git status -z -uall [1ms]
2024-03-25 16:56:21.500 [info] > git config --get commit.template [4ms]
2024-03-25 16:56:21.501 [info] > git for-each-ref --format=%(refname)%00%(upstream:short)%00%(objectname)%00%(upstream:track)%00%(upstream:remotename)%00%(upstream:remoteref) refs/heads/master refs/remotes/master [1ms]
2024-03-25 16:56:21.507 [info] > git status -z -uall [1ms]
2024-03-25 16:56:56.198 [info] > git config --get commit.template [6ms]
2024-03-25 16:56:56.198 [info] > git for-each-ref --format=%(refname)%00%(upstream:short)%00%(objectname)%00%(upstream:track)%00%(upstream:remotename)%00%(upstream:remoteref) refs/heads/master refs/remotes/master [1ms]
2024-03-25 16:56:56.203 [info] > git status -z -uall [1ms]
2024-03-25 16:57:01.219 [info] > git config --get commit.template [6ms]
2024-03-25 16:57:01.219 [info] > git for-each-ref --format=%(refname)%00%(upstream:short)%00%(objectname)%00%(upstream:track)%00%(upstream:remotename)%00%(upstream:remoteref) refs/heads/master refs/remotes/master [1ms]
2024-03-25 16:57:01.224 [info] > git status -z -uall [0ms]
2024-03-25 16:57:06.239 [info] > git config --get commit.template [6ms]
2024-03-25 16:57:06.239 [info] > git for-each-ref --format=%(refname)%00%(upstream:short)%00%(objectname)%00%(upstream:track)%00%(upstream:remotename)%00%(upstream:remoteref) refs/heads/master refs/remotes/master [1ms]
2024-03-25 16:57:06.245 [info] > git status -z -uall [1ms]
2024-03-25 16:57:22.665 [info] > git config --get commit.template [5ms]
2024-03-25 16:57:22.665 [info] > git for-each-ref --format=%(refname)%00%(upstream:short)%00%(objectname)%00%(upstream:track)%00%(upstream:remotename)%00%(upstream:remoteref) refs/heads/master refs/remotes/master [1ms]
2024-03-25 16:57:22.670 [info] > git status -z -uall [1ms]
2024-03-25 16:59:22.038 [info] > git for-each-ref --format=%(refname)%00%(upstream:short)%00%(objectname)%00%(upstream:track)%00%(upstream:remotename)%00%(upstream:remoteref) refs/heads/master refs/remotes/master [1ms]
2024-03-25 16:59:22.038 [info] > git config --get commit.template [6ms]
2024-03-25 16:59:22.043 [info] > git status -z -uall [1ms]
2024-03-25 16:59:29.924 [info] > git config --get commit.template [5ms]
2024-03-25 16:59:29.924 [info] > git for-each-ref --format=%(refname)%00%(upstream:short)%00%(objectname)%00%(upstream:track)%00%(upstream:remotename)%00%(upstream:remoteref) refs/heads/master refs/remotes/master [1ms]
2024-03-25 16:59:29.930 [info] > git status -z -uall [1ms]
2024-03-25 16:59:36.642 [info] > git config --get commit.template [6ms]
2024-03-25 16:59:36.642 [info] > git for-each-ref --format=%(refname)%00%(upstream:short)%00%(objectname)%00%(upstream:track)%00%(upstream:remotename)%00%(upstream:remoteref) refs/heads/master refs/remotes/master [0ms]
2024-03-25 16:59:36.648 [info] > git status -z -uall [1ms]
2024-03-25 17:00:33.574 [info] > git config --get commit.template [6ms]
2024-03-25 17:00:33.574 [info] > git for-each-ref --format=%(refname)%00%(upstream:short)%00%(objectname)%00%(upstream:track)%00%(upstream:remotename)%00%(upstream:remoteref) refs/heads/master refs/remotes/master [1ms]
2024-03-25 17:00:33.580 [info] > git status -z -uall [1ms]
2024-03-25 17:03:11.532 [info] > git config --get commit.template [6ms]
2024-03-25 17:03:11.532 [info] > git for-each-ref --format=%(refname)%00%(upstream:short)%00%(objectname)%00%(upstream:track)%00%(upstream:remotename)%00%(upstream:remoteref) refs/heads/master refs/remotes/master [1ms]
2024-03-25 17:03:11.539 [info] > git status -z -uall [2ms]
2024-03-25 17:03:16.555 [info] > git config --get commit.template [6ms]
2024-03-25 17:03:16.556 [info] > git for-each-ref --format=%(refname)%00%(upstream:short)%00%(objectname)%00%(upstream:track)%00%(upstream:remotename)%00%(upstream:remoteref) refs/heads/master refs/remotes/master [0ms]
2024-03-25 17:03:16.562 [info] > git status -z -uall [1ms]
2024-03-25 17:03:25.945 [info] > git config --get commit.template [5ms]
2024-03-25 17:03:25.945 [info] > git for-each-ref --format=%(refname)%00%(upstream:short)%00%(objectname)%00%(upstream:track)%00%(upstream:remotename)%00%(upstream:remoteref) refs/heads/master refs/remotes/master [0ms]
2024-03-25 17:03:25.951 [info] > git status -z -uall [1ms]
2024-03-25 17:03:33.108 [info] > git config --get commit.template [5ms]
2024-03-25 17:03:33.109 [info] > git for-each-ref --format=%(refname)%00%(upstream:short)%00%(objectname)%00%(upstream:track)%00%(upstream:remotename)%00%(upstream:remoteref) refs/heads/master refs/remotes/master [1ms]
2024-03-25 17:03:33.116 [info] > git status -z -uall [2ms]
2024-03-25 17:03:40.271 [info] > git config --get commit.template [6ms]
2024-03-25 17:03:40.272 [info] > git for-each-ref --format=%(refname)%00%(upstream:short)%00%(objectname)%00%(upstream:track)%00%(upstream:remotename)%00%(upstream:remoteref) refs/heads/master refs/remotes/master [1ms]
2024-03-25 17:03:40.277 [info] > git status -z -uall [1ms]
2024-03-25 17:03:50.785 [info] > git config --get commit.template [5ms]
2024-03-25 17:03:50.786 [info] > git for-each-ref --format=%(refname)%00%(upstream:short)%00%(objectname)%00%(upstream:track)%00%(upstream:remotename)%00%(upstream:remoteref) refs/heads/master refs/remotes/master [1ms]
2024-03-25 17:03:50.791 [info] > git status -z -uall [0ms]
2024-03-25 17:03:58.211 [info] > git config --get commit.template [5ms]
2024-03-25 17:03:58.211 [info] > git for-each-ref --format=%(refname)%00%(upstream:short)%00%(objectname)%00%(upstream:track)%00%(upstream:remotename)%00%(upstream:remoteref) refs/heads/master refs/remotes/master [1ms]
2024-03-25 17:03:58.217 [info] > git status -z -uall [1ms]
2024-03-25 17:04:03.231 [info] > git config --get commit.template [5ms]
2024-03-25 17:04:03.231 [info] > git for-each-ref --format=%(refname)%00%(upstream:short)%00%(objectname)%00%(upstream:track)%00%(upstream:remotename)%00%(upstream:remoteref) refs/heads/master refs/remotes/master [1ms]
2024-03-25 17:04:03.237 [info] > git status -z -uall [1ms]
2024-03-25 17:05:13.656 [info] > git config --get commit.template [6ms]
2024-03-25 17:05:13.656 [info] > git for-each-ref --format=%(refname)%00%(upstream:short)%00%(objectname)%00%(upstream:track)%00%(upstream:remotename)%00%(upstream:remoteref) refs/heads/master refs/remotes/master [1ms]
2024-03-25 17:05:13.662 [info] > git status -z -uall [1ms]
2024-03-25 17:05:18.678 [info] > git config --get commit.template [6ms]
2024-03-25 17:05:18.679 [info] > git for-each-ref --format=%(refname)%00%(upstream:short)%00%(objectname)%00%(upstream:track)%00%(upstream:remotename)%00%(upstream:remoteref) refs/heads/master refs/remotes/master [1ms]
2024-03-25 17:05:18.685 [info] > git status -z -uall [1ms]
2024-03-25 17:05:25.086 [info] > git config --get commit.template [6ms]
2024-03-25 17:05:25.086 [info] > git for-each-ref --format=%(refname)%00%(upstream:short)%00%(objectname)%00%(upstream:track)%00%(upstream:remotename)%00%(upstream:remoteref) refs/heads/master refs/remotes/master [1ms]
2024-03-25 17:05:25.092 [info] > git status -z -uall [1ms]
2024-03-25 17:05:39.415 [info] > git config --get commit.template [6ms]
2024-03-25 17:05:39.416 [info] > git for-each-ref --format=%(refname)%00%(upstream:short)%00%(objectname)%00%(upstream:track)%00%(upstream:remotename)%00%(upstream:remoteref) refs/heads/master refs/remotes/master [1ms]
2024-03-25 17:05:39.421 [info] > git status -z -uall [1ms]
2024-03-25 17:06:56.553 [info] > git config --get commit.template [5ms]
2024-03-25 17:06:56.554 [info] > git for-each-ref --format=%(refname)%00%(upstream:short)%00%(objectname)%00%(upstream:track)%00%(upstream:remotename)%00%(upstream:remoteref) refs/heads/master refs/remotes/master [1ms]
2024-03-25 17:06:56.559 [info] > git status -z -uall [1ms]
2024-03-25 17:07:12.210 [info] > git config --get commit.template [6ms]
2024-03-25 17:07:12.210 [info] > git for-each-ref --format=%(refname)%00%(upstream:short)%00%(objectname)%00%(upstream:track)%00%(upstream:remotename)%00%(upstream:remoteref) refs/heads/master refs/remotes/master [1ms]
2024-03-25 17:07:12.216 [info] > git status -z -uall [1ms]
2024-03-25 17:08:06.781 [info] > git config --get commit.template [6ms]
2024-03-25 17:08:06.782 [info] > git for-each-ref --format=%(refname)%00%(upstream:short)%00%(objectname)%00%(upstream:track)%00%(upstream:remotename)%00%(upstream:remoteref) refs/heads/master refs/remotes/master [1ms]
2024-03-25 17:08:06.787 [info] > git status -z -uall [1ms]
2024-03-25 17:08:20.851 [info] > git config --get commit.template [6ms]
2024-03-25 17:08:20.852 [info] > git for-each-ref --format=%(refname)%00%(upstream:short)%00%(objectname)%00%(upstream:track)%00%(upstream:remotename)%00%(upstream:remoteref) refs/heads/master refs/remotes/master [1ms]
2024-03-25 17:08:20.858 [info] > git status -z -uall [1ms]
2024-03-25 17:08:45.850 [info] > git config --get commit.template [9ms]
2024-03-25 17:08:45.850 [info] > git for-each-ref --format=%(refname)%00%(upstream:short)%00%(objectname)%00%(upstream:track)%00%(upstream:remotename)%00%(upstream:remoteref) refs/heads/master refs/remotes/master [2ms]
2024-03-25 17:08:45.876 [info] > git status -z -uall [2ms]
2024-03-25 17:08:52.284 [info] > git config --get commit.template [5ms]
2024-03-25 17:08:52.284 [info] > git for-each-ref --format=%(refname)%00%(upstream:short)%00%(objectname)%00%(upstream:track)%00%(upstream:remotename)%00%(upstream:remoteref) refs/heads/master refs/remotes/master [0ms]
2024-03-25 17:08:52.290 [info] > git status -z -uall [1ms]
2024-03-25 17:09:00.782 [info] > git config --get commit.template [6ms]
2024-03-25 17:09:00.783 [info] > git for-each-ref --format=%(refname)%00%(upstream:short)%00%(objectname)%00%(upstream:track)%00%(upstream:remotename)%00%(upstream:remoteref) refs/heads/master refs/remotes/master [1ms]
2024-03-25 17:09:00.788 [info] > git status -z -uall [1ms]
2024-03-25 17:09:14.395 [info] > git config --get commit.template [5ms]
2024-03-25 17:09:14.395 [info] > git for-each-ref --format=%(refname)%00%(upstream:short)%00%(objectname)%00%(upstream:track)%00%(upstream:remotename)%00%(upstream:remoteref) refs/heads/master refs/remotes/master [1ms]
2024-03-25 17:09:14.403 [info] > git status -z -uall [1ms]
2024-03-25 17:10:50.719 [info] > git config --get commit.template [6ms]
2024-03-25 17:10:50.719 [info] > git for-each-ref --format=%(refname)%00%(upstream:short)%00%(objectname)%00%(upstream:track)%00%(upstream:remotename)%00%(upstream:remoteref) refs/heads/master refs/remotes/master [1ms]
2024-03-25 17:10:50.726 [info] > git status -z -uall [1ms]
2024-03-25 17:10:50.741 [info] > git ls-files --stage -- /home/cj/rust-project/src/main.rs [1ms]
2024-03-25 17:10:50.747 [info] > git cat-file -s ac611def4b1a99b961e1aa8fcabef4741e9577cc [0ms]
2024-03-25 17:10:50.753 [info] > git show --textconv :src/main.rs [1ms]
2024-03-25 17:10:55.741 [info] > git config --get commit.template [5ms]
2024-03-25 17:10:55.741 [info] > git for-each-ref --format=%(refname)%00%(upstream:short)%00%(objectname)%00%(upstream:track)%00%(upstream:remotename)%00%(upstream:remoteref) refs/heads/master refs/remotes/master [1ms]
2024-03-25 17:10:55.747 [info] > git status -z -uall [1ms]
2024-03-25 17:19:24.414 [info] > git config --get commit.template [6ms]
2024-03-25 17:19:24.414 [info] > git for-each-ref --format=%(refname)%00%(upstream:short)%00%(objectname)%00%(upstream:track)%00%(upstream:remotename)%00%(upstream:remoteref) refs/heads/master refs/remotes/master [1ms]
2024-03-25 17:19:24.420 [info] > git status -z -uall [1ms]
2024-03-25 17:19:51.351 [info] > git config --get commit.template [5ms]
2024-03-25 17:19:51.352 [info] > git for-each-ref --format=%(refname)%00%(upstream:short)%00%(objectname)%00%(upstream:track)%00%(upstream:remotename)%00%(upstream:remoteref) refs/heads/master refs/remotes/master [1ms]
2024-03-25 17:19:51.358 [info] > git status -z -uall [1ms]
2024-03-25 17:20:25.762 [info] > git config --get commit.template [7ms]
2024-03-25 17:20:25.762 [info] > git for-each-ref --format=%(refname)%00%(upstream:short)%00%(objectname)%00%(upstream:track)%00%(upstream:remotename)%00%(upstream:remoteref) refs/heads/master refs/remotes/master [1ms]
2024-03-25 17:20:25.768 [info] > git status -z -uall [1ms]
2024-03-25 17:20:39.504 [info] > git config --get commit.template [5ms]
2024-03-25 17:20:39.505 [info] > git for-each-ref --format=%(refname)%00%(upstream:short)%00%(objectname)%00%(upstream:track)%00%(upstream:remotename)%00%(upstream:remoteref) refs/heads/master refs/remotes/master [1ms]
2024-03-25 17:20:39.512 [info] > git status -z -uall [1ms]
2024-03-25 17:20:46.362 [info] > git config --get commit.template [4ms]
2024-03-25 17:20:46.362 [info] > git for-each-ref --format=%(refname)%00%(upstream:short)%00%(objectname)%00%(upstream:track)%00%(upstream:remotename)%00%(upstream:remoteref) refs/heads/master refs/remotes/master [1ms]
2024-03-25 17:20:46.368 [info] > git status -z -uall [1ms]
2024-03-25 17:20:57.091 [info] > git config --get commit.template [6ms]
2024-03-25 17:20:57.092 [info] > git for-each-ref --format=%(refname)%00%(upstream:short)%00%(objectname)%00%(upstream:track)%00%(upstream:remotename)%00%(upstream:remoteref) refs/heads/master refs/remotes/master [1ms]
2024-03-25 17:20:57.099 [info] > git status -z -uall [2ms]
2024-03-25 17:21:10.828 [info] > git config --get commit.template [5ms]
2024-03-25 17:21:10.828 [info] > git for-each-ref --format=%(refname)%00%(upstream:short)%00%(objectname)%00%(upstream:track)%00%(upstream:remotename)%00%(upstream:remoteref) refs/heads/master refs/remotes/master [1ms]
2024-03-25 17:21:10.834 [info] > git status -z -uall [1ms]
2024-03-25 17:22:35.209 [info] > git config --get commit.template [6ms]
2024-03-25 17:22:35.209 [info] > git for-each-ref --format=%(refname)%00%(upstream:short)%00%(objectname)%00%(upstream:track)%00%(upstream:remotename)%00%(upstream:remoteref) refs/heads/master refs/remotes/master [1ms]
2024-03-25 17:22:35.215 [info] > git status -z -uall [1ms]
2024-03-25 17:24:00.756 [info] > git config --get commit.template [6ms]
2024-03-25 17:24:00.756 [info] > git for-each-ref --format=%(refname)%00%(upstream:short)%00%(objectname)%00%(upstream:track)%00%(upstream:remotename)%00%(upstream:remoteref) refs/heads/master refs/remotes/master [1ms]
2024-03-25 17:24:00.762 [info] > git status -z -uall [1ms]
2024-03-25 17:24:17.101 [info] > git config --get commit.template [5ms]
2024-03-25 17:24:17.102 [info] > git for-each-ref --format=%(refname)%00%(upstream:short)%00%(objectname)%00%(upstream:track)%00%(upstream:remotename)%00%(upstream:remoteref) refs/heads/master refs/remotes/master [1ms]
2024-03-25 17:24:17.108 [info] > git status -z -uall [1ms]
2024-03-25 17:24:46.674 [info] > git rev-parse --show-toplevel [2ms]
2024-03-25 17:24:46.674 [info] fatal: not a git repository (or any of the parent directories): .git
2024-03-25 17:25:03.728 [info] > git show --textconv :src/main.rs [5ms]
2024-03-25 17:25:03.729 [info] > git ls-files --stage -- /home/cj/rust-project/src/main.rs [1ms]
2024-03-25 17:25:03.733 [info] > git cat-file -s ac611def4b1a99b961e1aa8fcabef4741e9577cc [0ms]
2024-03-25 17:27:45.124 [info] > git config --get commit.template [5ms]
2024-03-25 17:27:45.124 [info] > git for-each-ref --format=%(refname)%00%(upstream:short)%00%(objectname)%00%(upstream:track)%00%(upstream:remotename)%00%(upstream:remoteref) refs/heads/master refs/remotes/master [1ms]
2024-03-25 17:27:45.130 [info] > git status -z -uall [1ms]
2024-03-25 17:27:52.598 [info] > git config --get commit.template [6ms]
2024-03-25 17:27:52.598 [info] > git for-each-ref --format=%(refname)%00%(upstream:short)%00%(objectname)%00%(upstream:track)%00%(upstream:remotename)%00%(upstream:remoteref) refs/heads/master refs/remotes/master [1ms]
2024-03-25 17:27:52.604 [info] > git status -z -uall [1ms]
2024-03-25 17:27:57.619 [info] > git config --get commit.template [5ms]
2024-03-25 17:27:57.620 [info] > git for-each-ref --format=%(refname)%00%(upstream:short)%00%(objectname)%00%(upstream:track)%00%(upstream:remotename)%00%(upstream:remoteref) refs/heads/master refs/remotes/master [1ms]
2024-03-25 17:27:57.625 [info] > git status -z -uall [0ms]
2024-03-25 17:28:03.365 [info] > git config --get commit.template [6ms]
2024-03-25 17:28:03.365 [info] > git for-each-ref --format=%(refname)%00%(upstream:short)%00%(objectname)%00%(upstream:track)%00%(upstream:remotename)%00%(upstream:remoteref) refs/heads/master refs/remotes/master [1ms]
2024-03-25 17:28:03.371 [info] > git status -z -uall [1ms]
2024-03-25 17:29:14.109 [info] > git config --get commit.template [6ms]
2024-03-25 17:29:14.109 [info] > git for-each-ref --format=%(refname)%00%(upstream:short)%00%(objectname)%00%(upstream:track)%00%(upstream:remotename)%00%(upstream:remoteref) refs/heads/master refs/remotes/master [1ms]
2024-03-25 17:29:14.115 [info] > git status -z -uall [1ms]
2024-03-25 17:59:22.700 [info] > git config --get commit.template [7ms]
2024-03-25 17:59:22.701 [info] > git for-each-ref --format=%(refname)%00%(upstream:short)%00%(objectname)%00%(upstream:track)%00%(upstream:remotename)%00%(upstream:remoteref) refs/heads/master refs/remotes/master [1ms]
2024-03-25 17:59:22.708 [info] > git status -z -uall [1ms]
