2024-04-09 12:08:08.640 [warning] Webgl could not be loaded. Falling back to the canvas renderer type. [{}]
2024-04-09 13:09:31.527 [info] Latency measurements for local backend
window<->ptyhost (message port): 3.10ms
window<->ptyhostservice<->ptyhost: 1.00ms
ptyhostservice<->ptyhost: 0.42ms []
2024-04-09 13:09:45.189 [info] Latency measurements for local backend
window<->ptyhost (message port): 0.50ms
window<->ptyhostservice<->ptyhost: 1.00ms
ptyhostservice<->ptyhost: 0.41ms []
2024-04-09 13:09:50.471 [info] Latency measurements for local backend
window<->ptyhost (message port): 0.30ms
window<->ptyhostservice<->ptyhost: 0.70ms
ptyhostservice<->ptyhost: 0.33ms []
2024-04-09 13:10:09.769 [info] Latency measurements for local backend
window<->ptyhost (message port): 0.30ms
window<->ptyhostservice<->ptyhost: 0.90ms
ptyhostservice<->ptyhost: 0.37ms []
2024-04-09 13:10:15.546 [info] Latency measurements for local backend
window<->ptyhost (message port): 0.40ms
window<->ptyhostservice<->ptyhost: 0.80ms
ptyhostservice<->ptyhost: 0.34ms []
2024-04-09 13:10:21.321 [info] Latency measurements for local backend
window<->ptyhost (message port): 0.20ms
window<->ptyhostservice<->ptyhost: 0.80ms
ptyhostservice<->ptyhost: 0.30ms []
2024-04-09 13:10:26.269 [info] Latency measurements for local backend
window<->ptyhost (message port): 0.30ms
window<->ptyhostservice<->ptyhost: 1.00ms
ptyhostservice<->ptyhost: 0.35ms []
2024-04-09 13:10:29.952 [info] Latency measurements for local backend
window<->ptyhost (message port): 0.50ms
window<->ptyhostservice<->ptyhost: 0.80ms
ptyhostservice<->ptyhost: 0.34ms []
2024-04-09 13:10:34.052 [info] Latency measurements for local backend
window<->ptyhost (message port): 0.60ms
window<->ptyhostservice<->ptyhost: 0.80ms
ptyhostservice<->ptyhost: 0.39ms []
2024-04-09 13:10:41.284 [info] Latency measurements for local backend
window<->ptyhost (message port): 0.50ms
window<->ptyhostservice<->ptyhost: 0.80ms
ptyhostservice<->ptyhost: 0.36ms []
2024-04-09 13:10:44.869 [info] Latency measurements for local backend
window<->ptyhost (message port): 0.40ms
window<->ptyhostservice<->ptyhost: 1.10ms
ptyhostservice<->ptyhost: 0.34ms []
2024-04-09 13:10:47.702 [info] Latency measurements for local backend
window<->ptyhost (message port): 0.50ms
window<->ptyhostservice<->ptyhost: 0.70ms
ptyhostservice<->ptyhost: 0.29ms []
2024-04-09 13:11:25.618 [info] Latency measurements for local backend
window<->ptyhost (message port): 0.50ms
window<->ptyhostservice<->ptyhost: 0.90ms
ptyhostservice<->ptyhost: 0.34ms []
2024-04-09 13:11:33.234 [info] Latency measurements for local backend
window<->ptyhost (message port): 0.20ms
window<->ptyhostservice<->ptyhost: 0.90ms
ptyhostservice<->ptyhost: 0.35ms []
2024-04-09 14:09:40.068 [info] Latency measurements for local backend
window<->ptyhost (message port): 0.30ms
window<->ptyhostservice<->ptyhost: 0.80ms
ptyhostservice<->ptyhost: 0.34ms []
2024-04-09 14:10:04.968 [info] Latency measurements for local backend
window<->ptyhost (message port): 0.40ms
window<->ptyhostservice<->ptyhost: 1.40ms
ptyhostservice<->ptyhost: 0.39ms []
2024-04-09 14:14:58.744 [info] Latency measurements for local backend
window<->ptyhost (message port): 0.50ms
window<->ptyhostservice<->ptyhost: 0.70ms
ptyhostservice<->ptyhost: 0.32ms []
2024-04-09 14:15:09.946 [info] Latency measurements for local backend
window<->ptyhost (message port): 0.20ms
window<->ptyhostservice<->ptyhost: 0.80ms
ptyhostservice<->ptyhost: 0.39ms []
2024-04-09 14:15:15.161 [info] Latency measurements for local backend
window<->ptyhost (message port): 0.30ms
window<->ptyhostservice<->ptyhost: 1.20ms
ptyhostservice<->ptyhost: 0.32ms []
2024-04-09 14:15:20.708 [error] Exception occurred during xterm disposal [{}]
2024-04-09 14:15:22.819 [info] Latency measurements for local backend
window<->ptyhost (message port): 0.20ms
window<->ptyhostservice<->ptyhost: 0.90ms
ptyhostservice<->ptyhost: 0.55ms []
2024-04-09 14:15:47.611 [info] Latency measurements for local backend
window<->ptyhost (message port): 0.50ms
window<->ptyhostservice<->ptyhost: 1.40ms
ptyhostservice<->ptyhost: 0.49ms []
2024-04-09 14:15:54.678 [info] Latency measurements for local backend
window<->ptyhost (message port): 0.20ms
window<->ptyhostservice<->ptyhost: 1.10ms
ptyhostservice<->ptyhost: 0.63ms []
2024-04-09 14:16:15.943 [info] Latency measurements for local backend
window<->ptyhost (message port): 0.30ms
window<->ptyhostservice<->ptyhost: 0.80ms
ptyhostservice<->ptyhost: 0.38ms []
2024-04-09 14:16:16.725 [info] Latency measurements for local backend
window<->ptyhost (message port): 0.40ms
window<->ptyhostservice<->ptyhost: 0.70ms
ptyhostservice<->ptyhost: 0.30ms []
2024-04-09 14:16:23.366 [info] Latency measurements for local backend
window<->ptyhost (message port): 0.50ms
window<->ptyhostservice<->ptyhost: 0.90ms
ptyhostservice<->ptyhost: 0.36ms []
2024-04-09 14:16:28.477 [info] Latency measurements for local backend
window<->ptyhost (message port): 0.50ms
window<->ptyhostservice<->ptyhost: 0.70ms
ptyhostservice<->ptyhost: 0.32ms []
2024-04-09 14:17:33.867 [error] Exception occurred during xterm disposal [{}]
