2024-04-01 10:10:58.337 [info] Getting Manifest... rust-lang.rust-analyzer
2024-04-01 10:10:59.147 [info] Installing extension: rust-lang.rust-analyzer
2024-04-01 10:11:02.106 [error] Could not load vsce-sign module Cannot find module '@vscode/vsce-sign'
Require stack:
- /usr/share/vscodium/resources/app/out/bootstrap-amd.js
- /usr/share/vscodium/resources/app/out/bootstrap-fork.js
- 
2024-04-01 10:11:02.113 [info] Extension signature verification is not done: rust-lang.rust-analyzer
2024-04-01 10:11:02.341 [info] Extracted extension to file:///home/cj/.vscode-oss/extensions/rust-lang.rust-analyzer-0.3.1906-linux-x64: rust-lang.rust-analyzer
2024-04-01 10:11:02.352 [info] Renamed to /home/cj/.vscode-oss/extensions/rust-lang.rust-analyzer-0.3.1906-linux-x64
2024-04-01 10:11:02.353 [info] Extracting extension completed. rust-lang.rust-analyzer
2024-04-01 10:11:02.359 [info] Extension installed successfully: rust-lang.rust-analyzer
2024-04-01 10:11:02.360 [info] Marked extension as uninstalled rust-lang.rust-analyzer-0.3.1896-linux-x64
2024-04-01 10:11:02.434 [error] [uncaught exception in sharedProcess]: Error: ENOENT: no such file or directory, stat '/home/cj/.vscode-oss/extensions/extensions.json.vsctmp': EntryNotFound (FileSystemError): Error: ENOENT: no such file or directory, stat '/home/cj/.vscode-oss/extensions/extensions.json.vsctmp'
    at r.create (/usr/share/vscodium/resources/app/out/vs/code/node/sharedProcess/sharedProcessMain.js:51:35658)
    at a (/usr/share/vscodium/resources/app/out/vs/code/node/sharedProcess/sharedProcessMain.js:51:35793)
    at i.toFileSystemProviderError (/usr/share/vscodium/resources/app/out/vs/code/node/sharedProcess/sharedProcessMain.js:56:48621)
    at i.stat (/usr/share/vscodium/resources/app/out/vs/code/node/sharedProcess/sharedProcessMain.js:56:39216)
    at async w.stat (/usr/share/vscodium/resources/app/out/vs/code/node/sharedProcess/sharedProcessMain.js:56:21720)
    at async Y.onDidFilesChange (/usr/share/vscodium/resources/app/out/vs/code/node/sharedProcess/sharedProcessMain.js:102:133810)
