2024-03-30 09:19:50.938 [info] Log level: Info
2024-03-30 09:19:50.938 [info] Validating found git in: "git"
2024-03-30 09:19:50.938 [info] Using git "2.44.0" from "git"
2024-03-30 09:19:50.938 [info] > git rev-parse --show-toplevel [9ms]
2024-03-30 09:19:50.938 [info] fatal: not a git repository (or any of the parent directories): .git
2024-03-30 09:19:50.938 [info] > git rev-parse --show-toplevel [2ms]
2024-03-30 09:19:50.939 [info] > git rev-parse --show-toplevel [8ms]
2024-03-30 09:19:50.939 [info] fatal: not a git repository (or any of the parent directories): .git
2024-03-30 09:19:50.947 [info] > git rev-parse --show-toplevel [2ms]
2024-03-30 09:19:50.947 [info] fatal: not a git repository (or any of the parent directories): .git
2024-03-30 09:19:51.107 [info] > git rev-parse --show-toplevel [1ms]
2024-03-30 09:19:51.107 [info] fatal: not a git repository (or any of the parent directories): .git
2024-03-30 09:20:19.119 [info] > git rev-parse --show-toplevel [1ms]
2024-03-30 09:20:19.119 [info] fatal: not a git repository (or any of the parent directories): .git
2024-03-30 09:24:52.318 [info] > git rev-parse --show-toplevel [0ms]
2024-03-30 09:25:13.041 [info] > git rev-parse --show-toplevel [1ms]
2024-03-30 09:25:13.041 [info] fatal: not a git repository (or any of the parent directories): .git
2024-03-30 09:25:43.649 [info] > git rev-parse --show-toplevel [1ms]
2024-03-30 09:25:51.897 [info] > git rev-parse --show-toplevel [1ms]
2024-03-30 09:25:51.897 [info] fatal: not a git repository (or any of the parent directories): .git
2024-03-30 09:26:01.421 [info] > git rev-parse --show-toplevel [1ms]
2024-03-30 09:26:01.421 [info] fatal: not a git repository (or any of the parent directories): .git
2024-03-30 09:26:27.515 [info] > git rev-parse --show-toplevel [1ms]
2024-03-30 09:26:33.966 [info] > git rev-parse --show-toplevel [2ms]
2024-03-30 09:26:33.966 [info] fatal: not a git repository (or any of the parent directories): .git
2024-03-30 09:26:34.657 [info] > git rev-parse --show-toplevel [1ms]
2024-03-30 09:26:35.591 [info] > git rev-parse --show-toplevel [1ms]
2024-03-30 09:26:35.591 [info] fatal: not a git repository (or any of the parent directories): .git
2024-03-30 09:27:05.580 [info] > git rev-parse --show-toplevel [0ms]
2024-03-30 09:27:20.374 [info] > git rev-parse --show-toplevel [1ms]
2024-03-30 09:27:20.374 [info] fatal: not a git repository (or any of the parent directories): .git
2024-03-30 09:27:58.789 [info] > git rev-parse --show-toplevel [1ms]
2024-03-30 09:27:58.789 [info] fatal: not a git repository (or any of the parent directories): .git
2024-03-30 09:27:59.234 [info] > git rev-parse --show-toplevel [1ms]
