2024-03-30 09:52:42.337 [info] Log level: Info
2024-03-30 09:52:42.337 [info] Validating found git in: "git"
2024-03-30 09:52:42.337 [info] Using git "2.44.0" from "git"
2024-03-30 09:52:42.337 [info] > git rev-parse --show-toplevel [3ms]
2024-03-30 09:52:42.337 [info] fatal: not a git repository (or any of the parent directories): .git
2024-03-30 09:52:42.337 [info] > git rev-parse --show-toplevel [21ms]
2024-03-30 09:52:42.363 [info] > git rev-parse --show-toplevel [2ms]
2024-03-30 09:52:42.363 [info] fatal: not a git repository (or any of the parent directories): .git
2024-03-30 09:52:42.544 [info] > git rev-parse --show-toplevel [1ms]
2024-03-30 09:52:42.544 [info] fatal: not a git repository (or any of the parent directories): .git
2024-03-30 09:53:22.262 [info] > git rev-parse --show-toplevel [1ms]
2024-03-30 09:53:22.262 [info] fatal: not a git repository (or any of the parent directories): .git
2024-03-30 09:53:23.623 [info] > git rev-parse --show-toplevel [1ms]
2024-03-30 09:53:23.623 [info] fatal: not a git repository (or any of the parent directories): .git
2024-03-30 09:53:26.086 [info] > git rev-parse --show-toplevel [1ms]
2024-03-30 09:53:26.086 [info] fatal: not a git repository (or any of the parent directories): .git
2024-03-30 09:54:12.198 [info] > git rev-parse --show-toplevel [1ms]
2024-03-30 09:54:12.198 [info] fatal: not a git repository (or any of the parent directories): .git
2024-03-30 09:54:23.792 [info] > git rev-parse --show-toplevel [1ms]
2024-03-30 09:54:23.792 [info] fatal: not a git repository (or any of the parent directories): .git
