2024-03-26 15:03:18.800 [info] Log level: Info
2024-03-26 15:03:18.800 [info] Validating found git in: "git"
2024-03-26 15:03:18.800 [info] Using git "2.44.0" from "git"
2024-03-26 15:03:18.800 [info] > git rev-parse --show-toplevel [1ms]
2024-03-26 15:03:18.805 [info] > git rev-parse --git-dir --git-common-dir [2ms]
2024-03-26 15:03:18.807 [info] Open repository: /home/cj/rust-project
2024-03-26 15:03:18.818 [info] > git config --get commit.template [4ms]
2024-03-26 15:03:18.818 [info] > git rev-parse --show-toplevel [1ms]
2024-03-26 15:03:18.828 [info] > git for-each-ref --format=%(refname)%00%(upstream:short)%00%(objectname)%00%(upstream:track)%00%(upstream:remotename)%00%(upstream:remoteref) refs/heads/master refs/remotes/master [6ms]
2024-03-26 15:03:18.829 [info] > git rev-parse --show-toplevel [2ms]
2024-03-26 15:03:18.841 [info] > git rev-parse --show-toplevel [9ms]
2024-03-26 15:03:18.849 [info] > git status -z -uall [9ms]
2024-03-26 15:03:18.858 [info] > git rev-parse --show-toplevel [9ms]
2024-03-26 15:03:18.865 [info] > git config --get commit.template [7ms]
2024-03-26 15:03:18.866 [info] > git rev-parse --show-toplevel [2ms]
2024-03-26 15:03:18.879 [info] > git for-each-ref --format=%(refname)%00%(upstream:short)%00%(objectname)%00%(upstream:track)%00%(upstream:remotename)%00%(upstream:remoteref) refs/heads/master refs/remotes/master [7ms]
2024-03-26 15:03:18.922 [info] > git status -z -uall [1ms]
2024-03-26 15:03:19.334 [info] > git show --textconv :src/main.rs [5ms]
2024-03-26 15:03:19.335 [info] > git ls-files --stage -- /home/cj/rust-project/src/main.rs [1ms]
2024-03-26 15:03:19.340 [info] > git cat-file -s ac611def4b1a99b961e1aa8fcabef4741e9577cc [1ms]
2024-03-26 15:03:19.385 [info] > git check-ignore -v -z --stdin [1ms]
2024-03-26 15:03:21.077 [info] > git ls-files --stage -- /home/cj/rust-project/src/main.rs [1ms]
2024-03-26 15:03:21.082 [info] > git cat-file -s ac611def4b1a99b961e1aa8fcabef4741e9577cc [1ms]
2024-03-26 15:03:21.087 [info] > git show --textconv :src/main.rs [1ms]
2024-03-26 15:03:22.125 [info] > git config --get commit.template [5ms]
2024-03-26 15:03:22.125 [info] > git for-each-ref --format=%(refname)%00%(upstream:short)%00%(objectname)%00%(upstream:track)%00%(upstream:remotename)%00%(upstream:remoteref) refs/heads/master refs/remotes/master [1ms]
2024-03-26 15:03:22.130 [info] > git status -z -uall [1ms]
2024-03-26 15:03:27.142 [info] > git config --get commit.template [4ms]
2024-03-26 15:03:27.142 [info] > git for-each-ref --format=%(refname)%00%(upstream:short)%00%(objectname)%00%(upstream:track)%00%(upstream:remotename)%00%(upstream:remoteref) refs/heads/master refs/remotes/master [1ms]
2024-03-26 15:03:27.147 [info] > git status -z -uall [1ms]
2024-03-26 15:03:32.163 [info] > git config --get commit.template [4ms]
2024-03-26 15:03:32.163 [info] > git for-each-ref --format=%(refname)%00%(upstream:short)%00%(objectname)%00%(upstream:track)%00%(upstream:remotename)%00%(upstream:remoteref) refs/heads/master refs/remotes/master [1ms]
2024-03-26 15:03:32.168 [info] > git status -z -uall [1ms]
2024-03-26 15:03:40.314 [info] > git config --get commit.template [5ms]
2024-03-26 15:03:40.314 [info] > git for-each-ref --format=%(refname)%00%(upstream:short)%00%(objectname)%00%(upstream:track)%00%(upstream:remotename)%00%(upstream:remoteref) refs/heads/master refs/remotes/master [1ms]
2024-03-26 15:03:40.319 [info] > git status -z -uall [1ms]
2024-03-26 15:04:00.049 [info] > git config --get commit.template [5ms]
2024-03-26 15:04:00.050 [info] > git ls-files --stage -- /home/cj/rust-project/src/main.rs [2ms]
2024-03-26 15:04:00.059 [info] > git cat-file -s ac611def4b1a99b961e1aa8fcabef4741e9577cc [5ms]
2024-03-26 15:04:00.060 [info] > git for-each-ref --format=%(refname)%00%(upstream:short)%00%(objectname)%00%(upstream:track)%00%(upstream:remotename)%00%(upstream:remoteref) refs/heads/master refs/remotes/master [2ms]
2024-03-26 15:04:00.070 [info] > git show --textconv :src/main.rs [5ms]
2024-03-26 15:04:00.070 [info] > git status -z -uall [1ms]
2024-03-26 15:04:05.083 [info] > git config --get commit.template [4ms]
2024-03-26 15:04:05.084 [info] > git for-each-ref --format=%(refname)%00%(upstream:short)%00%(objectname)%00%(upstream:track)%00%(upstream:remotename)%00%(upstream:remoteref) refs/heads/master refs/remotes/master [1ms]
2024-03-26 15:04:05.088 [info] > git status -z -uall [1ms]
2024-03-26 15:05:15.327 [info] > git config --get commit.template [5ms]
2024-03-26 15:05:15.328 [info] > git for-each-ref --format=%(refname)%00%(upstream:short)%00%(objectname)%00%(upstream:track)%00%(upstream:remotename)%00%(upstream:remoteref) refs/heads/master refs/remotes/master [0ms]
2024-03-26 15:05:15.333 [info] > git status -z -uall [1ms]
2024-03-26 15:05:29.192 [info] > git config --get commit.template [5ms]
2024-03-26 15:05:29.192 [info] > git for-each-ref --format=%(refname)%00%(upstream:short)%00%(objectname)%00%(upstream:track)%00%(upstream:remotename)%00%(upstream:remoteref) refs/heads/master refs/remotes/master [1ms]
2024-03-26 15:05:29.197 [info] > git status -z -uall [1ms]
2024-03-26 15:05:45.835 [info] > git config --get commit.template [5ms]
2024-03-26 15:05:45.836 [info] > git for-each-ref --format=%(refname)%00%(upstream:short)%00%(objectname)%00%(upstream:track)%00%(upstream:remotename)%00%(upstream:remoteref) refs/heads/master refs/remotes/master [1ms]
2024-03-26 15:05:45.841 [info] > git status -z -uall [1ms]
2024-03-26 15:05:50.855 [info] > git for-each-ref --format=%(refname)%00%(upstream:short)%00%(objectname)%00%(upstream:track)%00%(upstream:remotename)%00%(upstream:remoteref) refs/heads/master refs/remotes/master [1ms]
2024-03-26 15:05:50.855 [info] > git config --get commit.template [6ms]
2024-03-26 15:05:50.860 [info] > git status -z -uall [1ms]
2024-03-26 15:06:12.503 [info] > git config --get commit.template [5ms]
2024-03-26 15:06:12.503 [info] > git for-each-ref --format=%(refname)%00%(upstream:short)%00%(objectname)%00%(upstream:track)%00%(upstream:remotename)%00%(upstream:remoteref) refs/heads/master refs/remotes/master [0ms]
2024-03-26 15:06:12.508 [info] > git status -z -uall [1ms]
2024-03-26 15:06:17.521 [info] > git config --get commit.template [4ms]
2024-03-26 15:06:17.522 [info] > git for-each-ref --format=%(refname)%00%(upstream:short)%00%(objectname)%00%(upstream:track)%00%(upstream:remotename)%00%(upstream:remoteref) refs/heads/master refs/remotes/master [1ms]
2024-03-26 15:06:17.527 [info] > git status -z -uall [1ms]
2024-03-26 15:06:43.934 [info] > git config --get commit.template [6ms]
2024-03-26 15:06:43.935 [info] > git for-each-ref --format=%(refname)%00%(upstream:short)%00%(objectname)%00%(upstream:track)%00%(upstream:remotename)%00%(upstream:remoteref) refs/heads/master refs/remotes/master [1ms]
2024-03-26 15:06:43.940 [info] > git status -z -uall [1ms]
2024-03-26 15:07:00.880 [info] > git config --get commit.template [5ms]
2024-03-26 15:07:00.881 [info] > git for-each-ref --format=%(refname)%00%(upstream:short)%00%(objectname)%00%(upstream:track)%00%(upstream:remotename)%00%(upstream:remoteref) refs/heads/master refs/remotes/master [1ms]
2024-03-26 15:07:00.886 [info] > git status -z -uall [1ms]
2024-03-26 15:07:05.900 [info] > git config --get commit.template [6ms]
2024-03-26 15:07:05.900 [info] > git for-each-ref --format=%(refname)%00%(upstream:short)%00%(objectname)%00%(upstream:track)%00%(upstream:remotename)%00%(upstream:remoteref) refs/heads/master refs/remotes/master [1ms]
2024-03-26 15:07:05.905 [info] > git status -z -uall [1ms]
2024-03-26 15:08:14.913 [info] > git config --get commit.template [5ms]
2024-03-26 15:08:14.914 [info] > git for-each-ref --format=%(refname)%00%(upstream:short)%00%(objectname)%00%(upstream:track)%00%(upstream:remotename)%00%(upstream:remoteref) refs/heads/master refs/remotes/master [1ms]
2024-03-26 15:08:14.919 [info] > git status -z -uall [1ms]
2024-03-26 15:08:19.932 [info] > git config --get commit.template [5ms]
2024-03-26 15:08:19.932 [info] > git for-each-ref --format=%(refname)%00%(upstream:short)%00%(objectname)%00%(upstream:track)%00%(upstream:remotename)%00%(upstream:remoteref) refs/heads/master refs/remotes/master [1ms]
2024-03-26 15:08:19.937 [info] > git status -z -uall [0ms]
2024-03-26 15:14:17.173 [info] > git config --get commit.template [5ms]
2024-03-26 15:14:17.174 [info] > git for-each-ref --format=%(refname)%00%(upstream:short)%00%(objectname)%00%(upstream:track)%00%(upstream:remotename)%00%(upstream:remoteref) refs/heads/master refs/remotes/master [1ms]
2024-03-26 15:14:17.179 [info] > git status -z -uall [1ms]
2024-03-26 15:14:36.322 [info] > git config --get commit.template [5ms]
2024-03-26 15:14:36.322 [info] > git for-each-ref --format=%(refname)%00%(upstream:short)%00%(objectname)%00%(upstream:track)%00%(upstream:remotename)%00%(upstream:remoteref) refs/heads/master refs/remotes/master [0ms]
2024-03-26 15:14:36.328 [info] > git status -z -uall [1ms]
2024-03-26 15:24:47.898 [info] > git config --get commit.template [5ms]
2024-03-26 15:24:47.899 [info] > git for-each-ref --format=%(refname)%00%(upstream:short)%00%(objectname)%00%(upstream:track)%00%(upstream:remotename)%00%(upstream:remoteref) refs/heads/master refs/remotes/master [1ms]
2024-03-26 15:24:47.904 [info] > git status -z -uall [1ms]
2024-03-26 15:24:58.891 [info] > git config --get commit.template [7ms]
2024-03-26 15:24:58.891 [info] > git for-each-ref --format=%(refname)%00%(upstream:short)%00%(objectname)%00%(upstream:track)%00%(upstream:remotename)%00%(upstream:remoteref) refs/heads/master refs/remotes/master [1ms]
2024-03-26 15:24:58.896 [info] > git status -z -uall [1ms]
2024-03-26 15:25:05.818 [info] > git config --get commit.template [5ms]
2024-03-26 15:25:05.818 [info] > git for-each-ref --format=%(refname)%00%(upstream:short)%00%(objectname)%00%(upstream:track)%00%(upstream:remotename)%00%(upstream:remoteref) refs/heads/master refs/remotes/master [1ms]
2024-03-26 15:25:05.823 [info] > git status -z -uall [1ms]
2024-03-26 15:29:50.854 [info] > git config --get commit.template [5ms]
2024-03-26 15:29:50.855 [info] > git for-each-ref --format=%(refname)%00%(upstream:short)%00%(objectname)%00%(upstream:track)%00%(upstream:remotename)%00%(upstream:remoteref) refs/heads/master refs/remotes/master [1ms]
2024-03-26 15:29:50.860 [info] > git status -z -uall [1ms]
2024-03-26 15:31:54.680 [info] > git config --get commit.template [6ms]
2024-03-26 15:31:54.681 [info] > git for-each-ref --format=%(refname)%00%(upstream:short)%00%(objectname)%00%(upstream:track)%00%(upstream:remotename)%00%(upstream:remoteref) refs/heads/master refs/remotes/master [1ms]
2024-03-26 15:31:54.686 [info] > git status -z -uall [1ms]
2024-03-26 15:32:17.587 [info] > git config --get commit.template [1ms]
2024-03-26 15:32:17.592 [info] > git for-each-ref --format=%(refname)%00%(upstream:short)%00%(objectname)%00%(upstream:track)%00%(upstream:remotename)%00%(upstream:remoteref) refs/heads/master refs/remotes/master [1ms]
2024-03-26 15:32:17.596 [info] > git status -z -uall [1ms]
2024-03-26 15:33:20.062 [info] > git config --get commit.template [5ms]
2024-03-26 15:33:20.062 [info] > git for-each-ref --format=%(refname)%00%(upstream:short)%00%(objectname)%00%(upstream:track)%00%(upstream:remotename)%00%(upstream:remoteref) refs/heads/master refs/remotes/master [1ms]
2024-03-26 15:33:20.068 [info] > git status -z -uall [1ms]
2024-03-26 15:34:32.278 [info] > git config --get commit.template [5ms]
2024-03-26 15:34:32.279 [info] > git for-each-ref --format=%(refname)%00%(upstream:short)%00%(objectname)%00%(upstream:track)%00%(upstream:remotename)%00%(upstream:remoteref) refs/heads/master refs/remotes/master [1ms]
2024-03-26 15:34:32.284 [info] > git status -z -uall [1ms]
2024-03-26 15:34:37.295 [info] > git config --get commit.template [4ms]
2024-03-26 15:34:37.296 [info] > git for-each-ref --format=%(refname)%00%(upstream:short)%00%(objectname)%00%(upstream:track)%00%(upstream:remotename)%00%(upstream:remoteref) refs/heads/master refs/remotes/master [1ms]
2024-03-26 15:34:37.300 [info] > git status -z -uall [1ms]
2024-03-26 15:35:12.375 [info] > git config --get commit.template [5ms]
2024-03-26 15:35:12.375 [info] > git for-each-ref --format=%(refname)%00%(upstream:short)%00%(objectname)%00%(upstream:track)%00%(upstream:remotename)%00%(upstream:remoteref) refs/heads/master refs/remotes/master [1ms]
2024-03-26 15:35:12.380 [info] > git status -z -uall [1ms]
2024-03-26 15:35:26.420 [info] > git config --get commit.template [5ms]
2024-03-26 15:35:26.421 [info] > git for-each-ref --format=%(refname)%00%(upstream:short)%00%(objectname)%00%(upstream:track)%00%(upstream:remotename)%00%(upstream:remoteref) refs/heads/master refs/remotes/master [1ms]
2024-03-26 15:35:26.425 [info] > git status -z -uall [1ms]
2024-03-26 15:35:31.439 [info] > git config --get commit.template [5ms]
2024-03-26 15:35:31.439 [info] > git for-each-ref --format=%(refname)%00%(upstream:short)%00%(objectname)%00%(upstream:track)%00%(upstream:remotename)%00%(upstream:remoteref) refs/heads/master refs/remotes/master [1ms]
2024-03-26 15:35:31.444 [info] > git status -z -uall [1ms]
2024-03-26 15:36:45.653 [info] > git config --get commit.template [1ms]
2024-03-26 15:36:45.658 [info] > git for-each-ref --format=%(refname)%00%(upstream:short)%00%(objectname)%00%(upstream:track)%00%(upstream:remotename)%00%(upstream:remoteref) refs/heads/master refs/remotes/master [1ms]
2024-03-26 15:36:45.663 [info] > git status -z -uall [0ms]
2024-03-26 15:36:58.648 [info] > git config --get commit.template [5ms]
2024-03-26 15:36:58.648 [info] > git for-each-ref --format=%(refname)%00%(upstream:short)%00%(objectname)%00%(upstream:track)%00%(upstream:remotename)%00%(upstream:remoteref) refs/heads/master refs/remotes/master [1ms]
2024-03-26 15:36:58.653 [info] > git status -z -uall [1ms]
2024-03-26 15:37:33.182 [info] > git config --get commit.template [1ms]
2024-03-26 15:37:33.188 [info] > git for-each-ref --format=%(refname)%00%(upstream:short)%00%(objectname)%00%(upstream:track)%00%(upstream:remotename)%00%(upstream:remoteref) refs/heads/master refs/remotes/master [0ms]
2024-03-26 15:37:33.193 [info] > git status -z -uall [1ms]
2024-03-26 15:37:38.528 [info] > git config --get commit.template [5ms]
2024-03-26 15:37:38.528 [info] > git for-each-ref --format=%(refname)%00%(upstream:short)%00%(objectname)%00%(upstream:track)%00%(upstream:remotename)%00%(upstream:remoteref) refs/heads/master refs/remotes/master [1ms]
2024-03-26 15:37:38.533 [info] > git status -z -uall [1ms]
2024-03-26 15:38:19.396 [info] > git config --get commit.template [5ms]
2024-03-26 15:38:19.397 [info] > git for-each-ref --format=%(refname)%00%(upstream:short)%00%(objectname)%00%(upstream:track)%00%(upstream:remotename)%00%(upstream:remoteref) refs/heads/master refs/remotes/master [1ms]
2024-03-26 15:38:19.402 [info] > git status -z -uall [1ms]
2024-03-26 15:38:24.417 [info] > git config --get commit.template [5ms]
2024-03-26 15:38:24.418 [info] > git for-each-ref --format=%(refname)%00%(upstream:short)%00%(objectname)%00%(upstream:track)%00%(upstream:remotename)%00%(upstream:remoteref) refs/heads/master refs/remotes/master [1ms]
2024-03-26 15:38:24.423 [info] > git status -z -uall [1ms]
2024-03-26 15:39:30.687 [info] > git config --get commit.template [4ms]
2024-03-26 15:39:30.687 [info] > git for-each-ref --format=%(refname)%00%(upstream:short)%00%(objectname)%00%(upstream:track)%00%(upstream:remotename)%00%(upstream:remoteref) refs/heads/master refs/remotes/master [0ms]
2024-03-26 15:39:30.694 [info] > git status -z -uall [2ms]
2024-03-26 15:42:31.768 [info] > git config --get commit.template [4ms]
2024-03-26 15:42:31.768 [info] > git for-each-ref --format=%(refname)%00%(upstream:short)%00%(objectname)%00%(upstream:track)%00%(upstream:remotename)%00%(upstream:remoteref) refs/heads/master refs/remotes/master [0ms]
2024-03-26 15:42:31.773 [info] > git status -z -uall [1ms]
2024-03-26 15:42:59.812 [info] > git config --get commit.template [5ms]
2024-03-26 15:42:59.812 [info] > git for-each-ref --format=%(refname)%00%(upstream:short)%00%(objectname)%00%(upstream:track)%00%(upstream:remotename)%00%(upstream:remoteref) refs/heads/master refs/remotes/master [1ms]
2024-03-26 15:42:59.817 [info] > git status -z -uall [0ms]
2024-03-26 15:43:22.699 [info] > git config --get commit.template [5ms]
2024-03-26 15:43:22.700 [info] > git for-each-ref --format=%(refname)%00%(upstream:short)%00%(objectname)%00%(upstream:track)%00%(upstream:remotename)%00%(upstream:remoteref) refs/heads/master refs/remotes/master [0ms]
2024-03-26 15:43:22.705 [info] > git status -z -uall [1ms]
2024-03-26 15:43:29.379 [info] > git config --get commit.template [5ms]
2024-03-26 15:43:29.380 [info] > git for-each-ref --format=%(refname)%00%(upstream:short)%00%(objectname)%00%(upstream:track)%00%(upstream:remotename)%00%(upstream:remoteref) refs/heads/master refs/remotes/master [1ms]
2024-03-26 15:43:29.385 [info] > git status -z -uall [1ms]
2024-03-26 15:43:36.087 [info] > git config --get commit.template [4ms]
2024-03-26 15:43:36.087 [info] > git for-each-ref --format=%(refname)%00%(upstream:short)%00%(objectname)%00%(upstream:track)%00%(upstream:remotename)%00%(upstream:remoteref) refs/heads/master refs/remotes/master [1ms]
2024-03-26 15:43:36.092 [info] > git status -z -uall [1ms]
2024-03-26 15:43:45.485 [info] > git config --get commit.template [4ms]
2024-03-26 15:43:45.485 [info] > git for-each-ref --format=%(refname)%00%(upstream:short)%00%(objectname)%00%(upstream:track)%00%(upstream:remotename)%00%(upstream:remoteref) refs/heads/master refs/remotes/master [1ms]
2024-03-26 15:43:45.490 [info] > git status -z -uall [1ms]
2024-03-26 15:43:58.143 [info] > git config --get commit.template [5ms]
2024-03-26 15:43:58.144 [info] > git for-each-ref --format=%(refname)%00%(upstream:short)%00%(objectname)%00%(upstream:track)%00%(upstream:remotename)%00%(upstream:remoteref) refs/heads/master refs/remotes/master [1ms]
2024-03-26 15:43:58.149 [info] > git status -z -uall [1ms]
2024-03-26 15:44:03.292 [info] > git config --get commit.template [4ms]
2024-03-26 15:44:03.292 [info] > git for-each-ref --format=%(refname)%00%(upstream:short)%00%(objectname)%00%(upstream:track)%00%(upstream:remotename)%00%(upstream:remoteref) refs/heads/master refs/remotes/master [0ms]
2024-03-26 15:44:03.298 [info] > git status -z -uall [1ms]
2024-03-26 15:44:15.549 [info] > git config --get commit.template [5ms]
2024-03-26 15:44:15.549 [info] > git for-each-ref --format=%(refname)%00%(upstream:short)%00%(objectname)%00%(upstream:track)%00%(upstream:remotename)%00%(upstream:remoteref) refs/heads/master refs/remotes/master [1ms]
2024-03-26 15:44:15.554 [info] > git status -z -uall [1ms]
2024-03-26 15:44:43.016 [info] > git config --get commit.template [5ms]
2024-03-26 15:44:43.016 [info] > git for-each-ref --format=%(refname)%00%(upstream:short)%00%(objectname)%00%(upstream:track)%00%(upstream:remotename)%00%(upstream:remoteref) refs/heads/master refs/remotes/master [1ms]
2024-03-26 15:44:43.022 [info] > git status -z -uall [0ms]
2024-03-26 15:45:12.477 [info] > git config --get commit.template [5ms]
2024-03-26 15:45:12.477 [info] > git for-each-ref --format=%(refname)%00%(upstream:short)%00%(objectname)%00%(upstream:track)%00%(upstream:remotename)%00%(upstream:remoteref) refs/heads/master refs/remotes/master [1ms]
2024-03-26 15:45:12.482 [info] > git status -z -uall [1ms]
2024-03-26 15:45:47.432 [info] > git config --get commit.template [5ms]
2024-03-26 15:45:47.433 [info] > git for-each-ref --format=%(refname)%00%(upstream:short)%00%(objectname)%00%(upstream:track)%00%(upstream:remotename)%00%(upstream:remoteref) refs/heads/master refs/remotes/master [1ms]
2024-03-26 15:45:47.438 [info] > git status -z -uall [1ms]
2024-03-26 15:46:14.221 [info] > git config --get commit.template [5ms]
2024-03-26 15:46:14.221 [info] > git for-each-ref --format=%(refname)%00%(upstream:short)%00%(objectname)%00%(upstream:track)%00%(upstream:remotename)%00%(upstream:remoteref) refs/heads/master refs/remotes/master [0ms]
2024-03-26 15:46:14.226 [info] > git status -z -uall [1ms]
2024-03-26 15:46:19.240 [info] > git config --get commit.template [5ms]
2024-03-26 15:46:19.240 [info] > git for-each-ref --format=%(refname)%00%(upstream:short)%00%(objectname)%00%(upstream:track)%00%(upstream:remotename)%00%(upstream:remoteref) refs/heads/master refs/remotes/master [1ms]
2024-03-26 15:46:19.245 [info] > git status -z -uall [1ms]
2024-03-26 15:46:24.262 [info] > git config --get commit.template [5ms]
2024-03-26 15:46:24.262 [info] > git for-each-ref --format=%(refname)%00%(upstream:short)%00%(objectname)%00%(upstream:track)%00%(upstream:remotename)%00%(upstream:remoteref) refs/heads/master refs/remotes/master [1ms]
2024-03-26 15:46:24.267 [info] > git status -z -uall [0ms]
2024-03-26 15:47:05.950 [info] > git config --get commit.template [5ms]
2024-03-26 15:47:05.951 [info] > git for-each-ref --format=%(refname)%00%(upstream:short)%00%(objectname)%00%(upstream:track)%00%(upstream:remotename)%00%(upstream:remoteref) refs/heads/master refs/remotes/master [1ms]
2024-03-26 15:47:05.957 [info] > git status -z -uall [2ms]
2024-03-26 15:47:23.096 [info] > git config --get commit.template [4ms]
2024-03-26 15:47:23.097 [info] > git for-each-ref --format=%(refname)%00%(upstream:short)%00%(objectname)%00%(upstream:track)%00%(upstream:remotename)%00%(upstream:remoteref) refs/heads/master refs/remotes/master [1ms]
2024-03-26 15:47:23.104 [info] > git status -z -uall [1ms]
2024-03-26 15:48:43.581 [info] > git config --get commit.template [6ms]
2024-03-26 15:48:43.581 [info] > git for-each-ref --format=%(refname)%00%(upstream:short)%00%(objectname)%00%(upstream:track)%00%(upstream:remotename)%00%(upstream:remoteref) refs/heads/master refs/remotes/master [1ms]
2024-03-26 15:48:43.588 [info] > git status -z -uall [1ms]
2024-03-26 15:49:55.085 [info] > git config --get commit.template [5ms]
2024-03-26 15:49:55.086 [info] > git for-each-ref --format=%(refname)%00%(upstream:short)%00%(objectname)%00%(upstream:track)%00%(upstream:remotename)%00%(upstream:remoteref) refs/heads/master refs/remotes/master [1ms]
2024-03-26 15:49:55.091 [info] > git status -z -uall [1ms]
2024-03-26 15:51:54.723 [info] > git config --get commit.template [6ms]
2024-03-26 15:51:54.723 [info] > git for-each-ref --format=%(refname)%00%(upstream:short)%00%(objectname)%00%(upstream:track)%00%(upstream:remotename)%00%(upstream:remoteref) refs/heads/master refs/remotes/master [1ms]
2024-03-26 15:51:54.729 [info] > git status -z -uall [1ms]
2024-03-26 15:52:07.614 [info] > git config --get commit.template [4ms]
2024-03-26 15:52:07.615 [info] > git for-each-ref --format=%(refname)%00%(upstream:short)%00%(objectname)%00%(upstream:track)%00%(upstream:remotename)%00%(upstream:remoteref) refs/heads/master refs/remotes/master [1ms]
2024-03-26 15:52:07.620 [info] > git status -z -uall [1ms]
2024-03-26 15:52:21.878 [info] > git config --get commit.template [6ms]
2024-03-26 15:52:21.878 [info] > git for-each-ref --format=%(refname)%00%(upstream:short)%00%(objectname)%00%(upstream:track)%00%(upstream:remotename)%00%(upstream:remoteref) refs/heads/master refs/remotes/master [1ms]
2024-03-26 15:52:21.883 [info] > git status -z -uall [1ms]
2024-03-26 15:52:37.317 [info] > git config --get commit.template [4ms]
2024-03-26 15:52:37.318 [info] > git for-each-ref --format=%(refname)%00%(upstream:short)%00%(objectname)%00%(upstream:track)%00%(upstream:remotename)%00%(upstream:remoteref) refs/heads/master refs/remotes/master [1ms]
2024-03-26 15:52:37.322 [info] > git status -z -uall [1ms]
2024-03-26 15:52:51.072 [info] > git config --get commit.template [5ms]
2024-03-26 15:52:51.072 [info] > git for-each-ref --format=%(refname)%00%(upstream:short)%00%(objectname)%00%(upstream:track)%00%(upstream:remotename)%00%(upstream:remoteref) refs/heads/master refs/remotes/master [1ms]
2024-03-26 15:52:51.079 [info] > git status -z -uall [1ms]
2024-03-26 15:53:45.879 [info] > git config --get commit.template [5ms]
2024-03-26 15:53:45.879 [info] > git for-each-ref --format=%(refname)%00%(upstream:short)%00%(objectname)%00%(upstream:track)%00%(upstream:remotename)%00%(upstream:remoteref) refs/heads/master refs/remotes/master [1ms]
2024-03-26 15:53:45.885 [info] > git status -z -uall [0ms]
2024-03-26 15:55:35.890 [info] > git config --get commit.template [5ms]
2024-03-26 15:55:35.890 [info] > git for-each-ref --format=%(refname)%00%(upstream:short)%00%(objectname)%00%(upstream:track)%00%(upstream:remotename)%00%(upstream:remoteref) refs/heads/master refs/remotes/master [1ms]
2024-03-26 15:55:35.896 [info] > git status -z -uall [2ms]
2024-03-26 15:55:54.304 [info] > git config --get commit.template [6ms]
2024-03-26 15:55:54.305 [info] > git for-each-ref --format=%(refname)%00%(upstream:short)%00%(objectname)%00%(upstream:track)%00%(upstream:remotename)%00%(upstream:remoteref) refs/heads/master refs/remotes/master [1ms]
2024-03-26 15:55:54.312 [info] > git status -z -uall [1ms]
2024-03-26 15:57:45.074 [info] > git config --get commit.template [4ms]
2024-03-26 15:57:45.075 [info] > git for-each-ref --format=%(refname)%00%(upstream:short)%00%(objectname)%00%(upstream:track)%00%(upstream:remotename)%00%(upstream:remoteref) refs/heads/master refs/remotes/master [1ms]
2024-03-26 15:57:45.079 [info] > git status -z -uall [1ms]
2024-03-26 16:04:00.518 [info] > git config --get commit.template [6ms]
2024-03-26 16:04:00.518 [info] > git for-each-ref --format=%(refname)%00%(upstream:short)%00%(objectname)%00%(upstream:track)%00%(upstream:remotename)%00%(upstream:remoteref) refs/heads/master refs/remotes/master [1ms]
2024-03-26 16:04:00.523 [info] > git status -z -uall [1ms]
2024-03-26 16:04:17.772 [info] > git config --get commit.template [5ms]
2024-03-26 16:04:17.772 [info] > git for-each-ref --format=%(refname)%00%(upstream:short)%00%(objectname)%00%(upstream:track)%00%(upstream:remotename)%00%(upstream:remoteref) refs/heads/master refs/remotes/master [0ms]
2024-03-26 16:04:17.777 [info] > git status -z -uall [1ms]
2024-03-26 16:05:55.487 [info] > git config --get commit.template [6ms]
2024-03-26 16:05:55.487 [info] > git for-each-ref --format=%(refname)%00%(upstream:short)%00%(objectname)%00%(upstream:track)%00%(upstream:remotename)%00%(upstream:remoteref) refs/heads/master refs/remotes/master [1ms]
2024-03-26 16:05:55.502 [info] > git status -z -uall [1ms]
2024-03-26 16:10:19.710 [info] > git config --get commit.template [5ms]
2024-03-26 16:10:19.711 [info] > git for-each-ref --format=%(refname)%00%(upstream:short)%00%(objectname)%00%(upstream:track)%00%(upstream:remotename)%00%(upstream:remoteref) refs/heads/master refs/remotes/master [2ms]
2024-03-26 16:10:19.716 [info] > git status -z -uall [0ms]
2024-03-26 16:10:48.029 [info] > git config --get commit.template [7ms]
2024-03-26 16:10:48.030 [info] > git for-each-ref --format=%(refname)%00%(upstream:short)%00%(objectname)%00%(upstream:track)%00%(upstream:remotename)%00%(upstream:remoteref) refs/heads/master refs/remotes/master [1ms]
2024-03-26 16:10:48.037 [info] > git status -z -uall [1ms]
2024-03-26 16:11:58.205 [info] > git config --get commit.template [5ms]
2024-03-26 16:11:58.206 [info] > git for-each-ref --format=%(refname)%00%(upstream:short)%00%(objectname)%00%(upstream:track)%00%(upstream:remotename)%00%(upstream:remoteref) refs/heads/master refs/remotes/master [1ms]
2024-03-26 16:11:58.212 [info] > git status -z -uall [1ms]
2024-03-26 16:12:06.140 [info] > git config --get commit.template [6ms]
2024-03-26 16:12:06.140 [info] > git for-each-ref --format=%(refname)%00%(upstream:short)%00%(objectname)%00%(upstream:track)%00%(upstream:remotename)%00%(upstream:remoteref) refs/heads/master refs/remotes/master [1ms]
2024-03-26 16:12:06.145 [info] > git status -z -uall [1ms]
2024-03-26 16:12:13.375 [info] > git config --get commit.template [6ms]
2024-03-26 16:12:13.375 [info] > git for-each-ref --format=%(refname)%00%(upstream:short)%00%(objectname)%00%(upstream:track)%00%(upstream:remotename)%00%(upstream:remoteref) refs/heads/master refs/remotes/master [1ms]
2024-03-26 16:12:13.381 [info] > git status -z -uall [1ms]
2024-03-26 16:12:26.436 [info] > git config --get commit.template [5ms]
2024-03-26 16:12:26.436 [info] > git for-each-ref --format=%(refname)%00%(upstream:short)%00%(objectname)%00%(upstream:track)%00%(upstream:remotename)%00%(upstream:remoteref) refs/heads/master refs/remotes/master [0ms]
2024-03-26 16:12:26.442 [info] > git status -z -uall [1ms]
2024-03-26 16:13:42.925 [info] > git config --get commit.template [5ms]
2024-03-26 16:13:42.925 [info] > git for-each-ref --format=%(refname)%00%(upstream:short)%00%(objectname)%00%(upstream:track)%00%(upstream:remotename)%00%(upstream:remoteref) refs/heads/master refs/remotes/master [1ms]
2024-03-26 16:13:42.931 [info] > git status -z -uall [1ms]
2024-03-26 16:19:49.218 [info] > git config --get commit.template [5ms]
2024-03-26 16:19:49.219 [info] > git for-each-ref --format=%(refname)%00%(upstream:short)%00%(objectname)%00%(upstream:track)%00%(upstream:remotename)%00%(upstream:remoteref) refs/heads/master refs/remotes/master [1ms]
2024-03-26 16:19:49.224 [info] > git status -z -uall [0ms]
2024-03-26 16:20:30.550 [info] > git config --get commit.template [6ms]
2024-03-26 16:20:30.550 [info] > git for-each-ref --format=%(refname)%00%(upstream:short)%00%(objectname)%00%(upstream:track)%00%(upstream:remotename)%00%(upstream:remoteref) refs/heads/master refs/remotes/master [1ms]
2024-03-26 16:20:30.556 [info] > git status -z -uall [1ms]
2024-03-26 16:20:41.237 [info] > git config --get commit.template [5ms]
2024-03-26 16:20:41.241 [info] > git for-each-ref --format=%(refname)%00%(upstream:short)%00%(objectname)%00%(upstream:track)%00%(upstream:remotename)%00%(upstream:remoteref) refs/heads/master refs/remotes/master [4ms]
2024-03-26 16:20:41.247 [info] > git status -z -uall [0ms]
2024-03-26 16:20:46.262 [info] > git config --get commit.template [5ms]
2024-03-26 16:20:46.262 [info] > git for-each-ref --format=%(refname)%00%(upstream:short)%00%(objectname)%00%(upstream:track)%00%(upstream:remotename)%00%(upstream:remoteref) refs/heads/master refs/remotes/master [0ms]
2024-03-26 16:20:46.268 [info] > git status -z -uall [1ms]
2024-03-26 16:21:44.808 [info] > git config --get commit.template [5ms]
2024-03-26 16:21:44.809 [info] > git for-each-ref --format=%(refname)%00%(upstream:short)%00%(objectname)%00%(upstream:track)%00%(upstream:remotename)%00%(upstream:remoteref) refs/heads/master refs/remotes/master [1ms]
2024-03-26 16:21:44.814 [info] > git status -z -uall [1ms]
2024-03-26 16:21:54.810 [info] > git config --get commit.template [5ms]
2024-03-26 16:21:54.810 [info] > git for-each-ref --format=%(refname)%00%(upstream:short)%00%(objectname)%00%(upstream:track)%00%(upstream:remotename)%00%(upstream:remoteref) refs/heads/master refs/remotes/master [1ms]
2024-03-26 16:21:54.817 [info] > git status -z -uall [1ms]
2024-03-26 16:22:07.269 [info] > git config --get commit.template [5ms]
2024-03-26 16:22:07.269 [info] > git for-each-ref --format=%(refname)%00%(upstream:short)%00%(objectname)%00%(upstream:track)%00%(upstream:remotename)%00%(upstream:remoteref) refs/heads/master refs/remotes/master [1ms]
2024-03-26 16:22:07.274 [info] > git status -z -uall [1ms]
2024-03-26 16:23:07.764 [info] > git config --get commit.template [5ms]
2024-03-26 16:23:07.764 [info] > git for-each-ref --format=%(refname)%00%(upstream:short)%00%(objectname)%00%(upstream:track)%00%(upstream:remotename)%00%(upstream:remoteref) refs/heads/master refs/remotes/master [0ms]
2024-03-26 16:23:07.769 [info] > git status -z -uall [1ms]
2024-03-26 16:23:12.785 [info] > git config --get commit.template [4ms]
2024-03-26 16:23:12.786 [info] > git for-each-ref --format=%(refname)%00%(upstream:short)%00%(objectname)%00%(upstream:track)%00%(upstream:remotename)%00%(upstream:remoteref) refs/heads/master refs/remotes/master [1ms]
2024-03-26 16:23:12.792 [info] > git status -z -uall [0ms]
2024-03-26 16:23:17.810 [info] > git config --get commit.template [8ms]
2024-03-26 16:23:17.810 [info] > git for-each-ref --format=%(refname)%00%(upstream:short)%00%(objectname)%00%(upstream:track)%00%(upstream:remotename)%00%(upstream:remoteref) refs/heads/master refs/remotes/master [1ms]
2024-03-26 16:23:17.817 [info] > git status -z -uall [1ms]
2024-03-26 16:23:42.821 [info] > git config --get commit.template [5ms]
2024-03-26 16:23:42.821 [info] > git for-each-ref --format=%(refname)%00%(upstream:short)%00%(objectname)%00%(upstream:track)%00%(upstream:remotename)%00%(upstream:remoteref) refs/heads/master refs/remotes/master [1ms]
2024-03-26 16:23:42.826 [info] > git status -z -uall [1ms]
2024-03-26 16:24:17.753 [info] > git config --get commit.template [6ms]
2024-03-26 16:24:17.754 [info] > git for-each-ref --format=%(refname)%00%(upstream:short)%00%(objectname)%00%(upstream:track)%00%(upstream:remotename)%00%(upstream:remoteref) refs/heads/master refs/remotes/master [1ms]
2024-03-26 16:24:17.759 [info] > git status -z -uall [1ms]
2024-03-26 16:25:05.243 [info] > git config --get commit.template [5ms]
2024-03-26 16:25:05.244 [info] > git for-each-ref --format=%(refname)%00%(upstream:short)%00%(objectname)%00%(upstream:track)%00%(upstream:remotename)%00%(upstream:remoteref) refs/heads/master refs/remotes/master [1ms]
2024-03-26 16:25:05.249 [info] > git status -z -uall [1ms]
2024-03-26 16:25:10.316 [info] > git config --get commit.template [5ms]
2024-03-26 16:25:10.317 [info] > git for-each-ref --format=%(refname)%00%(upstream:short)%00%(objectname)%00%(upstream:track)%00%(upstream:remotename)%00%(upstream:remoteref) refs/heads/master refs/remotes/master [1ms]
2024-03-26 16:25:10.324 [info] > git status -z -uall [2ms]
2024-03-26 16:25:43.209 [info] > git config --get commit.template [5ms]
2024-03-26 16:25:43.209 [info] > git for-each-ref --format=%(refname)%00%(upstream:short)%00%(objectname)%00%(upstream:track)%00%(upstream:remotename)%00%(upstream:remoteref) refs/heads/master refs/remotes/master [1ms]
2024-03-26 16:25:43.214 [info] > git status -z -uall [1ms]
2024-03-26 16:28:18.252 [info] > git config --get commit.template [5ms]
2024-03-26 16:28:18.253 [info] > git for-each-ref --format=%(refname)%00%(upstream:short)%00%(objectname)%00%(upstream:track)%00%(upstream:remotename)%00%(upstream:remoteref) refs/heads/master refs/remotes/master [1ms]
2024-03-26 16:28:18.259 [info] > git status -z -uall [1ms]
2024-03-26 16:34:12.429 [info] > git config --get commit.template [8ms]
2024-03-26 16:34:12.429 [info] > git for-each-ref --format=%(refname)%00%(upstream:short)%00%(objectname)%00%(upstream:track)%00%(upstream:remotename)%00%(upstream:remoteref) refs/heads/master refs/remotes/master [1ms]
2024-03-26 16:34:12.435 [info] > git status -z -uall [1ms]
2024-03-26 16:35:04.591 [info] > git config --get commit.template [5ms]
2024-03-26 16:35:04.592 [info] > git for-each-ref --format=%(refname)%00%(upstream:short)%00%(objectname)%00%(upstream:track)%00%(upstream:remotename)%00%(upstream:remoteref) refs/heads/master refs/remotes/master [1ms]
2024-03-26 16:35:04.598 [info] > git status -z -uall [1ms]
2024-03-26 16:36:36.452 [info] > git config --get commit.template [1ms]
2024-03-26 16:36:36.458 [info] > git for-each-ref --format=%(refname)%00%(upstream:short)%00%(objectname)%00%(upstream:track)%00%(upstream:remotename)%00%(upstream:remoteref) refs/heads/master refs/remotes/master [1ms]
2024-03-26 16:36:36.464 [info] > git status -z -uall [1ms]
2024-03-26 16:36:41.477 [info] > git config --get commit.template [6ms]
2024-03-26 16:36:41.477 [info] > git for-each-ref --format=%(refname)%00%(upstream:short)%00%(objectname)%00%(upstream:track)%00%(upstream:remotename)%00%(upstream:remoteref) refs/heads/master refs/remotes/master [0ms]
2024-03-26 16:36:41.483 [info] > git status -z -uall [1ms]
2024-03-26 16:36:55.250 [info] > git config --get commit.template [6ms]
2024-03-26 16:36:55.250 [info] > git for-each-ref --format=%(refname)%00%(upstream:short)%00%(objectname)%00%(upstream:track)%00%(upstream:remotename)%00%(upstream:remoteref) refs/heads/master refs/remotes/master [1ms]
2024-03-26 16:36:55.256 [info] > git status -z -uall [1ms]
2024-03-26 16:37:04.521 [info] > git config --get commit.template [5ms]
2024-03-26 16:37:04.522 [info] > git for-each-ref --format=%(refname)%00%(upstream:short)%00%(objectname)%00%(upstream:track)%00%(upstream:remotename)%00%(upstream:remoteref) refs/heads/master refs/remotes/master [1ms]
2024-03-26 16:37:04.528 [info] > git status -z -uall [1ms]
2024-03-26 16:37:31.197 [info] > git config --get commit.template [7ms]
2024-03-26 16:37:31.197 [info] > git for-each-ref --format=%(refname)%00%(upstream:short)%00%(objectname)%00%(upstream:track)%00%(upstream:remotename)%00%(upstream:remoteref) refs/heads/master refs/remotes/master [1ms]
2024-03-26 16:37:31.203 [info] > git status -z -uall [1ms]
2024-03-26 16:38:20.590 [info] > git config --get commit.template [5ms]
2024-03-26 16:38:20.590 [info] > git for-each-ref --format=%(refname)%00%(upstream:short)%00%(objectname)%00%(upstream:track)%00%(upstream:remotename)%00%(upstream:remoteref) refs/heads/master refs/remotes/master [0ms]
2024-03-26 16:38:20.596 [info] > git status -z -uall [1ms]
2024-03-26 16:38:27.700 [info] > git config --get commit.template [4ms]
2024-03-26 16:38:27.700 [info] > git for-each-ref --format=%(refname)%00%(upstream:short)%00%(objectname)%00%(upstream:track)%00%(upstream:remotename)%00%(upstream:remoteref) refs/heads/master refs/remotes/master [1ms]
2024-03-26 16:38:27.707 [info] > git status -z -uall [1ms]
2024-03-26 16:38:37.602 [info] > git config --get commit.template [5ms]
2024-03-26 16:38:37.602 [info] > git for-each-ref --format=%(refname)%00%(upstream:short)%00%(objectname)%00%(upstream:track)%00%(upstream:remotename)%00%(upstream:remoteref) refs/heads/master refs/remotes/master [1ms]
2024-03-26 16:38:37.607 [info] > git status -z -uall [1ms]
2024-03-26 16:38:47.013 [info] > git config --get commit.template [5ms]
2024-03-26 16:38:47.013 [info] > git for-each-ref --format=%(refname)%00%(upstream:short)%00%(objectname)%00%(upstream:track)%00%(upstream:remotename)%00%(upstream:remoteref) refs/heads/master refs/remotes/master [1ms]
2024-03-26 16:38:47.020 [info] > git status -z -uall [1ms]
2024-03-26 16:39:11.622 [info] > git config --get commit.template [5ms]
2024-03-26 16:39:11.623 [info] > git for-each-ref --format=%(refname)%00%(upstream:short)%00%(objectname)%00%(upstream:track)%00%(upstream:remotename)%00%(upstream:remoteref) refs/heads/master refs/remotes/master [1ms]
2024-03-26 16:39:11.629 [info] > git status -z -uall [1ms]
2024-03-26 16:39:16.644 [info] > git config --get commit.template [6ms]
2024-03-26 16:39:16.645 [info] > git for-each-ref --format=%(refname)%00%(upstream:short)%00%(objectname)%00%(upstream:track)%00%(upstream:remotename)%00%(upstream:remoteref) refs/heads/master refs/remotes/master [1ms]
2024-03-26 16:39:16.653 [info] > git status -z -uall [2ms]
2024-03-26 16:39:21.666 [info] > git config --get commit.template [5ms]
2024-03-26 16:39:21.667 [info] > git for-each-ref --format=%(refname)%00%(upstream:short)%00%(objectname)%00%(upstream:track)%00%(upstream:remotename)%00%(upstream:remoteref) refs/heads/master refs/remotes/master [1ms]
2024-03-26 16:39:21.673 [info] > git status -z -uall [1ms]
2024-03-26 16:39:34.544 [info] > git config --get commit.template [5ms]
2024-03-26 16:39:34.544 [info] > git for-each-ref --format=%(refname)%00%(upstream:short)%00%(objectname)%00%(upstream:track)%00%(upstream:remotename)%00%(upstream:remoteref) refs/heads/master refs/remotes/master [1ms]
2024-03-26 16:39:34.549 [info] > git status -z -uall [1ms]
2024-03-26 16:39:42.832 [info] > git config --get commit.template [6ms]
2024-03-26 16:39:42.833 [info] > git for-each-ref --format=%(refname)%00%(upstream:short)%00%(objectname)%00%(upstream:track)%00%(upstream:remotename)%00%(upstream:remoteref) refs/heads/master refs/remotes/master [2ms]
2024-03-26 16:39:42.839 [info] > git status -z -uall [1ms]
2024-03-26 16:39:47.852 [info] > git config --get commit.template [5ms]
2024-03-26 16:39:47.852 [info] > git for-each-ref --format=%(refname)%00%(upstream:short)%00%(objectname)%00%(upstream:track)%00%(upstream:remotename)%00%(upstream:remoteref) refs/heads/master refs/remotes/master [1ms]
2024-03-26 16:39:47.858 [info] > git status -z -uall [1ms]
2024-03-26 16:39:52.872 [info] > git config --get commit.template [5ms]
2024-03-26 16:39:52.872 [info] > git for-each-ref --format=%(refname)%00%(upstream:short)%00%(objectname)%00%(upstream:track)%00%(upstream:remotename)%00%(upstream:remoteref) refs/heads/master refs/remotes/master [0ms]
2024-03-26 16:39:52.880 [info] > git status -z -uall [1ms]
2024-03-26 16:40:12.036 [info] > git config --get commit.template [6ms]
2024-03-26 16:40:12.037 [info] > git for-each-ref --format=%(refname)%00%(upstream:short)%00%(objectname)%00%(upstream:track)%00%(upstream:remotename)%00%(upstream:remoteref) refs/heads/master refs/remotes/master [2ms]
2024-03-26 16:40:12.043 [info] > git status -z -uall [2ms]
2024-03-26 16:40:19.029 [info] > git config --get commit.template [1ms]
2024-03-26 16:40:19.035 [info] > git for-each-ref --format=%(refname)%00%(upstream:short)%00%(objectname)%00%(upstream:track)%00%(upstream:remotename)%00%(upstream:remoteref) refs/heads/master refs/remotes/master [1ms]
2024-03-26 16:40:19.040 [info] > git status -z -uall [0ms]
2024-03-26 16:40:30.489 [info] > git config --get commit.template [5ms]
2024-03-26 16:40:30.490 [info] > git for-each-ref --format=%(refname)%00%(upstream:short)%00%(objectname)%00%(upstream:track)%00%(upstream:remotename)%00%(upstream:remoteref) refs/heads/master refs/remotes/master [1ms]
2024-03-26 16:40:30.495 [info] > git status -z -uall [1ms]
2024-03-26 16:40:35.509 [info] > git config --get commit.template [5ms]
2024-03-26 16:40:35.509 [info] > git for-each-ref --format=%(refname)%00%(upstream:short)%00%(objectname)%00%(upstream:track)%00%(upstream:remotename)%00%(upstream:remoteref) refs/heads/master refs/remotes/master [1ms]
2024-03-26 16:40:35.516 [info] > git status -z -uall [2ms]
2024-03-26 16:41:08.109 [info] > git config --get commit.template [5ms]
2024-03-26 16:41:08.110 [info] > git for-each-ref --format=%(refname)%00%(upstream:short)%00%(objectname)%00%(upstream:track)%00%(upstream:remotename)%00%(upstream:remoteref) refs/heads/master refs/remotes/master [1ms]
2024-03-26 16:41:08.115 [info] > git status -z -uall [1ms]
2024-03-26 16:41:13.129 [info] > git config --get commit.template [5ms]
2024-03-26 16:41:13.129 [info] > git for-each-ref --format=%(refname)%00%(upstream:short)%00%(objectname)%00%(upstream:track)%00%(upstream:remotename)%00%(upstream:remoteref) refs/heads/master refs/remotes/master [1ms]
2024-03-26 16:41:13.135 [info] > git status -z -uall [1ms]
2024-03-26 16:41:37.797 [info] > git config --get commit.template [5ms]
2024-03-26 16:41:37.798 [info] > git for-each-ref --format=%(refname)%00%(upstream:short)%00%(objectname)%00%(upstream:track)%00%(upstream:remotename)%00%(upstream:remoteref) refs/heads/master refs/remotes/master [1ms]
2024-03-26 16:41:37.803 [info] > git status -z -uall [0ms]
2024-03-26 16:42:03.905 [info] > git config --get commit.template [1ms]
2024-03-26 16:42:03.911 [info] > git for-each-ref --format=%(refname)%00%(upstream:short)%00%(objectname)%00%(upstream:track)%00%(upstream:remotename)%00%(upstream:remoteref) refs/heads/master refs/remotes/master [0ms]
2024-03-26 16:42:03.916 [info] > git status -z -uall [1ms]
2024-03-26 16:42:09.681 [info] > git config --get commit.template [4ms]
2024-03-26 16:42:09.682 [info] > git for-each-ref --format=%(refname)%00%(upstream:short)%00%(objectname)%00%(upstream:track)%00%(upstream:remotename)%00%(upstream:remoteref) refs/heads/master refs/remotes/master [0ms]
2024-03-26 16:42:09.687 [info] > git status -z -uall [0ms]
2024-03-26 16:42:15.329 [info] > git config --get commit.template [4ms]
2024-03-26 16:42:15.329 [info] > git for-each-ref --format=%(refname)%00%(upstream:short)%00%(objectname)%00%(upstream:track)%00%(upstream:remotename)%00%(upstream:remoteref) refs/heads/master refs/remotes/master [1ms]
2024-03-26 16:42:15.334 [info] > git status -z -uall [1ms]
2024-03-26 16:42:42.649 [info] > git config --get commit.template [6ms]
2024-03-26 16:42:42.649 [info] > git for-each-ref --format=%(refname)%00%(upstream:short)%00%(objectname)%00%(upstream:track)%00%(upstream:remotename)%00%(upstream:remoteref) refs/heads/master refs/remotes/master [1ms]
2024-03-26 16:42:42.655 [info] > git status -z -uall [1ms]
2024-03-26 16:42:47.666 [info] > git config --get commit.template [4ms]
2024-03-26 16:42:47.667 [info] > git for-each-ref --format=%(refname)%00%(upstream:short)%00%(objectname)%00%(upstream:track)%00%(upstream:remotename)%00%(upstream:remoteref) refs/heads/master refs/remotes/master [1ms]
2024-03-26 16:42:47.672 [info] > git status -z -uall [1ms]
2024-03-26 16:42:52.689 [info] > git config --get commit.template [6ms]
2024-03-26 16:42:52.689 [info] > git for-each-ref --format=%(refname)%00%(upstream:short)%00%(objectname)%00%(upstream:track)%00%(upstream:remotename)%00%(upstream:remoteref) refs/heads/master refs/remotes/master [1ms]
2024-03-26 16:42:52.696 [info] > git status -z -uall [1ms]
2024-03-26 16:43:44.172 [info] > git config --get commit.template [5ms]
2024-03-26 16:43:44.172 [info] > git for-each-ref --format=%(refname)%00%(upstream:short)%00%(objectname)%00%(upstream:track)%00%(upstream:remotename)%00%(upstream:remoteref) refs/heads/master refs/remotes/master [0ms]
2024-03-26 16:43:44.180 [info] > git status -z -uall [2ms]
2024-03-26 16:44:09.017 [info] > git config --get commit.template [6ms]
2024-03-26 16:44:09.017 [info] > git for-each-ref --format=%(refname)%00%(upstream:short)%00%(objectname)%00%(upstream:track)%00%(upstream:remotename)%00%(upstream:remoteref) refs/heads/master refs/remotes/master [1ms]
2024-03-26 16:44:09.022 [info] > git status -z -uall [1ms]
2024-03-26 16:44:15.076 [info] > git config --get commit.template [6ms]
2024-03-26 16:44:15.076 [info] > git for-each-ref --format=%(refname)%00%(upstream:short)%00%(objectname)%00%(upstream:track)%00%(upstream:remotename)%00%(upstream:remoteref) refs/heads/master refs/remotes/master [1ms]
2024-03-26 16:44:15.083 [info] > git status -z -uall [1ms]
2024-03-26 16:44:31.050 [info] > git config --get commit.template [5ms]
2024-03-26 16:44:31.051 [info] > git for-each-ref --format=%(refname)%00%(upstream:short)%00%(objectname)%00%(upstream:track)%00%(upstream:remotename)%00%(upstream:remoteref) refs/heads/master refs/remotes/master [1ms]
2024-03-26 16:44:31.057 [info] > git status -z -uall [2ms]
2024-03-26 16:44:46.420 [info] > git config --get commit.template [5ms]
2024-03-26 16:44:46.421 [info] > git for-each-ref --format=%(refname)%00%(upstream:short)%00%(objectname)%00%(upstream:track)%00%(upstream:remotename)%00%(upstream:remoteref) refs/heads/master refs/remotes/master [1ms]
2024-03-26 16:44:46.425 [info] > git status -z -uall [1ms]
2024-03-26 16:44:51.440 [info] > git config --get commit.template [5ms]
2024-03-26 16:44:51.440 [info] > git for-each-ref --format=%(refname)%00%(upstream:short)%00%(objectname)%00%(upstream:track)%00%(upstream:remotename)%00%(upstream:remoteref) refs/heads/master refs/remotes/master [0ms]
2024-03-26 16:44:51.446 [info] > git status -z -uall [1ms]
2024-03-26 16:44:58.436 [info] > git config --get commit.template [5ms]
2024-03-26 16:44:58.436 [info] > git for-each-ref --format=%(refname)%00%(upstream:short)%00%(objectname)%00%(upstream:track)%00%(upstream:remotename)%00%(upstream:remoteref) refs/heads/master refs/remotes/master [1ms]
2024-03-26 16:44:58.442 [info] > git status -z -uall [1ms]
2024-03-26 16:47:33.965 [info] > git config --get commit.template [5ms]
2024-03-26 16:47:33.965 [info] > git for-each-ref --format=%(refname)%00%(upstream:short)%00%(objectname)%00%(upstream:track)%00%(upstream:remotename)%00%(upstream:remoteref) refs/heads/master refs/remotes/master [1ms]
2024-03-26 16:47:33.970 [info] > git status -z -uall [1ms]
2024-03-26 16:49:24.720 [info] > git config --get commit.template [7ms]
2024-03-26 16:49:24.720 [info] > git for-each-ref --format=%(refname)%00%(upstream:short)%00%(objectname)%00%(upstream:track)%00%(upstream:remotename)%00%(upstream:remoteref) refs/heads/master refs/remotes/master [1ms]
2024-03-26 16:49:24.735 [info] > git status -z -uall [1ms]
2024-03-26 16:49:42.547 [info] > git config --get commit.template [5ms]
2024-03-26 16:49:42.548 [info] > git for-each-ref --format=%(refname)%00%(upstream:short)%00%(objectname)%00%(upstream:track)%00%(upstream:remotename)%00%(upstream:remoteref) refs/heads/master refs/remotes/master [1ms]
2024-03-26 16:49:42.553 [info] > git status -z -uall [1ms]
2024-03-26 16:49:55.823 [info] > git config --get commit.template [7ms]
2024-03-26 16:49:55.823 [info] > git for-each-ref --format=%(refname)%00%(upstream:short)%00%(objectname)%00%(upstream:track)%00%(upstream:remotename)%00%(upstream:remoteref) refs/heads/master refs/remotes/master [1ms]
2024-03-26 16:49:55.829 [info] > git status -z -uall [1ms]
2024-03-26 17:26:58.841 [info] > git config --get commit.template [5ms]
2024-03-26 17:26:58.842 [info] > git for-each-ref --format=%(refname)%00%(upstream:short)%00%(objectname)%00%(upstream:track)%00%(upstream:remotename)%00%(upstream:remoteref) refs/heads/master refs/remotes/master [1ms]
2024-03-26 17:26:58.847 [info] > git status -z -uall [1ms]
2024-03-26 17:27:30.947 [info] > git config --get commit.template [7ms]
2024-03-26 17:27:30.947 [info] > git for-each-ref --format=%(refname)%00%(upstream:short)%00%(objectname)%00%(upstream:track)%00%(upstream:remotename)%00%(upstream:remoteref) refs/heads/master refs/remotes/master [1ms]
2024-03-26 17:27:30.954 [info] > git status -z -uall [2ms]
2024-03-26 17:29:02.476 [info] > git config --get commit.template [6ms]
2024-03-26 17:29:02.477 [info] > git for-each-ref --format=%(refname)%00%(upstream:short)%00%(objectname)%00%(upstream:track)%00%(upstream:remotename)%00%(upstream:remoteref) refs/heads/master refs/remotes/master [1ms]
2024-03-26 17:29:02.482 [info] > git status -z -uall [1ms]
2024-03-26 17:29:13.980 [info] > git config --get commit.template [6ms]
2024-03-26 17:29:13.980 [info] > git for-each-ref --format=%(refname)%00%(upstream:short)%00%(objectname)%00%(upstream:track)%00%(upstream:remotename)%00%(upstream:remoteref) refs/heads/master refs/remotes/master [0ms]
2024-03-26 17:29:13.987 [info] > git status -z -uall [1ms]
2024-03-26 17:30:45.343 [info] > git config --get commit.template [5ms]
2024-03-26 17:30:45.343 [info] > git for-each-ref --format=%(refname)%00%(upstream:short)%00%(objectname)%00%(upstream:track)%00%(upstream:remotename)%00%(upstream:remoteref) refs/heads/master refs/remotes/master [1ms]
2024-03-26 17:30:45.349 [info] > git status -z -uall [1ms]
2024-03-26 17:30:59.731 [info] > git config --get commit.template [6ms]
2024-03-26 17:30:59.731 [info] > git for-each-ref --format=%(refname)%00%(upstream:short)%00%(objectname)%00%(upstream:track)%00%(upstream:remotename)%00%(upstream:remoteref) refs/heads/master refs/remotes/master [1ms]
2024-03-26 17:30:59.737 [info] > git status -z -uall [1ms]
2024-03-26 17:31:14.452 [info] > git config --get commit.template [5ms]
2024-03-26 17:31:14.453 [info] > git for-each-ref --format=%(refname)%00%(upstream:short)%00%(objectname)%00%(upstream:track)%00%(upstream:remotename)%00%(upstream:remoteref) refs/heads/master refs/remotes/master [1ms]
2024-03-26 17:31:14.459 [info] > git status -z -uall [1ms]
2024-03-26 17:31:24.007 [info] > git config --get commit.template [6ms]
2024-03-26 17:31:24.007 [info] > git for-each-ref --format=%(refname)%00%(upstream:short)%00%(objectname)%00%(upstream:track)%00%(upstream:remotename)%00%(upstream:remoteref) refs/heads/master refs/remotes/master [0ms]
2024-03-26 17:31:24.013 [info] > git status -z -uall [1ms]
2024-03-26 17:31:30.646 [info] > git config --get commit.template [6ms]
2024-03-26 17:31:30.647 [info] > git for-each-ref --format=%(refname)%00%(upstream:short)%00%(objectname)%00%(upstream:track)%00%(upstream:remotename)%00%(upstream:remoteref) refs/heads/master refs/remotes/master [1ms]
2024-03-26 17:31:30.652 [info] > git status -z -uall [1ms]
2024-03-26 17:31:35.665 [info] > git config --get commit.template [5ms]
2024-03-26 17:31:35.666 [info] > git for-each-ref --format=%(refname)%00%(upstream:short)%00%(objectname)%00%(upstream:track)%00%(upstream:remotename)%00%(upstream:remoteref) refs/heads/master refs/remotes/master [1ms]
2024-03-26 17:31:35.673 [info] > git status -z -uall [2ms]
2024-03-26 17:31:45.787 [info] > git config --get commit.template [4ms]
2024-03-26 17:31:45.787 [info] > git for-each-ref --format=%(refname)%00%(upstream:short)%00%(objectname)%00%(upstream:track)%00%(upstream:remotename)%00%(upstream:remoteref) refs/heads/master refs/remotes/master [0ms]
2024-03-26 17:31:45.792 [info] > git status -z -uall [1ms]
2024-03-26 17:31:59.329 [info] > git config --get commit.template [5ms]
2024-03-26 17:31:59.329 [info] > git for-each-ref --format=%(refname)%00%(upstream:short)%00%(objectname)%00%(upstream:track)%00%(upstream:remotename)%00%(upstream:remoteref) refs/heads/master refs/remotes/master [1ms]
2024-03-26 17:31:59.336 [info] > git status -z -uall [1ms]
2024-03-26 17:32:15.637 [info] > git config --get commit.template [4ms]
2024-03-26 17:32:15.638 [info] > git for-each-ref --format=%(refname)%00%(upstream:short)%00%(objectname)%00%(upstream:track)%00%(upstream:remotename)%00%(upstream:remoteref) refs/heads/master refs/remotes/master [1ms]
2024-03-26 17:32:15.643 [info] > git status -z -uall [1ms]
2024-03-26 17:32:25.356 [info] > git config --get commit.template [4ms]
2024-03-26 17:32:25.356 [info] > git for-each-ref --format=%(refname)%00%(upstream:short)%00%(objectname)%00%(upstream:track)%00%(upstream:remotename)%00%(upstream:remoteref) refs/heads/master refs/remotes/master [1ms]
2024-03-26 17:32:25.363 [info] > git status -z -uall [2ms]
2024-03-26 17:33:41.331 [info] > git config --get commit.template [6ms]
2024-03-26 17:33:41.331 [info] > git for-each-ref --format=%(refname)%00%(upstream:short)%00%(objectname)%00%(upstream:track)%00%(upstream:remotename)%00%(upstream:remoteref) refs/heads/master refs/remotes/master [1ms]
2024-03-26 17:33:41.338 [info] > git status -z -uall [1ms]
2024-03-26 17:33:50.568 [info] > git rev-parse --show-toplevel [0ms]
2024-03-26 17:33:50.568 [info] fatal: not a git repository (or any of the parent directories): .git
2024-03-26 17:33:51.369 [info] > git rev-parse --show-toplevel [2ms]
2024-03-26 17:33:51.369 [info] fatal: not a git repository (or any of the parent directories): .git
2024-03-26 17:33:51.375 [info] > git rev-parse --show-toplevel [1ms]
2024-03-26 17:33:51.375 [info] fatal: not a git repository (or any of the parent directories): .git
2024-03-26 17:33:51.381 [info] > git rev-parse --show-toplevel [1ms]
2024-03-26 17:33:51.381 [info] fatal: not a git repository (or any of the parent directories): .git
2024-03-26 17:33:53.092 [info] > git rev-parse --show-toplevel [1ms]
2024-03-26 17:33:53.092 [info] fatal: not a git repository (or any of the parent directories): .git
2024-03-26 17:33:53.098 [info] > git rev-parse --show-toplevel [1ms]
2024-03-26 17:33:53.098 [info] fatal: not a git repository (or any of the parent directories): .git
2024-03-26 17:33:53.107 [info] > git rev-parse --show-toplevel [1ms]
2024-03-26 17:33:53.107 [info] fatal: not a git repository (or any of the parent directories): .git
2024-03-26 17:33:53.117 [info] > git rev-parse --show-toplevel [1ms]
2024-03-26 17:33:53.117 [info] fatal: not a git repository (or any of the parent directories): .git
2024-03-26 17:33:53.125 [info] > git rev-parse --show-toplevel [0ms]
2024-03-26 17:33:53.125 [info] fatal: not a git repository (or any of the parent directories): .git
2024-03-26 17:33:53.614 [info] > git rev-parse --show-toplevel [2ms]
2024-03-26 17:33:53.614 [info] fatal: not a git repository (or any of the parent directories): .git
2024-03-26 17:33:53.620 [info] > git rev-parse --show-toplevel [1ms]
2024-03-26 17:33:53.620 [info] fatal: not a git repository (or any of the parent directories): .git
2024-03-26 17:33:53.627 [info] > git rev-parse --show-toplevel [1ms]
2024-03-26 17:33:53.627 [info] fatal: not a git repository (or any of the parent directories): .git
2024-03-26 17:33:53.633 [info] > git rev-parse --show-toplevel [1ms]
2024-03-26 17:33:53.633 [info] fatal: not a git repository (or any of the parent directories): .git
2024-03-26 17:33:53.639 [info] > git rev-parse --show-toplevel [1ms]
2024-03-26 17:33:53.639 [info] fatal: not a git repository (or any of the parent directories): .git
2024-03-26 17:33:55.119 [info] > git rev-parse --show-toplevel [1ms]
2024-03-26 17:33:55.119 [info] fatal: not a git repository (or any of the parent directories): .git
2024-03-26 17:33:55.134 [info] > git rev-parse --show-toplevel [1ms]
2024-03-26 17:33:55.134 [info] fatal: not a git repository (or any of the parent directories): .git
2024-03-26 17:33:55.529 [info] > git rev-parse --show-toplevel [1ms]
2024-03-26 17:33:55.529 [info] fatal: not a git repository (or any of the parent directories): .git
2024-03-26 17:33:56.429 [info] > git show --textconv :src/main.rs [6ms]
2024-03-26 17:33:56.430 [info] > git ls-files --stage -- /home/cj/rust-project/src/main.rs [1ms]
2024-03-26 17:33:56.436 [info] > git cat-file -s ac611def4b1a99b961e1aa8fcabef4741e9577cc [1ms]
2024-03-26 17:33:59.165 [info] > git config --get commit.template [5ms]
2024-03-26 17:33:59.166 [info] > git for-each-ref --format=%(refname)%00%(upstream:short)%00%(objectname)%00%(upstream:track)%00%(upstream:remotename)%00%(upstream:remoteref) refs/heads/master refs/remotes/master [1ms]
2024-03-26 17:33:59.172 [info] > git status -z -uall [1ms]
2024-03-26 17:34:15.198 [info] > git config --get commit.template [6ms]
2024-03-26 17:34:15.198 [info] > git for-each-ref --format=%(refname)%00%(upstream:short)%00%(objectname)%00%(upstream:track)%00%(upstream:remotename)%00%(upstream:remoteref) refs/heads/master refs/remotes/master [1ms]
2024-03-26 17:34:15.204 [info] > git status -z -uall [1ms]
2024-03-26 17:34:29.339 [info] > git config --get commit.template [5ms]
2024-03-26 17:34:29.339 [info] > git for-each-ref --format=%(refname)%00%(upstream:short)%00%(objectname)%00%(upstream:track)%00%(upstream:remotename)%00%(upstream:remoteref) refs/heads/master refs/remotes/master [1ms]
2024-03-26 17:34:29.346 [info] > git status -z -uall [1ms]
2024-03-26 17:34:34.363 [info] > git config --get commit.template [6ms]
2024-03-26 17:34:34.363 [info] > git for-each-ref --format=%(refname)%00%(upstream:short)%00%(objectname)%00%(upstream:track)%00%(upstream:remotename)%00%(upstream:remoteref) refs/heads/master refs/remotes/master [1ms]
2024-03-26 17:34:34.369 [info] > git status -z -uall [1ms]
2024-03-26 17:34:49.492 [info] > git config --get commit.template [5ms]
2024-03-26 17:34:49.493 [info] > git for-each-ref --format=%(refname)%00%(upstream:short)%00%(objectname)%00%(upstream:track)%00%(upstream:remotename)%00%(upstream:remoteref) refs/heads/master refs/remotes/master [0ms]
2024-03-26 17:34:49.498 [info] > git status -z -uall [1ms]
2024-03-26 17:35:04.549 [info] > git config --get commit.template [1ms]
2024-03-26 17:35:04.555 [info] > git for-each-ref --format=%(refname)%00%(upstream:short)%00%(objectname)%00%(upstream:track)%00%(upstream:remotename)%00%(upstream:remoteref) refs/heads/master refs/remotes/master [1ms]
2024-03-26 17:35:04.561 [info] > git status -z -uall [1ms]
2024-03-26 17:35:25.642 [info] > git config --get commit.template [1ms]
2024-03-26 17:35:25.647 [info] > git for-each-ref --format=%(refname)%00%(upstream:short)%00%(objectname)%00%(upstream:track)%00%(upstream:remotename)%00%(upstream:remoteref) refs/heads/master refs/remotes/master [1ms]
2024-03-26 17:35:25.652 [info] > git status -z -uall [1ms]
2024-03-26 17:35:37.123 [info] > git config --get commit.template [6ms]
2024-03-26 17:35:37.123 [info] > git for-each-ref --format=%(refname)%00%(upstream:short)%00%(objectname)%00%(upstream:track)%00%(upstream:remotename)%00%(upstream:remoteref) refs/heads/master refs/remotes/master [1ms]
2024-03-26 17:35:37.129 [info] > git status -z -uall [1ms]
2024-03-26 17:35:43.315 [info] > git config --get commit.template [6ms]
2024-03-26 17:35:43.315 [info] > git for-each-ref --format=%(refname)%00%(upstream:short)%00%(objectname)%00%(upstream:track)%00%(upstream:remotename)%00%(upstream:remoteref) refs/heads/master refs/remotes/master [1ms]
2024-03-26 17:35:43.321 [info] > git status -z -uall [1ms]
2024-03-26 17:35:51.250 [info] > git config --get commit.template [6ms]
2024-03-26 17:35:51.250 [info] > git for-each-ref --format=%(refname)%00%(upstream:short)%00%(objectname)%00%(upstream:track)%00%(upstream:remotename)%00%(upstream:remoteref) refs/heads/master refs/remotes/master [1ms]
2024-03-26 17:35:51.256 [info] > git status -z -uall [1ms]
2024-03-26 17:35:56.272 [info] > git config --get commit.template [6ms]
2024-03-26 17:35:56.273 [info] > git for-each-ref --format=%(refname)%00%(upstream:short)%00%(objectname)%00%(upstream:track)%00%(upstream:remotename)%00%(upstream:remoteref) refs/heads/master refs/remotes/master [2ms]
2024-03-26 17:35:56.279 [info] > git status -z -uall [1ms]
2024-03-26 17:36:05.566 [info] > git config --get commit.template [6ms]
2024-03-26 17:36:05.567 [info] > git for-each-ref --format=%(refname)%00%(upstream:short)%00%(objectname)%00%(upstream:track)%00%(upstream:remotename)%00%(upstream:remoteref) refs/heads/master refs/remotes/master [1ms]
2024-03-26 17:36:05.573 [info] > git status -z -uall [1ms]
2024-03-26 17:36:34.249 [info] > git config --get commit.template [6ms]
2024-03-26 17:36:34.250 [info] > git for-each-ref --format=%(refname)%00%(upstream:short)%00%(objectname)%00%(upstream:track)%00%(upstream:remotename)%00%(upstream:remoteref) refs/heads/master refs/remotes/master [1ms]
2024-03-26 17:36:34.256 [info] > git status -z -uall [0ms]
2024-03-26 17:36:39.271 [info] > git config --get commit.template [5ms]
2024-03-26 17:36:39.271 [info] > git for-each-ref --format=%(refname)%00%(upstream:short)%00%(objectname)%00%(upstream:track)%00%(upstream:remotename)%00%(upstream:remoteref) refs/heads/master refs/remotes/master [1ms]
2024-03-26 17:36:39.276 [info] > git status -z -uall [1ms]
2024-03-26 17:36:53.395 [info] > git config --get commit.template [1ms]
2024-03-26 17:36:53.401 [info] > git for-each-ref --format=%(refname)%00%(upstream:short)%00%(objectname)%00%(upstream:track)%00%(upstream:remotename)%00%(upstream:remoteref) refs/heads/master refs/remotes/master [1ms]
2024-03-26 17:36:53.407 [info] > git status -z -uall [1ms]
2024-03-26 17:37:01.885 [info] > git config --get commit.template [5ms]
2024-03-26 17:37:01.886 [info] > git for-each-ref --format=%(refname)%00%(upstream:short)%00%(objectname)%00%(upstream:track)%00%(upstream:remotename)%00%(upstream:remoteref) refs/heads/master refs/remotes/master [1ms]
2024-03-26 17:37:01.891 [info] > git status -z -uall [1ms]
2024-03-26 17:37:10.880 [info] > git config --get commit.template [6ms]
2024-03-26 17:37:10.881 [info] > git for-each-ref --format=%(refname)%00%(upstream:short)%00%(objectname)%00%(upstream:track)%00%(upstream:remotename)%00%(upstream:remoteref) refs/heads/master refs/remotes/master [1ms]
2024-03-26 17:37:10.887 [info] > git status -z -uall [1ms]
2024-03-26 17:44:05.572 [info] > git config --get commit.template [5ms]
2024-03-26 17:44:05.572 [info] > git for-each-ref --format=%(refname)%00%(upstream:short)%00%(objectname)%00%(upstream:track)%00%(upstream:remotename)%00%(upstream:remoteref) refs/heads/master refs/remotes/master [0ms]
2024-03-26 17:44:05.579 [info] > git status -z -uall [1ms]
2024-03-26 17:44:10.593 [info] > git config --get commit.template [5ms]
2024-03-26 17:44:10.593 [info] > git for-each-ref --format=%(refname)%00%(upstream:short)%00%(objectname)%00%(upstream:track)%00%(upstream:remotename)%00%(upstream:remoteref) refs/heads/master refs/remotes/master [0ms]
2024-03-26 17:44:10.599 [info] > git status -z -uall [1ms]
2024-03-26 17:44:41.887 [info] > git config --get commit.template [5ms]
2024-03-26 17:44:41.888 [info] > git for-each-ref --format=%(refname)%00%(upstream:short)%00%(objectname)%00%(upstream:track)%00%(upstream:remotename)%00%(upstream:remoteref) refs/heads/master refs/remotes/master [1ms]
2024-03-26 17:44:41.893 [info] > git status -z -uall [1ms]
2024-03-26 17:44:46.911 [info] > git config --get commit.template [8ms]
2024-03-26 17:44:46.911 [info] > git for-each-ref --format=%(refname)%00%(upstream:short)%00%(objectname)%00%(upstream:track)%00%(upstream:remotename)%00%(upstream:remoteref) refs/heads/master refs/remotes/master [0ms]
2024-03-26 17:44:46.920 [info] > git status -z -uall [1ms]
2024-03-26 17:47:14.886 [info] > git config --get commit.template [6ms]
2024-03-26 17:47:14.886 [info] > git for-each-ref --format=%(refname)%00%(upstream:short)%00%(objectname)%00%(upstream:track)%00%(upstream:remotename)%00%(upstream:remoteref) refs/heads/master refs/remotes/master [1ms]
2024-03-26 17:47:14.893 [info] > git status -z -uall [1ms]
2024-03-26 20:00:35.901 [info] > git config --get commit.template [6ms]
2024-03-26 20:00:35.902 [info] > git for-each-ref --format=%(refname)%00%(upstream:short)%00%(objectname)%00%(upstream:track)%00%(upstream:remotename)%00%(upstream:remoteref) refs/heads/master refs/remotes/master [1ms]
2024-03-26 20:00:35.909 [info] > git status -z -uall [1ms]
2024-03-26 20:00:35.916 [info] > git ls-files --stage -- /home/cj/rust-project/src/main.rs [1ms]
2024-03-26 20:00:35.922 [info] > git cat-file -s ac611def4b1a99b961e1aa8fcabef4741e9577cc [1ms]
2024-03-26 20:00:35.929 [info] > git show --textconv :src/main.rs [0ms]
2024-03-26 20:00:40.925 [info] > git config --get commit.template [5ms]
2024-03-26 20:00:40.926 [info] > git for-each-ref --format=%(refname)%00%(upstream:short)%00%(objectname)%00%(upstream:track)%00%(upstream:remotename)%00%(upstream:remoteref) refs/heads/master refs/remotes/master [1ms]
2024-03-26 20:00:40.931 [info] > git status -z -uall [0ms]
2024-03-26 20:01:07.863 [info] > git config --get commit.template [5ms]
2024-03-26 20:01:07.863 [info] > git for-each-ref --format=%(refname)%00%(upstream:short)%00%(objectname)%00%(upstream:track)%00%(upstream:remotename)%00%(upstream:remoteref) refs/heads/master refs/remotes/master [1ms]
2024-03-26 20:01:07.869 [info] > git status -z -uall [1ms]
2024-03-26 20:01:31.738 [info] > git config --get commit.template [6ms]
2024-03-26 20:01:31.739 [info] > git for-each-ref --format=%(refname)%00%(upstream:short)%00%(objectname)%00%(upstream:track)%00%(upstream:remotename)%00%(upstream:remoteref) refs/heads/master refs/remotes/master [1ms]
2024-03-26 20:01:31.745 [info] > git status -z -uall [1ms]
2024-03-26 20:02:22.400 [info] > git config --get commit.template [5ms]
2024-03-26 20:02:22.400 [info] > git for-each-ref --format=%(refname)%00%(upstream:short)%00%(objectname)%00%(upstream:track)%00%(upstream:remotename)%00%(upstream:remoteref) refs/heads/master refs/remotes/master [0ms]
2024-03-26 20:02:22.406 [info] > git status -z -uall [1ms]
2024-03-26 20:03:49.946 [info] > git config --get commit.template [5ms]
2024-03-26 20:03:49.947 [info] > git for-each-ref --format=%(refname)%00%(upstream:short)%00%(objectname)%00%(upstream:track)%00%(upstream:remotename)%00%(upstream:remoteref) refs/heads/master refs/remotes/master [1ms]
2024-03-26 20:03:49.952 [info] > git status -z -uall [1ms]
2024-03-26 20:04:22.188 [info] > git config --get commit.template [5ms]
2024-03-26 20:04:22.189 [info] > git for-each-ref --format=%(refname)%00%(upstream:short)%00%(objectname)%00%(upstream:track)%00%(upstream:remotename)%00%(upstream:remoteref) refs/heads/master refs/remotes/master [1ms]
2024-03-26 20:04:22.195 [info] > git status -z -uall [1ms]
2024-03-26 20:04:35.759 [info] > git config --get commit.template [1ms]
2024-03-26 20:04:35.765 [info] > git for-each-ref --format=%(refname)%00%(upstream:short)%00%(objectname)%00%(upstream:track)%00%(upstream:remotename)%00%(upstream:remoteref) refs/heads/master refs/remotes/master [1ms]
2024-03-26 20:04:35.771 [info] > git status -z -uall [1ms]
2024-03-26 20:06:11.012 [info] > git config --get commit.template [5ms]
2024-03-26 20:06:11.013 [info] > git for-each-ref --format=%(refname)%00%(upstream:short)%00%(objectname)%00%(upstream:track)%00%(upstream:remotename)%00%(upstream:remoteref) refs/heads/master refs/remotes/master [1ms]
2024-03-26 20:06:11.019 [info] > git status -z -uall [1ms]
2024-03-26 20:07:26.671 [info] > git config --get commit.template [5ms]
2024-03-26 20:07:26.671 [info] > git for-each-ref --format=%(refname)%00%(upstream:short)%00%(objectname)%00%(upstream:track)%00%(upstream:remotename)%00%(upstream:remoteref) refs/heads/master refs/remotes/master [1ms]
2024-03-26 20:07:26.676 [info] > git status -z -uall [1ms]
2024-03-26 20:07:41.240 [info] > git config --get commit.template [7ms]
2024-03-26 20:07:41.240 [info] > git for-each-ref --format=%(refname)%00%(upstream:short)%00%(objectname)%00%(upstream:track)%00%(upstream:remotename)%00%(upstream:remoteref) refs/heads/master refs/remotes/master [1ms]
2024-03-26 20:07:41.247 [info] > git status -z -uall [1ms]
2024-03-26 20:07:53.655 [info] > git config --get commit.template [6ms]
2024-03-26 20:07:53.656 [info] > git for-each-ref --format=%(refname)%00%(upstream:short)%00%(objectname)%00%(upstream:track)%00%(upstream:remotename)%00%(upstream:remoteref) refs/heads/master refs/remotes/master [2ms]
2024-03-26 20:07:53.662 [info] > git status -z -uall [1ms]
2024-03-26 20:08:00.918 [info] > git config --get commit.template [5ms]
2024-03-26 20:08:00.919 [info] > git for-each-ref --format=%(refname)%00%(upstream:short)%00%(objectname)%00%(upstream:track)%00%(upstream:remotename)%00%(upstream:remoteref) refs/heads/master refs/remotes/master [1ms]
2024-03-26 20:08:00.925 [info] > git status -z -uall [1ms]
2024-03-26 20:08:42.221 [info] > git config --get commit.template [1ms]
2024-03-26 20:08:42.226 [info] > git for-each-ref --format=%(refname)%00%(upstream:short)%00%(objectname)%00%(upstream:track)%00%(upstream:remotename)%00%(upstream:remoteref) refs/heads/master refs/remotes/master [1ms]
2024-03-26 20:08:42.232 [info] > git status -z -uall [1ms]
2024-03-26 20:08:58.171 [info] > git config --get commit.template [6ms]
2024-03-26 20:08:58.171 [info] > git for-each-ref --format=%(refname)%00%(upstream:short)%00%(objectname)%00%(upstream:track)%00%(upstream:remotename)%00%(upstream:remoteref) refs/heads/master refs/remotes/master [1ms]
2024-03-26 20:08:58.177 [info] > git status -z -uall [1ms]
2024-03-26 20:11:06.892 [info] > git config --get commit.template [5ms]
2024-03-26 20:11:06.892 [info] > git for-each-ref --format=%(refname)%00%(upstream:short)%00%(objectname)%00%(upstream:track)%00%(upstream:remotename)%00%(upstream:remoteref) refs/heads/master refs/remotes/master [1ms]
2024-03-26 20:11:06.899 [info] > git status -z -uall [2ms]
2024-03-26 20:11:18.256 [info] > git config --get commit.template [5ms]
2024-03-26 20:11:18.257 [info] > git for-each-ref --format=%(refname)%00%(upstream:short)%00%(objectname)%00%(upstream:track)%00%(upstream:remotename)%00%(upstream:remoteref) refs/heads/master refs/remotes/master [1ms]
2024-03-26 20:11:18.262 [info] > git status -z -uall [1ms]
2024-03-26 20:11:23.275 [info] > git config --get commit.template [5ms]
2024-03-26 20:11:23.275 [info] > git for-each-ref --format=%(refname)%00%(upstream:short)%00%(objectname)%00%(upstream:track)%00%(upstream:remotename)%00%(upstream:remoteref) refs/heads/master refs/remotes/master [0ms]
2024-03-26 20:11:23.281 [info] > git status -z -uall [1ms]
2024-03-26 20:11:28.291 [info] > git config --get commit.template [1ms]
2024-03-26 20:11:28.297 [info] > git for-each-ref --format=%(refname)%00%(upstream:short)%00%(objectname)%00%(upstream:track)%00%(upstream:remotename)%00%(upstream:remoteref) refs/heads/master refs/remotes/master [1ms]
2024-03-26 20:11:28.303 [info] > git status -z -uall [1ms]
2024-03-26 20:11:37.622 [info] > git config --get commit.template [6ms]
2024-03-26 20:11:37.622 [info] > git for-each-ref --format=%(refname)%00%(upstream:short)%00%(objectname)%00%(upstream:track)%00%(upstream:remotename)%00%(upstream:remoteref) refs/heads/master refs/remotes/master [1ms]
2024-03-26 20:11:37.628 [info] > git status -z -uall [1ms]
2024-03-26 20:11:56.160 [info] > git config --get commit.template [5ms]
2024-03-26 20:11:56.161 [info] > git for-each-ref --format=%(refname)%00%(upstream:short)%00%(objectname)%00%(upstream:track)%00%(upstream:remotename)%00%(upstream:remoteref) refs/heads/master refs/remotes/master [1ms]
2024-03-26 20:11:56.166 [info] > git status -z -uall [1ms]
2024-03-26 20:12:05.956 [info] > git config --get commit.template [7ms]
2024-03-26 20:12:05.956 [info] > git for-each-ref --format=%(refname)%00%(upstream:short)%00%(objectname)%00%(upstream:track)%00%(upstream:remotename)%00%(upstream:remoteref) refs/heads/master refs/remotes/master [1ms]
2024-03-26 20:12:05.962 [info] > git status -z -uall [1ms]
2024-03-26 20:12:10.975 [info] > git config --get commit.template [5ms]
2024-03-26 20:12:10.976 [info] > git for-each-ref --format=%(refname)%00%(upstream:short)%00%(objectname)%00%(upstream:track)%00%(upstream:remotename)%00%(upstream:remoteref) refs/heads/master refs/remotes/master [1ms]
2024-03-26 20:12:10.981 [info] > git status -z -uall [1ms]
2024-03-26 20:12:16.074 [info] > git config --get commit.template [5ms]
2024-03-26 20:12:16.075 [info] > git for-each-ref --format=%(refname)%00%(upstream:short)%00%(objectname)%00%(upstream:track)%00%(upstream:remotename)%00%(upstream:remoteref) refs/heads/master refs/remotes/master [0ms]
2024-03-26 20:12:16.080 [info] > git status -z -uall [1ms]
2024-03-26 20:12:25.042 [info] > git config --get commit.template [7ms]
2024-03-26 20:12:25.042 [info] > git for-each-ref --format=%(refname)%00%(upstream:short)%00%(objectname)%00%(upstream:track)%00%(upstream:remotename)%00%(upstream:remoteref) refs/heads/master refs/remotes/master [1ms]
2024-03-26 20:12:25.049 [info] > git status -z -uall [1ms]
2024-03-26 20:12:30.066 [info] > git config --get commit.template [6ms]
2024-03-26 20:12:30.066 [info] > git for-each-ref --format=%(refname)%00%(upstream:short)%00%(objectname)%00%(upstream:track)%00%(upstream:remotename)%00%(upstream:remoteref) refs/heads/master refs/remotes/master [1ms]
2024-03-26 20:12:30.072 [info] > git status -z -uall [1ms]
2024-03-26 20:12:39.060 [info] > git config --get commit.template [6ms]
2024-03-26 20:12:39.060 [info] > git for-each-ref --format=%(refname)%00%(upstream:short)%00%(objectname)%00%(upstream:track)%00%(upstream:remotename)%00%(upstream:remoteref) refs/heads/master refs/remotes/master [1ms]
2024-03-26 20:12:39.065 [info] > git status -z -uall [1ms]
2024-03-26 20:12:51.508 [info] > git for-each-ref --format=%(refname)%00%(upstream:short)%00%(objectname)%00%(upstream:track)%00%(upstream:remotename)%00%(upstream:remoteref) refs/heads/master refs/remotes/master [1ms]
2024-03-26 20:12:51.508 [info] > git config --get commit.template [6ms]
2024-03-26 20:12:51.513 [info] > git status -z -uall [1ms]
2024-03-26 20:12:59.793 [info] > git config --get commit.template [6ms]
2024-03-26 20:12:59.793 [info] > git for-each-ref --format=%(refname)%00%(upstream:short)%00%(objectname)%00%(upstream:track)%00%(upstream:remotename)%00%(upstream:remoteref) refs/heads/master refs/remotes/master [1ms]
2024-03-26 20:12:59.799 [info] > git status -z -uall [1ms]
2024-03-26 20:13:06.007 [info] > git config --get commit.template [1ms]
2024-03-26 20:13:06.013 [info] > git for-each-ref --format=%(refname)%00%(upstream:short)%00%(objectname)%00%(upstream:track)%00%(upstream:remotename)%00%(upstream:remoteref) refs/heads/master refs/remotes/master [1ms]
2024-03-26 20:13:06.019 [info] > git status -z -uall [0ms]
2024-03-26 20:13:18.021 [info] > git config --get commit.template [6ms]
2024-03-26 20:13:18.021 [info] > git for-each-ref --format=%(refname)%00%(upstream:short)%00%(objectname)%00%(upstream:track)%00%(upstream:remotename)%00%(upstream:remoteref) refs/heads/master refs/remotes/master [1ms]
2024-03-26 20:13:18.027 [info] > git status -z -uall [1ms]
2024-03-26 20:13:23.512 [info] > git config --get commit.template [6ms]
2024-03-26 20:13:23.513 [info] > git for-each-ref --format=%(refname)%00%(upstream:short)%00%(objectname)%00%(upstream:track)%00%(upstream:remotename)%00%(upstream:remoteref) refs/heads/master refs/remotes/master [1ms]
2024-03-26 20:13:23.520 [info] > git status -z -uall [1ms]
2024-03-26 20:13:48.833 [info] > git config --get commit.template [6ms]
2024-03-26 20:13:48.833 [info] > git for-each-ref --format=%(refname)%00%(upstream:short)%00%(objectname)%00%(upstream:track)%00%(upstream:remotename)%00%(upstream:remoteref) refs/heads/master refs/remotes/master [1ms]
2024-03-26 20:13:48.839 [info] > git status -z -uall [1ms]
2024-03-26 20:13:55.774 [info] > git config --get commit.template [5ms]
2024-03-26 20:13:55.775 [info] > git for-each-ref --format=%(refname)%00%(upstream:short)%00%(objectname)%00%(upstream:track)%00%(upstream:remotename)%00%(upstream:remoteref) refs/heads/master refs/remotes/master [1ms]
2024-03-26 20:13:55.780 [info] > git status -z -uall [1ms]
2024-03-26 20:14:02.106 [info] > git config --get commit.template [1ms]
2024-03-26 20:14:02.113 [info] > git for-each-ref --format=%(refname)%00%(upstream:short)%00%(objectname)%00%(upstream:track)%00%(upstream:remotename)%00%(upstream:remoteref) refs/heads/master refs/remotes/master [1ms]
2024-03-26 20:14:02.118 [info] > git status -z -uall [1ms]
2024-03-26 20:14:57.378 [info] > git config --get commit.template [5ms]
2024-03-26 20:14:57.378 [info] > git for-each-ref --format=%(refname)%00%(upstream:short)%00%(objectname)%00%(upstream:track)%00%(upstream:remotename)%00%(upstream:remoteref) refs/heads/master refs/remotes/master [0ms]
2024-03-26 20:14:57.385 [info] > git status -z -uall [1ms]
2024-03-26 20:15:04.903 [info] > git config --get commit.template [36ms]
2024-03-26 20:15:04.904 [info] > git for-each-ref --format=%(refname)%00%(upstream:short)%00%(objectname)%00%(upstream:track)%00%(upstream:remotename)%00%(upstream:remoteref) refs/heads/master refs/remotes/master [30ms]
2024-03-26 20:15:04.909 [info] > git status -z -uall [1ms]
2024-03-26 20:15:19.441 [info] > git config --get commit.template [5ms]
2024-03-26 20:15:19.442 [info] > git for-each-ref --format=%(refname)%00%(upstream:short)%00%(objectname)%00%(upstream:track)%00%(upstream:remotename)%00%(upstream:remoteref) refs/heads/master refs/remotes/master [1ms]
2024-03-26 20:15:19.447 [info] > git status -z -uall [1ms]
2024-03-26 20:15:27.256 [info] > git config --get commit.template [6ms]
2024-03-26 20:15:27.256 [info] > git for-each-ref --format=%(refname)%00%(upstream:short)%00%(objectname)%00%(upstream:track)%00%(upstream:remotename)%00%(upstream:remoteref) refs/heads/master refs/remotes/master [0ms]
2024-03-26 20:15:27.261 [info] > git status -z -uall [1ms]
2024-03-26 20:15:58.871 [info] > git config --get commit.template [5ms]
2024-03-26 20:15:58.871 [info] > git for-each-ref --format=%(refname)%00%(upstream:short)%00%(objectname)%00%(upstream:track)%00%(upstream:remotename)%00%(upstream:remoteref) refs/heads/master refs/remotes/master [0ms]
2024-03-26 20:15:58.879 [info] > git status -z -uall [2ms]
2024-03-26 20:16:48.392 [info] > git config --get commit.template [6ms]
2024-03-26 20:16:48.393 [info] > git for-each-ref --format=%(refname)%00%(upstream:short)%00%(objectname)%00%(upstream:track)%00%(upstream:remotename)%00%(upstream:remoteref) refs/heads/master refs/remotes/master [1ms]
2024-03-26 20:16:48.398 [info] > git status -z -uall [0ms]
2024-03-26 20:17:02.761 [info] > git config --get commit.template [5ms]
2024-03-26 20:17:02.761 [info] > git for-each-ref --format=%(refname)%00%(upstream:short)%00%(objectname)%00%(upstream:track)%00%(upstream:remotename)%00%(upstream:remoteref) refs/heads/master refs/remotes/master [0ms]
2024-03-26 20:17:02.769 [info] > git status -z -uall [2ms]
2024-03-26 20:17:27.580 [info] > git config --get commit.template [6ms]
2024-03-26 20:17:27.581 [info] > git for-each-ref --format=%(refname)%00%(upstream:short)%00%(objectname)%00%(upstream:track)%00%(upstream:remotename)%00%(upstream:remoteref) refs/heads/master refs/remotes/master [1ms]
2024-03-26 20:17:27.587 [info] > git status -z -uall [1ms]
2024-03-26 20:17:45.163 [info] > git config --get commit.template [5ms]
2024-03-26 20:17:45.163 [info] > git for-each-ref --format=%(refname)%00%(upstream:short)%00%(objectname)%00%(upstream:track)%00%(upstream:remotename)%00%(upstream:remoteref) refs/heads/master refs/remotes/master [0ms]
2024-03-26 20:17:45.170 [info] > git status -z -uall [1ms]
2024-03-26 20:18:04.697 [info] > git config --get commit.template [5ms]
2024-03-26 20:18:04.698 [info] > git for-each-ref --format=%(refname)%00%(upstream:short)%00%(objectname)%00%(upstream:track)%00%(upstream:remotename)%00%(upstream:remoteref) refs/heads/master refs/remotes/master [1ms]
2024-03-26 20:18:04.704 [info] > git status -z -uall [1ms]
2024-03-26 20:18:23.792 [info] > git config --get commit.template [6ms]
2024-03-26 20:18:23.793 [info] > git for-each-ref --format=%(refname)%00%(upstream:short)%00%(objectname)%00%(upstream:track)%00%(upstream:remotename)%00%(upstream:remoteref) refs/heads/master refs/remotes/master [1ms]
2024-03-26 20:18:23.798 [info] > git status -z -uall [1ms]
2024-03-26 20:18:34.954 [info] > git config --get commit.template [5ms]
2024-03-26 20:18:34.954 [info] > git for-each-ref --format=%(refname)%00%(upstream:short)%00%(objectname)%00%(upstream:track)%00%(upstream:remotename)%00%(upstream:remoteref) refs/heads/master refs/remotes/master [1ms]
2024-03-26 20:18:34.960 [info] > git status -z -uall [1ms]
2024-03-26 20:55:20.128 [info] > git show --textconv :src/main.rs [6ms]
2024-03-26 20:55:20.129 [info] > git ls-files --stage -- /home/cj/rust-project/src/main.rs [1ms]
2024-03-26 20:55:20.134 [info] > git cat-file -s ac611def4b1a99b961e1aa8fcabef4741e9577cc [1ms]
2024-03-26 20:55:35.909 [info] > git config --get commit.template [6ms]
2024-03-26 20:55:35.909 [info] > git for-each-ref --format=%(refname)%00%(upstream:short)%00%(objectname)%00%(upstream:track)%00%(upstream:remotename)%00%(upstream:remoteref) refs/heads/master refs/remotes/master [0ms]
2024-03-26 20:55:35.916 [info] > git status -z -uall [1ms]
2024-03-26 20:55:40.931 [info] > git config --get commit.template [5ms]
2024-03-26 20:55:40.931 [info] > git for-each-ref --format=%(refname)%00%(upstream:short)%00%(objectname)%00%(upstream:track)%00%(upstream:remotename)%00%(upstream:remoteref) refs/heads/master refs/remotes/master [1ms]
2024-03-26 20:55:40.937 [info] > git status -z -uall [1ms]
2024-03-26 20:55:48.087 [info] > git config --get commit.template [4ms]
2024-03-26 20:55:48.087 [info] > git for-each-ref --format=%(refname)%00%(upstream:short)%00%(objectname)%00%(upstream:track)%00%(upstream:remotename)%00%(upstream:remoteref) refs/heads/master refs/remotes/master [1ms]
2024-03-26 20:55:48.092 [info] > git status -z -uall [1ms]
2024-03-26 20:56:01.865 [info] > git config --get commit.template [5ms]
2024-03-26 20:56:01.865 [info] > git for-each-ref --format=%(refname)%00%(upstream:short)%00%(objectname)%00%(upstream:track)%00%(upstream:remotename)%00%(upstream:remoteref) refs/heads/master refs/remotes/master [0ms]
2024-03-26 20:56:01.870 [info] > git status -z -uall [1ms]
2024-03-26 20:57:03.688 [info] > git config --get commit.template [5ms]
2024-03-26 20:57:03.688 [info] > git for-each-ref --format=%(refname)%00%(upstream:short)%00%(objectname)%00%(upstream:track)%00%(upstream:remotename)%00%(upstream:remoteref) refs/heads/master refs/remotes/master [1ms]
2024-03-26 20:57:03.701 [info] > git status -z -uall [1ms]
